mkdir -p build/.
echo Impl/Bundle.i.dfy build-tests/test-suite.i.dfy > build/roots
tools/veridepend.py Impl/Bundle.i.dfy build-tests/test-suite.i.dfy
mkdir -p build/lib/Lang/.
mkdir -p build/lib/Base/.
mkdir -p build/lib/Lang/System/.
mkdir -p build/MapSpec/.
mkdir -p build/lib/Checksums/.
mkdir -p build/ByteBlockCacheSystem/.
mkdir -p build/Impl/.
mkdir -p build/Betree/.
mkdir -p build/lib/Buckets/.
mkdir -p build/PivotBetree/.
mkdir -p build/lib/DataStructures/.
mkdir -p build/lib/Math/.
mkdir -p build/lib/Marshalling/.
touch build/lib/Base/MathAxioms.s.dummydep
mkdir -p build/BlockCacheSystem/.
mkdir -p build/Versions/.
touch build/lib/Checksums/CRC32PowDef.i.dummydep
touch build/lib/Base/NativeBenchmarking.s.dummydep
( /usr/bin/time .dafny/dafny//Binaries/Dafny /noNLarith /compile:0 /timeLimit:20 lib/Lang/NativeTypes.s.dfy ) 2>&1 | tee build/lib/Lang/NativeTypes.s.verchk-tmp
( /usr/bin/time .dafny/dafny//Binaries/Dafny /noNLarith /compile:0 /timeLimit:20 lib/Base/Option.s.dfy ) 2>&1 | tee build/lib/Base/Option.s.verchk-tmp
( /usr/bin/time .dafny/dafny//Binaries/Dafny /noNLarith /compile:0 /timeLimit:20 lib/Base/MapRemove.s.dfy ) 2>&1 | tee build/lib/Base/MapRemove.s.verchk-tmp
( /usr/bin/time .dafny/dafny//Binaries/Dafny /noNLarith /compile:0 /timeLimit:20 lib/Base/Sets.i.dfy ) 2>&1 | tee build/lib/Base/Sets.i.verchk-tmp
( /usr/bin/time .dafny/dafny//Binaries/Dafny /noNLarith /compile:0 /timeLimit:20 lib/Base/mathematics.i.dfy ) 2>&1 | tee build/lib/Base/mathematics.i.verchk-tmp
( /usr/bin/time .dafny/dafny//Binaries/Dafny /noNLarith /compile:0 /timeLimit:20 lib/Lang/LinearMaybe.s.dfy ) 2>&1 | tee build/lib/Lang/LinearMaybe.s.verchk-tmp
( /usr/bin/time .dafny/dafny//Binaries/Dafny /noNLarith /compile:0 /timeLimit:20 lib/Lang/LinearBox.s.dfy ) 2>&1 | tee build/lib/Lang/LinearBox.s.verchk-tmp
( /usr/bin/time .dafny/dafny//Binaries/Dafny /noNLarith /compile:0 /timeLimit:20 lib/Lang/Inout.i.dfy ) 2>&1 | tee build/lib/Lang/Inout.i.verchk-tmp
( /usr/bin/time .dafny/dafny//Binaries/Dafny /noNLarith /compile:0 /timeLimit:20 lib/Base/SetBijectivity.i.dfy ) 2>&1 | tee build/lib/Base/SetBijectivity.i.verchk-tmp
( /usr/bin/time .dafny/dafny//Binaries/Dafny /noNLarith /compile:0 /timeLimit:20 lib/Math/bases.i.dfy ) 2>&1 | tee build/lib/Math/bases.i.verchk-tmp
( /usr/bin/time .dafny/dafny//Binaries/Dafny /noNLarith /compile:0 /timeLimit:20 lib/Marshalling/Maps.i.dfy ) 2>&1 | tee build/lib/Marshalling/Maps.i.verchk-tmp
( /usr/bin/time .dafny/dafny//Binaries/Dafny /noNLarith /compile:0 /timeLimit:20 lib/Marshalling/Math.i.dfy ) 2>&1 | tee build/lib/Marshalling/Math.i.verchk-tmp
( /usr/bin/time .dafny/dafny//Binaries/Dafny /noNLarith /compile:0 /timeLimit:20 lib/Base/MathAxioms.s.dfy ) 2>&1 | tee build/lib/Base/MathAxioms.s.verchk-tmp
( /usr/bin/time .dafny/dafny//Binaries/Dafny /noNLarith /compile:0 /timeLimit:20 BlockCacheSystem/AsyncSectorDiskModelTypes.i.dfy ) 2>&1 | tee build/BlockCacheSystem/AsyncSectorDiskModelTypes.i.verchk-tmp
( /usr/bin/time .dafny/dafny//Binaries/Dafny /noNLarith /compile:0 /timeLimit:20 lib/Checksums/CRC32PowDef.i.dfy ) 2>&1 | tee build/lib/Checksums/CRC32PowDef.i.verchk-tmp
( /usr/bin/time .dafny/dafny//Binaries/Dafny /noNLarith /compile:0 /timeLimit:20 lib/Base/NativeBenchmarking.s.dfy ) 2>&1 | tee build/lib/Base/NativeBenchmarking.s.verchk-tmp

Dafny program verifier finished with 0 verified, 0 errors
0.98user 0.05system 0:01.11elapsed 92%CPU (0avgtext+0avgdata 76036maxresident)k
0inputs+0outputs (0major+11092minor)pagefaults 0swaps
mv build/BlockCacheSystem/AsyncSectorDiskModelTypes.i.verchk-tmp build/BlockCacheSystem/AsyncSectorDiskModelTypes.i.verchk
touch build/lib/Lang/NativeTypes.s.dummydep
touch build/lib/Base/Option.s.dummydep
touch build/lib/Lang/System/SeqComparison.s.dummydep
touch build/lib/Base/KeyType.s.dummydep
touch build/lib/Base/MapRemove.s.dummydep
touch build/lib/Lang/System/Bits.s.dummydep
touch build/lib/Base/Sets.i.dummydep
touch build/lib/Base/Maps.i.dummydep
touch build/lib/Base/mathematics.i.dummydep
touch build/lib/Lang/LinearMaybe.s.dummydep
touch build/lib/Lang/System/NativeArrays.s.dummydep
touch build/PivotBetree/Bounds.i.dummydep
touch build/lib/Base/LinearOption.i.dummydep
touch build/lib/Lang/LinearBox.s.dummydep
touch build/lib/Lang/Inout.i.dummydep
touch build/lib/Lang/System/Arithmetic.s.dummydep

Dafny program verifier finished with 0 verified, 0 errors
touch build/lib/Base/SetBijectivity.i.dummydep
touch build/lib/Math/bases.i.dummydep
1.05user 0.06system 0:01.16elapsed 96%CPU (0avgtext+0avgdata 76740maxresident)k
0inputs+0outputs (0major+11319minor)pagefaults 0swaps
mv build/lib/Math/bases.i.verchk-tmp build/lib/Math/bases.i.verchk
touch build/lib/Marshalling/Maps.i.dummydep
touch build/lib/Marshalling/Seqs.i.dummydep
touch build/lib/Marshalling/Math.i.dummydep
touch build/lib/Lang/System/PackedInts.s.dummydep
touch build/lib/Base/BitsetLemmas.i.dummydep
touch build/BlockCacheSystem/DiskLayout.i.dummydep
touch build/BlockCacheSystem/AsyncSectorDiskModelTypes.i.dummydep
touch build/lib/Base/PackedIntsLib.i.dummydep
( /usr/bin/time .dafny/dafny//Binaries/Dafny /noNLarith /compile:0 /timeLimit:20 lib/Base/DebugAccumulator.i.dfy ) 2>&1 | tee build/lib/Base/DebugAccumulator.i.verchk-tmp
( /usr/bin/time .dafny/dafny//Binaries/Dafny /noNLarith /compile:0 /timeLimit:20 lib/Lang/System/SeqComparison.s.dfy ) 2>&1 | tee build/lib/Lang/System/SeqComparison.s.verchk-tmp

Dafny program verifier finished with 0 verified, 0 errors
1.05user 0.06system 0:01.16elapsed 95%CPU (0avgtext+0avgdata 76420maxresident)k
0inputs+0outputs (0major+11204minor)pagefaults 0swaps
mv build/lib/Base/NativeBenchmarking.s.verchk-tmp build/lib/Base/NativeBenchmarking.s.verchk
( /usr/bin/time .dafny/dafny//Binaries/Dafny /noNLarith /compile:0 /timeLimit:20 MapSpec/UI.s.dfy ) 2>&1 | tee build/MapSpec/UI.s.verchk-tmp

Dafny program verifier finished with 1 verified, 0 errors
1.91user 0.07system 0:02.04elapsed 97%CPU (0avgtext+0avgdata 89176maxresident)k
0inputs+0outputs (0major+16209minor)pagefaults 0swaps
mv build/lib/Base/MathAxioms.s.verchk-tmp build/lib/Base/MathAxioms.s.verchk
( /usr/bin/time .dafny/dafny//Binaries/Dafny /noNLarith /compile:0 /timeLimit:20 lib/Base/KeyType.s.dfy ) 2>&1 | tee build/lib/Base/KeyType.s.verchk-tmp

Dafny program verifier finished with 1 verified, 0 errors
2.00user 0.10system 0:02.15elapsed 97%CPU (0avgtext+0avgdata 89080maxresident)k
0inputs+0outputs (0major+15793minor)pagefaults 0swaps
mv build/lib/Lang/Inout.i.verchk-tmp build/lib/Lang/Inout.i.verchk
( /usr/bin/time .dafny/dafny//Binaries/Dafny /noNLarith /compile:0 /timeLimit:20 lib/Lang/System/F2_X.s.dfy ) 2>&1 | tee build/lib/Lang/System/F2_X.s.verchk-tmp
/root/verichecks-worker/worker-dir/clones/586b964477c74401e3481d6b8cfefe8bbf126678/lib/Base/mathematics.i.dfy(33,2): Error: A postcondition might not hold on this return path.
/root/verichecks-worker/worker-dir/clones/586b964477c74401e3481d6b8cfefe8bbf126678/lib/Base/mathematics.i.dfy(32,14): Related location: This is the postcondition that might not hold.
Execution trace:
    (0,0): anon0

Dafny program verifier finished with 2 verified, 0 errors

Dafny program verifier finished with 1 verified, 0 errors
2.15user 0.09system 0:02.32elapsed 96%CPU (0avgtext+0avgdata 91840maxresident)k
0inputs+0outputs (0major+16890minor)pagefaults 0swaps
mv build/lib/Base/Option.s.verchk-tmp build/lib/Base/Option.s.verchk
2.22user 0.06system 0:02.32elapsed 99%CPU (0avgtext+0avgdata 90140maxresident)k
0inputs+0outputs (0major+16696minor)pagefaults 0swaps
mv build/lib/Base/MapRemove.s.verchk-tmp build/lib/Base/MapRemove.s.verchk
( /usr/bin/time .dafny/dafny//Binaries/Dafny /noNLarith /compile:0 /timeLimit:20 lib/Lang/System/Bits.s.dfy ) 2>&1 | tee build/lib/Lang/System/Bits.s.verchk-tmp
( /usr/bin/time .dafny/dafny//Binaries/Dafny /noNLarith /compile:0 /timeLimit:20 lib/Base/Maps.i.dfy ) 2>&1 | tee build/lib/Base/Maps.i.verchk-tmp
/root/verichecks-worker/worker-dir/clones/586b964477c74401e3481d6b8cfefe8bbf126678/lib/Base/mathematics.i.dfy(40,2): Error: A postcondition might not hold on this return path.
/root/verichecks-worker/worker-dir/clones/586b964477c74401e3481d6b8cfefe8bbf126678/lib/Base/mathematics.i.dfy(39,28): Related location: This is the postcondition that might not hold.
Execution trace:
    (0,0): anon0
    /root/verichecks-worker/worker-dir/clones/586b964477c74401e3481d6b8cfefe8bbf126678/lib/Base/mathematics.i.dfy(42,5): anon5_Else

Dafny program verifier finished with 0 verified, 0 errors
1.30user 0.06system 0:01.43elapsed 95%CPU (0avgtext+0avgdata 78736maxresident)k
0inputs+0outputs (0major+11967minor)pagefaults 0swaps
mv build/MapSpec/UI.s.verchk-tmp build/MapSpec/UI.s.verchk
( /usr/bin/time .dafny/dafny//Binaries/Dafny /noNLarith /compile:0 /timeLimit:20 lib/Base/sequences.i.dfy ) 2>&1 | tee build/lib/Base/sequences.i.verchk-tmp

Dafny program verifier finished with 1 verified, 0 errors
2.60user 0.11system 0:02.64elapsed 102%CPU (0avgtext+0avgdata 101920maxresident)k
0inputs+0outputs (0major+20899minor)pagefaults 0swaps
mv build/lib/Checksums/CRC32PowDef.i.verchk-tmp build/lib/Checksums/CRC32PowDef.i.verchk
( /usr/bin/time .dafny/dafny//Binaries/Dafny /noNLarith /compile:0 /timeLimit:20 lib/Lang/LinearSequence.s.dfy ) 2>&1 | tee build/lib/Lang/LinearSequence.s.verchk-tmp
/root/verichecks-worker/worker-dir/clones/586b964477c74401e3481d6b8cfefe8bbf126678/lib/Base/mathematics.i.dfy(51,2): Error: A postcondition might not hold on this return path.
/root/verichecks-worker/worker-dir/clones/586b964477c74401e3481d6b8cfefe8bbf126678/lib/Base/mathematics.i.dfy(50,18): Related location: This is the postcondition that might not hold.
Execution trace:
    (0,0): anon0

Dafny program verifier finished with 1 verified, 3 errors
Command exited with non-zero status 4
2.50user 0.12system 0:02.70elapsed 97%CPU (0avgtext+0avgdata 93124maxresident)k
0inputs+0outputs (0major+17170minor)pagefaults 0swaps
mv build/lib/Base/mathematics.i.verchk-tmp build/lib/Base/mathematics.i.verchk
( /usr/bin/time .dafny/dafny//Binaries/Dafny /noNLarith /compile:0 /timeLimit:20 lib/Lang/System/NativeArrays.s.dfy ) 2>&1 | tee build/lib/Lang/System/NativeArrays.s.verchk-tmp

Dafny program verifier finished with 5 verified, 0 errors
2.77user 0.08system 0:02.83elapsed 100%CPU (0avgtext+0avgdata 93324maxresident)k
0inputs+0outputs (0major+17632minor)pagefaults 0swaps
mv build/lib/Base/Sets.i.verchk-tmp build/lib/Base/Sets.i.verchk
( /usr/bin/time .dafny/dafny//Binaries/Dafny /noNLarith /compile:0 /timeLimit:20 PivotBetree/Bounds.i.dfy ) 2>&1 | tee build/PivotBetree/Bounds.i.verchk-tmp

Dafny program verifier finished with 6 verified, 0 errors
2.84user 0.09system 0:02.95elapsed 99%CPU (0avgtext+0avgdata 96080maxresident)k
0inputs+0outputs (0major+18572minor)pagefaults 0swaps
mv build/lib/Lang/LinearMaybe.s.verchk-tmp build/lib/Lang/LinearMaybe.s.verchk
( /usr/bin/time .dafny/dafny//Binaries/Dafny /noNLarith /compile:0 /timeLimit:20 lib/Base/LinearOption.i.dfy ) 2>&1 | tee build/lib/Base/LinearOption.i.verchk-tmp
/root/verichecks-worker/worker-dir/clones/586b964477c74401e3481d6b8cfefe8bbf126678/lib/Marshalling/Math.i.dfy(34,11): Error: A postcondition might not hold on this return path.
/root/verichecks-worker/worker-dir/clones/586b964477c74401e3481d6b8cfefe8bbf126678/lib/Marshalling/Math.i.dfy(30,30): Related location: This is the postcondition that might not hold.
Execution trace:
    (0,0): anon0
    (0,0): anon3_Else

Dafny program verifier finished with 2 verified, 0 errors
/root/verichecks-worker/worker-dir/clones/586b964477c74401e3481d6b8cfefe8bbf126678/lib/Marshalling/Math.i.dfy(80,2): Error: A postcondition might not hold on this return path.
/root/verichecks-worker/worker-dir/clones/586b964477c74401e3481d6b8cfefe8bbf126678/lib/Marshalling/Math.i.dfy(79,12): Related location: This is the postcondition that might not hold.
Execution trace:
    (0,0): anon0
2.21user 0.10system 0:02.40elapsed 96%CPU (0avgtext+0avgdata 94432maxresident)k
0inputs+0outputs (0major+17713minor)pagefaults 0swaps
mv build/lib/Lang/System/SeqComparison.s.verchk-tmp build/lib/Lang/System/SeqComparison.s.verchk
( /usr/bin/time .dafny/dafny//Binaries/Dafny /noNLarith /compile:0 /timeLimit:20 lib/Lang/LinearBox.i.dfy ) 2>&1 | tee build/lib/Lang/LinearBox.i.verchk-tmp
/root/verichecks-worker/worker-dir/clones/586b964477c74401e3481d6b8cfefe8bbf126678/lib/Marshalling/Math.i.dfy(91,8): Error: assertion violation
Execution trace:
    (0,0): anon0
    /root/verichecks-worker/worker-dir/clones/586b964477c74401e3481d6b8cfefe8bbf126678/lib/Marshalling/Math.i.dfy(92,9): anon11_Else
    (0,0): anon2
/root/verichecks-worker/worker-dir/clones/586b964477c74401e3481d6b8cfefe8bbf126678/lib/Marshalling/Math.i.dfy(92,8): Error: assertion violation
Execution trace:
    (0,0): anon0
    (0,0): anon11_Then
    (0,0): anon2
/root/verichecks-worker/worker-dir/clones/586b964477c74401e3481d6b8cfefe8bbf126678/lib/Marshalling/Math.i.dfy(95,8): Error: assertion violation
Execution trace:
    (0,0): anon0
    (0,0): anon11_Then
    (0,0): anon2
/root/verichecks-worker/worker-dir/clones/586b964477c74401e3481d6b8cfefe8bbf126678/lib/Marshalling/Math.i.dfy(104,14): Error: assertion violation
Execution trace:
    (0,0): anon0
    (0,0): anon11_Then
    (0,0): anon2
    (0,0): anon12_Then
    (0,0): anon4
    (0,0): anon13_Then
    (0,0): anon6
    (0,0): anon14_Then
    (0,0): anon8
    /root/verichecks-worker/worker-dir/clones/586b964477c74401e3481d6b8cfefe8bbf126678/lib/Marshalling/Math.i.dfy(104,51): anon15_Else
    (0,0): anon10
/root/verichecks-worker/worker-dir/clones/586b964477c74401e3481d6b8cfefe8bbf126678/lib/Marshalling/Math.i.dfy(104,50): Error: assertion violation
Execution trace:
    (0,0): anon0
    (0,0): anon11_Then
    (0,0): anon2
    (0,0): anon12_Then
    (0,0): anon4
    (0,0): anon13_Then
    (0,0): anon6
    (0,0): anon14_Then
    (0,0): anon8
    (0,0): anon15_Then
    (0,0): anon10

Dafny program verifier finished with 10 verified, 0 errors
3.85user 0.13system 0:03.88elapsed 102%CPU (0avgtext+0avgdata 100468maxresident)k
0inputs+0outputs (0major+20017minor)pagefaults 0swaps
mv build/lib/Marshalling/Maps.i.verchk-tmp build/lib/Marshalling/Maps.i.verchk
tools/aggregate-verchk.py verchk build/lib/Lang/Inout.i.verchk tools/aggregate-verchk.py 2>&1 | tee build/lib/Lang/Inout.i.verified-tmp; test ${PIPESTATUS[0]} -eq 0
['build/lib/Lang/Inout.i.verchk']
1 verified successfully build/lib/Lang/Inout.i.verchk
mv build/lib/Lang/Inout.i.verified-tmp build/lib/Lang/Inout.i.verified
( /usr/bin/time .dafny/dafny//Binaries/Dafny /noNLarith /compile:0 /timeLimit:20 lib/Lang/System/Arithmetic.s.dfy ) 2>&1 | tee build/lib/Lang/System/Arithmetic.s.verchk-tmp

Dafny program verifier finished with 16 verified, 0 errors
/root/verichecks-worker/worker-dir/clones/586b964477c74401e3481d6b8cfefe8bbf126678/lib/Marshalling/Math.i.dfy(114,22): Error: A postcondition might not hold on this return path.
/root/verichecks-worker/worker-dir/clones/586b964477c74401e3481d6b8cfefe8bbf126678/lib/Marshalling/Math.i.dfy(110,24): Related location: This is the postcondition that might not hold.
Execution trace:
    (0,0): anon0
    (0,0): anon5_Else
    (0,0): anon6_Then
4.02user 0.17system 0:04.11elapsed 101%CPU (0avgtext+0avgdata 99652maxresident)k
0inputs+0outputs (0major+19386minor)pagefaults 0swaps
mv build/lib/Lang/NativeTypes.s.verchk-tmp build/lib/Lang/NativeTypes.s.verchk
tools/aggregate-verchk.py verchk build/lib/Math/bases.i.verchk tools/aggregate-verchk.py 2>&1 | tee build/lib/Math/bases.i.verified-tmp; test ${PIPESTATUS[0]} -eq 0
['build/lib/Math/bases.i.verchk']
1 verified successfully build/lib/Math/bases.i.verchk
/root/verichecks-worker/worker-dir/clones/586b964477c74401e3481d6b8cfefe8bbf126678/lib/Base/SetBijectivity.i.dfy(52,10): Error: assertion violation
Execution trace:
    (0,0): anon0
    (0,0): anon31_Else
    (0,0): anon32_Then
    (0,0): anon4
    (0,0): anon33_Then
    (0,0): anon34_Then
    (0,0): anon35_Then
    (0,0): anon9
    (0,0): anon36_Then
    (0,0): anon37_Then
    (0,0): anon38_Then
    (0,0): anon14
    /root/verichecks-worker/worker-dir/clones/586b964477c74401e3481d6b8cfefe8bbf126678/lib/Base/SetBijectivity.i.dfy(32,7): anon39_Else
    (0,0): anon44_Then
    (0,0): anon45_Then
    (0,0): anon46_Then
    (0,0): anon30
mv build/lib/Math/bases.i.verified-tmp build/lib/Math/bases.i.verified
tools/aggregate-verchk.py verchk build/lib/Marshalling/Maps.i.verchk tools/aggregate-verchk.py 2>&1 | tee build/lib/Marshalling/Maps.i.verified-tmp; test ${PIPESTATUS[0]} -eq 0

Dafny program verifier finished with 1 verified, 1 error
Command exited with non-zero status 4
4.03user 0.11system 0:04.18elapsed 98%CPU (0avgtext+0avgdata 93100maxresident)k
0inputs+0outputs (0major+25449minor)pagefaults 0swaps
mv build/lib/Base/SetBijectivity.i.verchk-tmp build/lib/Base/SetBijectivity.i.verchk
( /usr/bin/time .dafny/dafny//Binaries/Dafny /noNLarith /compile:0 /timeLimit:20 lib/Marshalling/Seqs.i.dfy ) 2>&1 | tee build/lib/Marshalling/Seqs.i.verchk-tmp
['build/lib/Marshalling/Maps.i.verchk']
1 verified successfully build/lib/Marshalling/Maps.i.verchk
mv build/lib/Marshalling/Maps.i.verified-tmp build/lib/Marshalling/Maps.i.verified
( /usr/bin/time .dafny/dafny//Binaries/Dafny /noNLarith /compile:0 /timeLimit:20 lib/Marshalling/Util.i.dfy ) 2>&1 | tee build/lib/Marshalling/Util.i.verchk-tmp

Dafny program verifier finished with 5 verified, 0 errors
2.89user 0.10system 0:03.12elapsed 96%CPU (0avgtext+0avgdata 98216maxresident)k
0inputs+0outputs (0major+18718minor)pagefaults 0swaps
mv build/lib/Base/DebugAccumulator.i.verchk-tmp build/lib/Base/DebugAccumulator.i.verchk
( /usr/bin/time .dafny/dafny//Binaries/Dafny /noNLarith /compile:0 /timeLimit:20 lib/Lang/System/PackedInts.s.dfy ) 2>&1 | tee build/lib/Lang/System/PackedInts.s.verchk-tmp
/root/verichecks-worker/worker-dir/clones/586b964477c74401e3481d6b8cfefe8bbf126678/lib/Marshalling/Math.i.dfy(129,16): Error: A postcondition might not hold on this return path.
/root/verichecks-worker/worker-dir/clones/586b964477c74401e3481d6b8cfefe8bbf126678/lib/Marshalling/Math.i.dfy(126,26): Related location: This is the postcondition that might not hold.
Execution trace:
    (0,0): anon0
    (0,0): anon5_Then

Dafny program verifier finished with 11 verified, 0 errors
4.20user 0.22system 0:04.40elapsed 100%CPU (0avgtext+0avgdata 106852maxresident)k
0inputs+0outputs (0major+24362minor)pagefaults 0swaps
mv build/lib/Lang/LinearBox.s.verchk-tmp build/lib/Lang/LinearBox.s.verchk
( /usr/bin/time .dafny/dafny//Binaries/Dafny /noNLarith /compile:0 /timeLimit:20 lib/DataStructures/BitmapModel.i.dfy ) 2>&1 | tee build/lib/DataStructures/BitmapModel.i.verchk-tmp
/root/verichecks-worker/worker-dir/clones/586b964477c74401e3481d6b8cfefe8bbf126678/lib/Marshalling/Math.i.dfy(150,19): Error: assertion violation
Execution trace:
    (0,0): anon0
/root/verichecks-worker/worker-dir/clones/586b964477c74401e3481d6b8cfefe8bbf126678/lib/Marshalling/Math.i.dfy(164,22): Error: A postcondition might not hold on this return path.
/root/verichecks-worker/worker-dir/clones/586b964477c74401e3481d6b8cfefe8bbf126678/lib/Marshalling/Math.i.dfy(161,24): Related location: This is the postcondition that might not hold.
Execution trace:
    (0,0): anon0
    (0,0): anon3_Then
/root/verichecks-worker/worker-dir/clones/586b964477c74401e3481d6b8cfefe8bbf126678/lib/Marshalling/Math.i.dfy(166,47): Error: decreases expression (component 1) must be bounded below by 0
/root/verichecks-worker/worker-dir/clones/586b964477c74401e3481d6b8cfefe8bbf126678/lib/Marshalling/Math.i.dfy(157,57): Related location
Execution trace:
    (0,0): anon0
    (0,0): anon3_Else
/root/verichecks-worker/worker-dir/clones/586b964477c74401e3481d6b8cfefe8bbf126678/lib/Marshalling/Math.i.dfy(166,47): Error: A precondition for this call might not hold.
/root/verichecks-worker/worker-dir/clones/586b964477c74401e3481d6b8cfefe8bbf126678/lib/Marshalling/Math.i.dfy(158,17): Related location: This is the precondition that might not hold.
Execution trace:
    (0,0): anon0
    (0,0): anon3_Else
/root/verichecks-worker/worker-dir/clones/586b964477c74401e3481d6b8cfefe8bbf126678/lib/Marshalling/Math.i.dfy(166,47): Error: A precondition for this call might not hold.
/root/verichecks-worker/worker-dir/clones/586b964477c74401e3481d6b8cfefe8bbf126678/lib/Marshalling/Math.i.dfy(159,17): Related location: This is the precondition that might not hold.
Execution trace:
    (0,0): anon0
    (0,0): anon3_Else
/root/verichecks-worker/worker-dir/clones/586b964477c74401e3481d6b8cfefe8bbf126678/PivotBetree/Bounds.i.dfy(22,4): Error: result of operation might violate newtype constraint for 'uint64'
Execution trace:
    (0,0): anon0
    (0,0): anon4_Else

Dafny program verifier finished with 8 verified, 0 errors

Dafny program verifier finished with 8 verified, 0 errors
3.48user 0.09system 0:03.61elapsed 99%CPU (0avgtext+0avgdata 108140maxresident)k
0inputs+0outputs (0major+23558minor)pagefaults 0swaps
mv build/lib/Base/KeyType.s.verchk-tmp build/lib/Base/KeyType.s.verchk
3.29user 0.11system 0:03.35elapsed 101%CPU (0avgtext+0avgdata 101796maxresident)k
0inputs+0outputs (0major+20092minor)pagefaults 0swaps
mv build/lib/Lang/System/Bits.s.verchk-tmp build/lib/Lang/System/Bits.s.verchk
( /usr/bin/time .dafny/dafny//Binaries/Dafny /noNLarith /compile:0 /timeLimit:20 lib/Base/BitsetLemmas.i.dfy ) 2>&1 | tee build/lib/Base/BitsetLemmas.i.verchk-tmp
tools/aggregate-verchk.py verchk build/lib/Base/MathAxioms.s.verchk tools/aggregate-verchk.py 2>&1 | tee build/lib/Base/MathAxioms.s.verified-tmp; test ${PIPESTATUS[0]} -eq 0
/root/verichecks-worker/worker-dir/clones/586b964477c74401e3481d6b8cfefe8bbf126678/PivotBetree/Bounds.i.dfy(31,2): Error: A postcondition might not hold on this return path.
/root/verichecks-worker/worker-dir/clones/586b964477c74401e3481d6b8cfefe8bbf126678/PivotBetree/Bounds.i.dfy(30,6): Related location: This is the postcondition that might not hold.
Execution trace:
    (0,0): anon0
/root/verichecks-worker/worker-dir/clones/586b964477c74401e3481d6b8cfefe8bbf126678/lib/Marshalling/Math.i.dfy(192,21): Error: assertion violation
Execution trace:
    (0,0): anon0
    (0,0): anon10_Then
/root/verichecks-worker/worker-dir/clones/586b964477c74401e3481d6b8cfefe8bbf126678/lib/Marshalling/Math.i.dfy(193,17): Error: assertion violation
Execution trace:
    (0,0): anon0
    (0,0): anon10_Then
/root/verichecks-worker/worker-dir/clones/586b964477c74401e3481d6b8cfefe8bbf126678/lib/Marshalling/Math.i.dfy(194,21): Error: assertion violation
Execution trace:
    (0,0): anon0
    (0,0): anon10_Then
/root/verichecks-worker/worker-dir/clones/586b964477c74401e3481d6b8cfefe8bbf126678/lib/Marshalling/Math.i.dfy(208,31): Error: cannot prove termination; try supplying a decreases clause
Execution trace:
    (0,0): anon0
    (0,0): anon10_Else
    (0,0): anon15_Then
/root/verichecks-worker/worker-dir/clones/586b964477c74401e3481d6b8cfefe8bbf126678/lib/Marshalling/Math.i.dfy(212,23): Error: A precondition for this call might not hold.
/root/verichecks-worker/worker-dir/clones/586b964477c74401e3481d6b8cfefe8bbf126678/lib/Marshalling/Math.i.dfy(87,13): Related location: This is the precondition that might not hold.
Execution trace:
    (0,0): anon0
    (0,0): anon10_Else
    (0,0): anon16_Then
['build/lib/Base/MathAxioms.s.verchk']
1 verified successfully build/lib/Base/MathAxioms.s.verchk
mv build/lib/Base/MathAxioms.s.verified-tmp build/lib/Base/MathAxioms.s.verified

Dafny program verifier finished with 16 verified, 19 errors
( /usr/bin/time .dafny/dafny//Binaries/Dafny /noNLarith /compile:0 /timeLimit:20 BlockCacheSystem/DiskLayout.i.dfy ) 2>&1 | tee build/BlockCacheSystem/DiskLayout.i.verchk-tmp
Command exited with non-zero status 4
5.46user 0.21system 0:05.74elapsed 98%CPU (0avgtext+0avgdata 100896maxresident)k
0inputs+0outputs (0major+22248minor)pagefaults 0swaps
mv build/lib/Marshalling/Math.i.verchk-tmp build/lib/Marshalling/Math.i.verchk
tools/aggregate-verchk.py verchk build/BlockCacheSystem/AsyncSectorDiskModelTypes.i.verchk tools/aggregate-verchk.py 2>&1 | tee build/BlockCacheSystem/AsyncSectorDiskModelTypes.i.verified-tmp; test ${PIPESTATUS[0]} -eq 0
['build/BlockCacheSystem/AsyncSectorDiskModelTypes.i.verchk']
1 verified successfully build/BlockCacheSystem/AsyncSectorDiskModelTypes.i.verchk
mv build/BlockCacheSystem/AsyncSectorDiskModelTypes.i.verified-tmp build/BlockCacheSystem/AsyncSectorDiskModelTypes.i.verified
( /usr/bin/time .dafny/dafny//Binaries/Dafny /noNLarith /compile:0 /timeLimit:20 lib/Base/PackedIntsLib.i.dfy ) 2>&1 | tee build/lib/Base/PackedIntsLib.i.verchk-tmp

Dafny program verifier finished with 5 verified, 0 errors
2.92user 0.13system 0:03.19elapsed 96%CPU (0avgtext+0avgdata 97960maxresident)k
0inputs+0outputs (0major+18939minor)pagefaults 0swaps
mv build/lib/Lang/System/NativeArrays.s.verchk-tmp build/lib/Lang/System/NativeArrays.s.verchk
tools/aggregate-verchk.py verchk build/lib/Checksums/CRC32PowDef.i.verchk tools/aggregate-verchk.py 2>&1 | tee build/lib/Checksums/CRC32PowDef.i.verified-tmp; test ${PIPESTATUS[0]} -eq 0
['build/lib/Checksums/CRC32PowDef.i.verchk']
1 verified successfully build/lib/Checksums/CRC32PowDef.i.verchk
mv build/lib/Checksums/CRC32PowDef.i.verified-tmp build/lib/Checksums/CRC32PowDef.i.verified
tools/aggregate-verchk.py verchk build/lib/Base/NativeBenchmarking.s.verchk tools/aggregate-verchk.py 2>&1 | tee build/lib/Base/NativeBenchmarking.s.verified-tmp; test ${PIPESTATUS[0]} -eq 0
['build/lib/Base/NativeBenchmarking.s.verchk']
1 verified successfully build/lib/Base/NativeBenchmarking.s.verchk
mv build/lib/Base/NativeBenchmarking.s.verified-tmp build/lib/Base/NativeBenchmarking.s.verified
touch build/lib/Base/DebugAccumulator.i.dummydep
touch build/MapSpec/UI.s.dummydep
touch build/lib/Lang/System/F2_X.s.dummydep
touch build/lib/Base/sequences.i.dummydep
touch build/lib/Lang/LinearSequence.s.dummydep
touch build/lib/Base/total_order.i.dummydep
touch build/lib/Base/Multisets.i.dummydep
touch build/lib/Lang/LinearBox.i.dummydep
touch build/lib/Lang/LinearSequence.i.dummydep
touch build/lib/DataStructures/LinearMutableMapBase.i.dummydep
touch build/lib/Marshalling/Util.i.dummydep
touch build/lib/DataStructures/BitmapModel.i.dummydep
touch build/lib/DataStructures/LinearDList.i.dummydep
touch build/Versions/VOp.i.dummydep
touch build/Impl/BlockAllocatorModel.i.dummydep
touch build/lib/DataStructures/LruModel.i.dummydep
touch build/lib/Checksums/F2_X_Lemmas.i.dummydep
touch build/lib/Base/Arrays.i.dummydep
touch build/lib/DataStructures/LinearContentMutableMap.i.dummydep
tools/aggregate-verchk.py verchk build/lib/Lang/NativeTypes.s.verchk tools/aggregate-verchk.py 2>&1 | tee build/lib/Lang/NativeTypes.s.verified-tmp; test ${PIPESTATUS[0]} -eq 0
['build/lib/Lang/NativeTypes.s.verchk']
1 verified successfully build/lib/Lang/NativeTypes.s.verchk
mv build/lib/Lang/NativeTypes.s.verified-tmp build/lib/Lang/NativeTypes.s.verified
tools/aggregate-verchk.py verchk build/lib/Base/Option.s.verchk tools/aggregate-verchk.py 2>&1 | tee build/lib/Base/Option.s.verified-tmp; test ${PIPESTATUS[0]} -eq 0
['build/lib/Base/Option.s.verchk']
1 verified successfully build/lib/Base/Option.s.verchk
mv build/lib/Base/Option.s.verified-tmp build/lib/Base/Option.s.verified
tools/aggregate-verchk.py verchk build/lib/Lang/System/SeqComparison.s.verchk tools/aggregate-verchk.py build/lib/Lang/NativeTypes.s.verified build/lib/Lang/NativeTypes.s.verchk 2>&1 | tee build/lib/Lang/System/SeqComparison.s.verified-tmp; test ${PIPESTATUS[0]} -eq 0

Dafny program verifier finished with 1 verified, 0 errors
2.01user 0.07system 0:02.20elapsed 95%CPU (0avgtext+0avgdata 92228maxresident)k
0inputs+0outputs (0major+16950minor)pagefaults 0swaps
mv build/lib/Lang/System/Arithmetic.s.verchk-tmp build/lib/Lang/System/Arithmetic.s.verchk
tools/aggregate-verchk.py verchk build/lib/Base/KeyType.s.verchk tools/aggregate-verchk.py build/lib/Lang/NativeTypes.s.verified build/lib/Lang/NativeTypes.s.verchk 2>&1 | tee build/lib/Base/KeyType.s.verified-tmp; test ${PIPESTATUS[0]} -eq 0
['build/lib/Lang/System/SeqComparison.s.verchk', 'build/lib/Lang/NativeTypes.s.verchk']
1 verified successfully build/lib/Lang/System/SeqComparison.s.verchk
mv build/lib/Lang/System/SeqComparison.s.verified-tmp build/lib/Lang/System/SeqComparison.s.verified
['build/lib/Base/KeyType.s.verchk', 'build/lib/Lang/NativeTypes.s.verchk']
1 verified successfully build/lib/Base/KeyType.s.verchk
( /usr/bin/time .dafny/dafny//Binaries/Dafny /noNLarith /compile:0 /timeLimit:20 MapSpec/UIStateMachine.s.dfy ) 2>&1 | tee build/MapSpec/UIStateMachine.s.verchk-tmp
mv build/lib/Base/KeyType.s.verified-tmp build/lib/Base/KeyType.s.verified
tools/aggregate-verchk.py verchk build/lib/Base/MapRemove.s.verchk tools/aggregate-verchk.py 2>&1 | tee build/lib/Base/MapRemove.s.verified-tmp; test ${PIPESTATUS[0]} -eq 0
['build/lib/Base/MapRemove.s.verchk']
1 verified successfully build/lib/Base/MapRemove.s.verchk
mv build/lib/Base/MapRemove.s.verified-tmp build/lib/Base/MapRemove.s.verified
( /usr/bin/time .dafny/dafny//Binaries/Dafny /noNLarith /compile:0 /timeLimit:20 lib/Checksums/CRC32C.s.dfy ) 2>&1 | tee build/lib/Checksums/CRC32C.s.verchk-tmp

Dafny program verifier finished with 4 verified, 0 errors
3.06user 0.11system 0:03.27elapsed 97%CPU (0avgtext+0avgdata 103988maxresident)k
0inputs+0outputs (0major+22691minor)pagefaults 0swaps
mv build/lib/Base/LinearOption.i.verchk-tmp build/lib/Base/LinearOption.i.verchk
tools/aggregate-verchk.py verchk build/lib/Lang/System/Bits.s.verchk tools/aggregate-verchk.py build/lib/Lang/NativeTypes.s.verified build/lib/Lang/NativeTypes.s.verchk 2>&1 | tee build/lib/Lang/System/Bits.s.verified-tmp; test ${PIPESTATUS[0]} -eq 0
['build/lib/Lang/System/Bits.s.verchk', 'build/lib/Lang/NativeTypes.s.verchk']
1 verified successfully build/lib/Lang/System/Bits.s.verchk
mv build/lib/Lang/System/Bits.s.verified-tmp build/lib/Lang/System/Bits.s.verified
tools/aggregate-verchk.py verchk build/lib/Base/Sets.i.verchk tools/aggregate-verchk.py 2>&1 | tee build/lib/Base/Sets.i.verified-tmp; test ${PIPESTATUS[0]} -eq 0
['build/lib/Base/Sets.i.verchk']
1 verified successfully build/lib/Base/Sets.i.verchk
mv build/lib/Base/Sets.i.verified-tmp build/lib/Base/Sets.i.verified
tools/aggregate-verchk.py verchk build/lib/Base/mathematics.i.verchk tools/aggregate-verchk.py 2>&1 | tee build/lib/Base/mathematics.i.verified-tmp; test ${PIPESTATUS[0]} -eq 0
['build/lib/Base/mathematics.i.verchk']
0 verification error build/lib/Base/mathematics.i.verchk
mv build/lib/Base/mathematics.i.verified-tmp build/lib/Base/mathematics.i.verified
( /usr/bin/time .dafny/dafny//Binaries/Dafny /noNLarith /compile:0 /timeLimit:20 Betree/Graph.i.dfy ) 2>&1 | tee build/Betree/Graph.i.verchk-tmp

Dafny program verifier finished with 0 verified, 0 errors
1.39user 0.04system 0:01.55elapsed 92%CPU (0avgtext+0avgdata 82056maxresident)k
0inputs+0outputs (0major+12777minor)pagefaults 0swaps
mv build/MapSpec/UIStateMachine.s.verchk-tmp build/MapSpec/UIStateMachine.s.verchk
( /usr/bin/time .dafny/dafny//Binaries/Dafny /noNLarith /compile:0 /timeLimit:20 lib/Base/Message.i.dfy ) 2>&1 | tee build/lib/Base/Message.i.verchk-tmp

Dafny program verifier finished with 1 verified, 0 errors
2.50user 0.08system 0:02.83elapsed 91%CPU (0avgtext+0avgdata 94004maxresident)k
0inputs+0outputs (0major+18122minor)pagefaults 0swaps
mv build/lib/Base/PackedIntsLib.i.verchk-tmp build/lib/Base/PackedIntsLib.i.verchk
tools/aggregate-verchk.py verchk build/lib/Lang/LinearMaybe.s.verchk tools/aggregate-verchk.py 2>&1 | tee build/lib/Lang/LinearMaybe.s.verified-tmp; test ${PIPESTATUS[0]} -eq 0
['build/lib/Lang/LinearMaybe.s.verchk']
1 verified successfully build/lib/Lang/LinearMaybe.s.verchk
mv build/lib/Lang/LinearMaybe.s.verified-tmp build/lib/Lang/LinearMaybe.s.verified
( /usr/bin/time .dafny/dafny//Binaries/Dafny /noNLarith /compile:0 /timeLimit:20 lib/Base/total_order.i.dfy ) 2>&1 | tee build/lib/Base/total_order.i.verchk-tmp

Dafny program verifier finished with 13 verified, 0 errors
4.31user 0.15system 0:04.48elapsed 99%CPU (0avgtext+0avgdata 109268maxresident)k
0inputs+0outputs (0major+22215minor)pagefaults 0swaps
mv build/lib/Lang/System/PackedInts.s.verchk-tmp build/lib/Lang/System/PackedInts.s.verchk
tools/aggregate-verchk.py verchk build/lib/Lang/System/NativeArrays.s.verchk tools/aggregate-verchk.py build/lib/Lang/NativeTypes.s.verified build/lib/Lang/NativeTypes.s.verchk build/lib/Lang/System/SeqComparison.s.verified build/lib/Lang/System/SeqComparison.s.verchk 2>&1 | tee build/lib/Lang/System/NativeArrays.s.verified-tmp; test ${PIPESTATUS[0]} -eq 0
['build/lib/Lang/System/NativeArrays.s.verchk', 'build/lib/Lang/NativeTypes.s.verchk', 'build/lib/Lang/System/SeqComparison.s.verchk']
1 verified successfully build/lib/Lang/System/NativeArrays.s.verchk
mv build/lib/Lang/System/NativeArrays.s.verified-tmp build/lib/Lang/System/NativeArrays.s.verified
( /usr/bin/time .dafny/dafny//Binaries/Dafny /noNLarith /compile:0 /timeLimit:20 lib/Base/total_order_impl.i.dfy ) 2>&1 | tee build/lib/Base/total_order_impl.i.verchk-tmp

Dafny program verifier finished with 18 verified, 0 errors
6.05user 0.21system 0:06.37elapsed 98%CPU (0avgtext+0avgdata 115888maxresident)k
0inputs+0outputs (0major+24978minor)pagefaults 0swaps
mv build/lib/Lang/LinearSequence.s.verchk-tmp build/lib/Lang/LinearSequence.s.verchk
( /usr/bin/time .dafny/dafny//Binaries/Dafny /noNLarith /compile:0 /timeLimit:20 lib/Base/Multisets.i.dfy ) 2>&1 | tee build/lib/Base/Multisets.i.verchk-tmp
/root/verichecks-worker/worker-dir/clones/586b964477c74401e3481d6b8cfefe8bbf126678/PivotBetree/Bounds.i.dfy(81,2): Error: A postcondition might not hold on this return path.
/root/verichecks-worker/worker-dir/clones/586b964477c74401e3481d6b8cfefe8bbf126678/PivotBetree/Bounds.i.dfy(79,7): Related location: This is the postcondition that might not hold.
Execution trace:
    (0,0): anon0

Dafny program verifier finished with 11 verified, 0 errors
4.85user 0.20system 0:05.14elapsed 98%CPU (0avgtext+0avgdata 110108maxresident)k
0inputs+0outputs (0major+25534minor)pagefaults 0swaps
mv build/lib/Marshalling/Seqs.i.verchk-tmp build/lib/Marshalling/Seqs.i.verchk
tools/aggregate-verchk.py verchk build/lib/Base/LinearOption.i.verchk tools/aggregate-verchk.py build/lib/Base/Option.s.verified build/lib/Base/Option.s.verchk 2>&1 | tee build/lib/Base/LinearOption.i.verified-tmp; test ${PIPESTATUS[0]} -eq 0
['build/lib/Base/LinearOption.i.verchk', 'build/lib/Base/Option.s.verchk']
1 verified successfully build/lib/Base/LinearOption.i.verchk
mv build/lib/Base/LinearOption.i.verified-tmp build/lib/Base/LinearOption.i.verified
tools/aggregate-verchk.py verchk build/lib/Lang/LinearBox.s.verchk tools/aggregate-verchk.py 2>&1 | tee build/lib/Lang/LinearBox.s.verified-tmp; test ${PIPESTATUS[0]} -eq 0
['build/lib/Lang/LinearBox.s.verchk']
1 verified successfully build/lib/Lang/LinearBox.s.verchk
mv build/lib/Lang/LinearBox.s.verified-tmp build/lib/Lang/LinearBox.s.verified
( /usr/bin/time .dafny/dafny//Binaries/Dafny /noNLarith /compile:0 /timeLimit:20 lib/DataStructures/LinearMutableMap.i.dfy ) 2>&1 | tee build/lib/DataStructures/LinearMutableMap.i.verchk-tmp

Dafny program verifier finished with 25 verified, 3 errors
Command exited with non-zero status 4
6.24user 0.32system 0:06.63elapsed 98%CPU (0avgtext+0avgdata 105184maxresident)k
0inputs+0outputs (0major+22348minor)pagefaults 0swaps
mv build/PivotBetree/Bounds.i.verchk-tmp build/PivotBetree/Bounds.i.verchk
( /usr/bin/time .dafny/dafny//Binaries/Dafny /noNLarith /compile:0 /timeLimit:20 lib/Lang/LinearSequence.i.dfy ) 2>&1 | tee build/lib/Lang/LinearSequence.i.verchk-tmp

Dafny program verifier finished with 24 verified, 0 errors
7.39user 0.26system 0:07.68elapsed 99%CPU (0avgtext+0avgdata 119480maxresident)k
0inputs+0outputs (0major+25932minor)pagefaults 0swaps
mv build/lib/Lang/System/F2_X.s.verchk-tmp build/lib/Lang/System/F2_X.s.verchk
( /usr/bin/time .dafny/dafny//Binaries/Dafny /noNLarith /compile:0 /timeLimit:20 lib/DataStructures/LinearMutableMapBase.i.dfy ) 2>&1 | tee build/lib/DataStructures/LinearMutableMapBase.i.verchk-tmp

Dafny program verifier finished with 4 verified, 0 errors
3.51user 0.14system 0:03.65elapsed 100%CPU (0avgtext+0avgdata 108784maxresident)k
0inputs+0outputs (0major+23763minor)pagefaults 0swaps
mv build/lib/Checksums/CRC32C.s.verchk-tmp build/lib/Checksums/CRC32C.s.verchk
tools/aggregate-verchk.py verchk build/lib/Lang/System/Arithmetic.s.verchk tools/aggregate-verchk.py build/lib/Lang/NativeTypes.s.verified build/lib/Lang/NativeTypes.s.verchk 2>&1 | tee build/lib/Lang/System/Arithmetic.s.verified-tmp; test ${PIPESTATUS[0]} -eq 0
['build/lib/Lang/System/Arithmetic.s.verchk', 'build/lib/Lang/NativeTypes.s.verchk']
1 verified successfully build/lib/Lang/System/Arithmetic.s.verchk
mv build/lib/Lang/System/Arithmetic.s.verified-tmp build/lib/Lang/System/Arithmetic.s.verified
tools/aggregate-verchk.py verchk build/lib/Base/SetBijectivity.i.verchk tools/aggregate-verchk.py 2>&1 | tee build/lib/Base/SetBijectivity.i.verified-tmp; test ${PIPESTATUS[0]} -eq 0
['build/lib/Base/SetBijectivity.i.verchk']
0 verification error build/lib/Base/SetBijectivity.i.verchk
mv build/lib/Base/SetBijectivity.i.verified-tmp build/lib/Base/SetBijectivity.i.verified
( /usr/bin/time .dafny/dafny//Binaries/Dafny /noNLarith /compile:0 /timeLimit:20 lib/Marshalling/GenericMarshalling.i.dfy ) 2>&1 | tee build/lib/Marshalling/GenericMarshalling.i.verchk-tmp

Dafny program verifier finished with 15 verified, 0 errors
5.39user 0.19system 0:05.56elapsed 100%CPU (0avgtext+0avgdata 108316maxresident)k
0inputs+0outputs (0major+23108minor)pagefaults 0swaps
mv build/lib/DataStructures/BitmapModel.i.verchk-tmp build/lib/DataStructures/BitmapModel.i.verchk
tools/aggregate-verchk.py verchk build/lib/Marshalling/Seqs.i.verchk tools/aggregate-verchk.py build/lib/Lang/System/NativeArrays.s.verified build/lib/Lang/System/NativeArrays.s.verchk build/lib/Lang/NativeTypes.s.verified build/lib/Lang/NativeTypes.s.verchk 2>&1 | tee build/lib/Marshalling/Seqs.i.verified-tmp; test ${PIPESTATUS[0]} -eq 0
['build/lib/Marshalling/Seqs.i.verchk', 'build/lib/Lang/System/NativeArrays.s.verchk', 'build/lib/Lang/NativeTypes.s.verchk']
1 verified successfully build/lib/Marshalling/Seqs.i.verchk
mv build/lib/Marshalling/Seqs.i.verified-tmp build/lib/Marshalling/Seqs.i.verified
tools/aggregate-verchk.py verchk build/lib/Marshalling/Math.i.verchk tools/aggregate-verchk.py 2>&1 | tee build/lib/Marshalling/Math.i.verified-tmp; test ${PIPESTATUS[0]} -eq 0
['build/lib/Marshalling/Math.i.verchk']
0 verification error build/lib/Marshalling/Math.i.verchk
mv build/lib/Marshalling/Math.i.verified-tmp build/lib/Marshalling/Math.i.verified
tools/aggregate-verchk.py verchk build/lib/Lang/System/PackedInts.s.verchk tools/aggregate-verchk.py build/lib/Lang/NativeTypes.s.verified build/lib/Lang/NativeTypes.s.verchk 2>&1 | tee build/lib/Lang/System/PackedInts.s.verified-tmp; test ${PIPESTATUS[0]} -eq 0
['build/lib/Lang/System/PackedInts.s.verchk', 'build/lib/Lang/NativeTypes.s.verchk']
1 verified successfully build/lib/Lang/System/PackedInts.s.verchk
mv build/lib/Lang/System/PackedInts.s.verified-tmp build/lib/Lang/System/PackedInts.s.verified
( /usr/bin/time .dafny/dafny//Binaries/Dafny /noNLarith /compile:0 /timeLimit:20 lib/DataStructures/BitmapImpl.i.dfy ) 2>&1 | tee build/lib/DataStructures/BitmapImpl.i.verchk-tmp
/root/verichecks-worker/worker-dir/clones/586b964477c74401e3481d6b8cfefe8bbf126678/BlockCacheSystem/DiskLayout.i.dfy(60,37): Error: result of operation might violate newtype constraint for 'uint64'
Execution trace:
    (0,0): anon0
    (0,0): anon6_Else
    (0,0): anon7_Then

Dafny program verifier finished with 14 verified, 0 errors
6.74user 0.20system 0:06.93elapsed 100%CPU (0avgtext+0avgdata 104836maxresident)k
0inputs+0outputs (0major+23130minor)pagefaults 0swaps
mv build/lib/Marshalling/Util.i.verchk-tmp build/lib/Marshalling/Util.i.verchk
( /usr/bin/time .dafny/dafny//Binaries/Dafny /noNLarith /proverOpt:O:smt.case_split=1 /compile:0 /timeLimit:20 lib/DataStructures/LinearDList.i.dfy ) 2>&1 | tee build/lib/DataStructures/LinearDList.i.verchk-tmp
/root/verichecks-worker/worker-dir/clones/586b964477c74401e3481d6b8cfefe8bbf126678/BlockCacheSystem/DiskLayout.i.dfy(96,2): Error: A postcondition might not hold on this return path.
/root/verichecks-worker/worker-dir/clones/586b964477c74401e3481d6b8cfefe8bbf126678/BlockCacheSystem/DiskLayout.i.dfy(95,15): Related location: This is the postcondition that might not hold.
Execution trace:
    (0,0): anon0

Dafny program verifier finished with 25 verified, 0 errors
8.36user 0.33system 0:08.76elapsed 99%CPU (0avgtext+0avgdata 116568maxresident)k
0inputs+0outputs (0major+28152minor)pagefaults 0swaps
mv build/lib/Lang/LinearBox.i.verchk-tmp build/lib/Lang/LinearBox.i.verchk
( /usr/bin/time .dafny/dafny//Binaries/Dafny /noNLarith /compile:0 /timeLimit:20 Versions/VOp.i.dfy ) 2>&1 | tee build/Versions/VOp.i.verchk-tmp

Dafny program verifier finished with 31 verified, 0 errors
9.63user 0.34system 0:10.10elapsed 98%CPU (0avgtext+0avgdata 119992maxresident)k
0inputs+0outputs (0major+28055minor)pagefaults 0swaps
mv build/lib/Base/Maps.i.verchk-tmp build/lib/Base/Maps.i.verchk
( /usr/bin/time .dafny/dafny//Binaries/Dafny /noNLarith /compile:0 /timeLimit:20 Impl/BlockAllocatorModel.i.dfy ) 2>&1 | tee build/Impl/BlockAllocatorModel.i.verchk-tmp
/root/verichecks-worker/worker-dir/clones/586b964477c74401e3481d6b8cfefe8bbf126678/BlockCacheSystem/DiskLayout.i.dfy(180,2): Error: A postcondition might not hold on this return path.
/root/verichecks-worker/worker-dir/clones/586b964477c74401e3481d6b8cfefe8bbf126678/BlockCacheSystem/DiskLayout.i.dfy(178,37): Related location: This is the postcondition that might not hold.
Execution trace:
    (0,0): anon0
/root/verichecks-worker/worker-dir/clones/586b964477c74401e3481d6b8cfefe8bbf126678/BlockCacheSystem/DiskLayout.i.dfy(180,2): Error: A postcondition might not hold on this return path.
/root/verichecks-worker/worker-dir/clones/586b964477c74401e3481d6b8cfefe8bbf126678/BlockCacheSystem/DiskLayout.i.dfy(179,12): Related location: This is the postcondition that might not hold.
Execution trace:
    (0,0): anon0
/root/verichecks-worker/worker-dir/clones/586b964477c74401e3481d6b8cfefe8bbf126678/BlockCacheSystem/DiskLayout.i.dfy(193,26): Error: result of operation might violate newtype constraint for 'uint64'
Execution trace:
    (0,0): anon0
/root/verichecks-worker/worker-dir/clones/586b964477c74401e3481d6b8cfefe8bbf126678/BlockCacheSystem/DiskLayout.i.dfy(194,2): Error: A postcondition might not hold on this return path.
/root/verichecks-worker/worker-dir/clones/586b964477c74401e3481d6b8cfefe8bbf126678/BlockCacheSystem/DiskLayout.i.dfy(193,10): Related location: This is the postcondition that might not hold.
Execution trace:
    (0,0): anon0
/root/verichecks-worker/worker-dir/clones/586b964477c74401e3481d6b8cfefe8bbf126678/BlockCacheSystem/DiskLayout.i.dfy(219,2): Error: A postcondition might not hold on this return path.
/root/verichecks-worker/worker-dir/clones/586b964477c74401e3481d6b8cfefe8bbf126678/BlockCacheSystem/DiskLayout.i.dfy(218,20): Related location: This is the postcondition that might not hold.
Execution trace:
    (0,0): anon0

Dafny program verifier finished with 1 verified, 0 errors
2.74user 0.09system 0:02.95elapsed 95%CPU (0avgtext+0avgdata 102652maxresident)k
0inputs+0outputs (0major+20599minor)pagefaults 0swaps
mv build/Versions/VOp.i.verchk-tmp build/Versions/VOp.i.verchk
( /usr/bin/time .dafny/dafny//Binaries/Dafny /noNLarith /compile:0 /timeLimit:20 lib/DataStructures/LruModel.i.dfy ) 2>&1 | tee build/lib/DataStructures/LruModel.i.verchk-tmp

Dafny program verifier finished with 30 verified, 7 errors
Command exited with non-zero status 4
9.84user 0.44system 0:10.73elapsed 95%CPU (0avgtext+0avgdata 127552maxresident)k
0inputs+0outputs (0major+29654minor)pagefaults 0swaps
mv build/BlockCacheSystem/DiskLayout.i.verchk-tmp build/BlockCacheSystem/DiskLayout.i.verchk
tools/aggregate-verchk.py verchk build/lib/Base/PackedIntsLib.i.verchk tools/aggregate-verchk.py build/lib/Lang/System/PackedInts.s.verified build/lib/Lang/System/PackedInts.s.verchk 2>&1 | tee build/lib/Base/PackedIntsLib.i.verified-tmp; test ${PIPESTATUS[0]} -eq 0
['build/lib/Base/PackedIntsLib.i.verchk', 'build/lib/Lang/System/PackedInts.s.verchk']
1 verified successfully build/lib/Base/PackedIntsLib.i.verchk
mv build/lib/Base/PackedIntsLib.i.verified-tmp build/lib/Base/PackedIntsLib.i.verified
( /usr/bin/time .dafny/dafny//Binaries/Dafny /noNLarith /compile:0 /timeLimit:20 lib/Checksums/CRC32LutLemma.i.dfy ) 2>&1 | tee build/lib/Checksums/CRC32LutLemma.i.verchk-tmp

Dafny program verifier finished with 12 verified, 0 errors
5.44user 0.24system 0:05.76elapsed 98%CPU (0avgtext+0avgdata 123900maxresident)k
0inputs+0outputs (0major+26444minor)pagefaults 0swaps
mv build/Impl/BlockAllocatorModel.i.verchk-tmp build/Impl/BlockAllocatorModel.i.verchk
( /usr/bin/time .dafny/dafny//Binaries/Dafny /noNLarith /compile:0 /timeLimit:20 lib/Checksums/F2_X_Lemmas.i.dfy ) 2>&1 | tee build/lib/Checksums/F2_X_Lemmas.i.verchk-tmp
/root/verichecks-worker/worker-dir/clones/586b964477c74401e3481d6b8cfefe8bbf126678/lib/Base/sequences.i.dfy(316,11): Error: A postcondition might not hold on this return path.
/root/verichecks-worker/worker-dir/clones/586b964477c74401e3481d6b8cfefe8bbf126678/lib/Base/sequences.i.dfy(312,25): Related location: This is the postcondition that might not hold.
Execution trace:
    (0,0): anon0
    (0,0): anon3_Else

Dafny program verifier finished with 28 verified, 0 errors
9.01user 0.33system 0:09.37elapsed 99%CPU (0avgtext+0avgdata 128800maxresident)k
0inputs+0outputs (0major+28562minor)pagefaults 0swaps
mv build/lib/DataStructures/BitmapImpl.i.verchk-tmp build/lib/DataStructures/BitmapImpl.i.verchk
( /usr/bin/time .dafny/dafny//Binaries/Dafny /noNLarith /compile:0 /timeLimit:20 lib/Base/Arrays.i.dfy ) 2>&1 | tee build/lib/Base/Arrays.i.verchk-tmp

Dafny program verifier finished with 25 verified, 0 errors
11.88user 0.41system 0:12.40elapsed 99%CPU (0avgtext+0avgdata 154768maxresident)k
0inputs+0outputs (0major+42099minor)pagefaults 0swaps
mv build/lib/Base/Message.i.verchk-tmp build/lib/Base/Message.i.verchk
( /usr/bin/time .dafny/dafny//Binaries/Dafny /noNLarith /compile:0 /timeLimit:20 lib/DataStructures/LinearContentMutableMap.i.dfy ) 2>&1 | tee build/lib/DataStructures/LinearContentMutableMap.i.verchk-tmp
/root/verichecks-worker/worker-dir/clones/586b964477c74401e3481d6b8cfefe8bbf126678/lib/Checksums/CRC32LutLemma.i.dfy(24,13): Error: possible division by zero
Execution trace:
    (0,0): anon0
/root/verichecks-worker/worker-dir/clones/586b964477c74401e3481d6b8cfefe8bbf126678/lib/Checksums/CRC32LutLemma.i.dfy(26,15): Error: possible division by zero
Execution trace:
    (0,0): anon0
/root/verichecks-worker/worker-dir/clones/586b964477c74401e3481d6b8cfefe8bbf126678/lib/Checksums/CRC32LutLemma.i.dfy(28,13): Error: assertion violation
Execution trace:
    (0,0): anon0
/root/verichecks-worker/worker-dir/clones/586b964477c74401e3481d6b8cfefe8bbf126678/lib/Checksums/CRC32LutLemma.i.dfy(32,13): Error: assertion violation
Execution trace:
    (0,0): anon0
/root/verichecks-worker/worker-dir/clones/586b964477c74401e3481d6b8cfefe8bbf126678/lib/Checksums/CRC32LutLemma.i.dfy(36,8): Error: the calculation step between the previous line and this line might not hold
Execution trace:
    (0,0): anon0
    (0,0): anon24_Then
/root/verichecks-worker/worker-dir/clones/586b964477c74401e3481d6b8cfefe8bbf126678/lib/Checksums/CRC32LutLemma.i.dfy(45,35): Error: assertion violation
Execution trace:
    (0,0): anon0
    (0,0): anon25_Then
    (0,0): anon27_Then
    (0,0): anon32_Then
/root/verichecks-worker/worker-dir/clones/586b964477c74401e3481d6b8cfefe8bbf126678/lib/Checksums/CRC32LutLemma.i.dfy(77,28): Error: possible division by zero
Execution trace:
    (0,0): anon0
/root/verichecks-worker/worker-dir/clones/586b964477c74401e3481d6b8cfefe8bbf126678/lib/Checksums/CRC32LutLemma.i.dfy(81,13): Error: assertion violation
Execution trace:
    (0,0): anon0
/root/verichecks-worker/worker-dir/clones/586b964477c74401e3481d6b8cfefe8bbf126678/lib/Checksums/CRC32LutLemma.i.dfy(85,13): Error: assertion violation
Execution trace:
    (0,0): anon0
/root/verichecks-worker/worker-dir/clones/586b964477c74401e3481d6b8cfefe8bbf126678/lib/Checksums/CRC32LutLemma.i.dfy(87,15): Error: possible division by zero
Execution trace:
    (0,0): anon0
/root/verichecks-worker/worker-dir/clones/586b964477c74401e3481d6b8cfefe8bbf126678/lib/Checksums/CRC32LutLemma.i.dfy(89,13): Error: assertion violation
Execution trace:
    (0,0): anon0
/root/verichecks-worker/worker-dir/clones/586b964477c74401e3481d6b8cfefe8bbf126678/lib/Checksums/CRC32LutLemma.i.dfy(93,13): Error: assertion violation
Execution trace:
    (0,0): anon0
/root/verichecks-worker/worker-dir/clones/586b964477c74401e3481d6b8cfefe8bbf126678/lib/Checksums/CRC32LutLemma.i.dfy(127,23): Error: value does not satisfy the subset constraints of 'nat'
Execution trace:
    (0,0): anon0
    (0,0): anon3_Then
    (0,0): anon2
/root/verichecks-worker/worker-dir/clones/586b964477c74401e3481d6b8cfefe8bbf126678/lib/Checksums/CRC32LutLemma.i.dfy(148,27): Error: assertion violation
Execution trace:
    (0,0): anon0
    (0,0): anon49_Else
/root/verichecks-worker/worker-dir/clones/586b964477c74401e3481d6b8cfefe8bbf126678/lib/Checksums/CRC32LutLemma.i.dfy(156,82): Error: value does not satisfy the subset constraints of 'nat'
Execution trace:
    (0,0): anon0
    (0,0): anon49_Else
    (0,0): anon60_Then
    /root/verichecks-worker/worker-dir/clones/586b964477c74401e3481d6b8cfefe8bbf126678/lib/Checksums/CRC32LutLemma.i.dfy(153,11): anon61_Else

Dafny program verifier finished with 21 verified, 0 errors
8.83user 0.36system 0:09.28elapsed 99%CPU (0avgtext+0avgdata 137568maxresident)k
0inputs+0outputs (0major+30793minor)pagefaults 0swaps
mv build/lib/DataStructures/LruModel.i.verchk-tmp build/lib/DataStructures/LruModel.i.verchk
touch build/MapSpec/UIStateMachine.s.dummydep
touch build/lib/Checksums/CRC32C.s.dummydep
touch build/Betree/Graph.i.dummydep
touch build/lib/Base/Message.i.dummydep
touch build/lib/Base/total_order_impl.i.dummydep
touch build/lib/Buckets/MapSeqs.i.dummydep
touch build/lib/DataStructures/LinearMutableMap.i.dummydep
touch build/lib/Marshalling/GenericMarshalling.i.dummydep
touch build/lib/DataStructures/BitmapImpl.i.dummydep
touch build/lib/DataStructures/LinearUSeq.i.dummydep
touch build/MapSpec/Journal.i.dummydep
touch build/lib/Buckets/PackedStringArray.i.dummydep
touch build/lib/Checksums/CRC32LutLemma.i.dummydep
touch build/lib/Checksums/BitLemmas.i.dummydep
touch build/lib/DataStructures/BtreeModel.i.dummydep
touch build/lib/DataStructures/LinearLru.i.dummydep
touch build/Impl/BlockAllocatorImpl.i.dummydep
touch build/Versions/StatesView.i.dummydep
tools/aggregate-verchk.py verchk build/lib/Base/DebugAccumulator.i.verchk tools/aggregate-verchk.py build/lib/Lang/NativeTypes.s.verified build/lib/Lang/NativeTypes.s.verchk 2>&1 | tee build/lib/Base/DebugAccumulator.i.verified-tmp; test ${PIPESTATUS[0]} -eq 0
['build/lib/Base/DebugAccumulator.i.verchk', 'build/lib/Lang/NativeTypes.s.verchk']
1 verified successfully build/lib/Base/DebugAccumulator.i.verchk
mv build/lib/Base/DebugAccumulator.i.verified-tmp build/lib/Base/DebugAccumulator.i.verified

Dafny program verifier finished with 6 verified, 0 errors
( /usr/bin/time .dafny/dafny//Binaries/Dafny /noNLarith /compile:0 /timeLimit:20 MapSpec/MapSpec.s.dfy ) 2>&1 | tee build/MapSpec/MapSpec.s.verchk-tmp
5.14user 0.17system 0:05.21elapsed 101%CPU (0avgtext+0avgdata 121872maxresident)k
0inputs+0outputs (0major+27066minor)pagefaults 0swaps
mv build/lib/Base/Arrays.i.verchk-tmp build/lib/Base/Arrays.i.verchk
tools/aggregate-verchk.py verchk build/MapSpec/UI.s.verchk tools/aggregate-verchk.py build/lib/Base/KeyType.s.verified build/lib/Base/KeyType.s.verchk 2>&1 | tee build/MapSpec/UI.s.verified-tmp; test ${PIPESTATUS[0]} -eq 0
['build/MapSpec/UI.s.verchk', 'build/lib/Base/KeyType.s.verchk']
1 verified successfully build/MapSpec/UI.s.verchk
mv build/MapSpec/UI.s.verified-tmp build/MapSpec/UI.s.verified
tools/aggregate-verchk.py verchk build/lib/Lang/System/F2_X.s.verchk tools/aggregate-verchk.py build/lib/Lang/NativeTypes.s.verified build/lib/Lang/NativeTypes.s.verchk build/lib/Lang/System/Bits.s.verified build/lib/Lang/System/Bits.s.verchk 2>&1 | tee build/lib/Lang/System/F2_X.s.verified-tmp; test ${PIPESTATUS[0]} -eq 0
['build/lib/Lang/System/F2_X.s.verchk', 'build/lib/Lang/NativeTypes.s.verchk', 'build/lib/Lang/System/Bits.s.verchk']
1 verified successfully build/lib/Lang/System/F2_X.s.verchk
mv build/lib/Lang/System/F2_X.s.verified-tmp build/lib/Lang/System/F2_X.s.verified
tools/aggregate-verchk.py verchk build/lib/Base/Maps.i.verchk tools/aggregate-verchk.py build/lib/Base/Option.s.verified build/lib/Base/Option.s.verchk build/lib/Base/MapRemove.s.verified build/lib/Base/MapRemove.s.verchk 2>&1 | tee build/lib/Base/Maps.i.verified-tmp; test ${PIPESTATUS[0]} -eq 0
['build/lib/Base/Maps.i.verchk', 'build/lib/Base/Option.s.verchk', 'build/lib/Base/MapRemove.s.verchk']
1 verified successfully build/lib/Base/Maps.i.verchk
mv build/lib/Base/Maps.i.verified-tmp build/lib/Base/Maps.i.verified
( /usr/bin/time .dafny/dafny//Binaries/Dafny /noNLarith /compile:0 /timeLimit:20 Betree/Transactable.i.dfy ) 2>&1 | tee build/Betree/Transactable.i.verchk-tmp
/root/verichecks-worker/worker-dir/clones/586b964477c74401e3481d6b8cfefe8bbf126678/lib/Checksums/CRC32LutLemma.i.dfy(240,52): Error: value does not satisfy the subset constraints of 'nat'
Execution trace:
    (0,0): anon0
    (0,0): anon10_Then
    /root/verichecks-worker/worker-dir/clones/586b964477c74401e3481d6b8cfefe8bbf126678/lib/Checksums/CRC32LutLemma.i.dfy(237,9): anon11_Else

Dafny program verifier finished with 6 verified, 16 errors
Command exited with non-zero status 4
9.13user 0.29system 0:09.19elapsed 102%CPU (0avgtext+0avgdata 150808maxresident)k
0inputs+0outputs (0major+37331minor)pagefaults 0swaps
mv build/lib/Checksums/CRC32LutLemma.i.verchk-tmp build/lib/Checksums/CRC32LutLemma.i.verchk
tools/aggregate-verchk.py verchk build/lib/Lang/LinearSequence.s.verchk tools/aggregate-verchk.py build/lib/Lang/NativeTypes.s.verified build/lib/Lang/NativeTypes.s.verchk build/lib/Lang/LinearMaybe.s.verified build/lib/Lang/LinearMaybe.s.verchk 2>&1 | tee build/lib/Lang/LinearSequence.s.verified-tmp; test ${PIPESTATUS[0]} -eq 0
['build/lib/Lang/LinearSequence.s.verchk', 'build/lib/Lang/NativeTypes.s.verchk', 'build/lib/Lang/LinearMaybe.s.verchk']
1 verified successfully build/lib/Lang/LinearSequence.s.verchk
mv build/lib/Lang/LinearSequence.s.verified-tmp build/lib/Lang/LinearSequence.s.verified
( /usr/bin/time .dafny/dafny//Binaries/Dafny /noNLarith /compile:0 /timeLimit:20 lib/Buckets/BoundedPivotsLib.i.dfy ) 2>&1 | tee build/lib/Buckets/BoundedPivotsLib.i.verchk-tmp

Dafny program verifier finished with 55 verified, 0 errors
16.92user 0.64system 0:18.04elapsed 97%CPU (0avgtext+0avgdata 134584maxresident)k
0inputs+0outputs (0major+32945minor)pagefaults 0swaps
mv build/lib/Lang/LinearSequence.i.verchk-tmp build/lib/Lang/LinearSequence.i.verchk
( /usr/bin/time .dafny/dafny//Binaries/Dafny /noNLarith /compile:0 /timeLimit:20 lib/Buckets/MapSeqs.i.dfy ) 2>&1 | tee build/lib/Buckets/MapSeqs.i.verchk-tmp

Dafny program verifier finished with 37 verified, 0 errors
17.94user 0.50system 0:18.71elapsed 98%CPU (0avgtext+0avgdata 165992maxresident)k
0inputs+0outputs (0major+43771minor)pagefaults 0swaps
mv build/lib/Base/Multisets.i.verchk-tmp build/lib/Base/Multisets.i.verchk
tools/aggregate-verchk.py verchk build/PivotBetree/Bounds.i.verchk tools/aggregate-verchk.py build/lib/Lang/NativeTypes.s.verified build/lib/Lang/NativeTypes.s.verchk build/lib/Base/KeyType.s.verified build/lib/Base/KeyType.s.verchk 2>&1 | tee build/PivotBetree/Bounds.i.verified-tmp; test ${PIPESTATUS[0]} -eq 0
['build/PivotBetree/Bounds.i.verchk', 'build/lib/Lang/NativeTypes.s.verchk', 'build/lib/Base/KeyType.s.verchk']
0 verification error build/PivotBetree/Bounds.i.verchk
mv build/PivotBetree/Bounds.i.verified-tmp build/PivotBetree/Bounds.i.verified
tools/aggregate-verchk.py verchk build/lib/Lang/LinearBox.i.verchk tools/aggregate-verchk.py build/lib/Lang/LinearBox.s.verified build/lib/Lang/LinearBox.s.verchk build/lib/Lang/LinearMaybe.s.verified build/lib/Lang/LinearMaybe.s.verchk build/lib/Base/LinearOption.i.verified build/lib/Base/LinearOption.i.verchk 2>&1 | tee build/lib/Lang/LinearBox.i.verified-tmp; test ${PIPESTATUS[0]} -eq 0
['build/lib/Lang/LinearBox.i.verchk', 'build/lib/Lang/LinearBox.s.verchk', 'build/lib/Lang/LinearMaybe.s.verchk', 'build/lib/Base/LinearOption.i.verchk']
1 verified successfully build/lib/Lang/LinearBox.i.verchk
mv build/lib/Lang/LinearBox.i.verified-tmp build/lib/Lang/LinearBox.i.verified
tools/aggregate-verchk.py verchk build/lib/Lang/LinearSequence.i.verchk tools/aggregate-verchk.py build/lib/Lang/LinearMaybe.s.verified build/lib/Lang/LinearMaybe.s.verchk build/lib/Lang/LinearSequence.s.verified build/lib/Lang/LinearSequence.s.verchk 2>&1 | tee build/lib/Lang/LinearSequence.i.verified-tmp; test ${PIPESTATUS[0]} -eq 0
['build/lib/Lang/LinearSequence.i.verchk', 'build/lib/Lang/LinearMaybe.s.verchk', 'build/lib/Lang/LinearSequence.s.verchk']
1 verified successfully build/lib/Lang/LinearSequence.i.verchk
mv build/lib/Lang/LinearSequence.i.verified-tmp build/lib/Lang/LinearSequence.i.verified
tools/aggregate-verchk.py verchk build/lib/Marshalling/Util.i.verchk tools/aggregate-verchk.py build/lib/Lang/NativeTypes.s.verified build/lib/Lang/NativeTypes.s.verchk build/lib/Marshalling/Math.i.verified build/lib/Marshalling/Math.i.verchk 2>&1 | tee build/lib/Marshalling/Util.i.verified-tmp; test ${PIPESTATUS[0]} -eq 0
['build/lib/Marshalling/Util.i.verchk', 'build/lib/Lang/NativeTypes.s.verchk', 'build/lib/Marshalling/Math.i.verchk']
0 verification error build/lib/Marshalling/Math.i.verchk
mv build/lib/Marshalling/Util.i.verified-tmp build/lib/Marshalling/Util.i.verified
( /usr/bin/time .dafny/dafny//Binaries/Dafny /noNLarith /compile:0 /timeLimit:20 lib/DataStructures/LinearUSeq.i.dfy ) 2>&1 | tee build/lib/DataStructures/LinearUSeq.i.verchk-tmp
/root/verichecks-worker/worker-dir/clones/586b964477c74401e3481d6b8cfefe8bbf126678/lib/Base/BitsetLemmas.i.dfy(12,8): Verification of 'Impl$$BitsetLemmas.__default.bit__ne__expanded' timed out after 20 seconds

Dafny program verifier finished with 16 verified, 0 errors
7.38user 0.29system 0:07.71elapsed 99%CPU (0avgtext+0avgdata 130060maxresident)k
0inputs+0outputs (0major+30137minor)pagefaults 0swaps
mv build/MapSpec/MapSpec.s.verchk-tmp build/MapSpec/MapSpec.s.verchk
tools/aggregate-verchk.py verchk build/BlockCacheSystem/DiskLayout.i.verchk tools/aggregate-verchk.py build/lib/Lang/NativeTypes.s.verified build/lib/Lang/NativeTypes.s.verchk build/lib/Base/Option.s.verified build/lib/Base/Option.s.verchk build/PivotBetree/Bounds.i.verified build/PivotBetree/Bounds.i.verchk 2>&1 | tee build/BlockCacheSystem/DiskLayout.i.verified-tmp; test ${PIPESTATUS[0]} -eq 0
['build/BlockCacheSystem/DiskLayout.i.verchk', 'build/lib/Lang/NativeTypes.s.verchk', 'build/lib/Base/Option.s.verchk', 'build/PivotBetree/Bounds.i.verchk']
0 verification error build/BlockCacheSystem/DiskLayout.i.verchk
mv build/BlockCacheSystem/DiskLayout.i.verified-tmp build/BlockCacheSystem/DiskLayout.i.verified
( /usr/bin/time .dafny/dafny//Binaries/Dafny /noNLarith /compile:0 /timeLimit:20 BlockCacheSystem/JournalRange.i.dfy ) 2>&1 | tee build/BlockCacheSystem/JournalRange.i.verchk-tmp

Dafny program verifier finished with 20 verified, 0 errors
9.57user 0.34system 0:09.91elapsed 100%CPU (0avgtext+0avgdata 143796maxresident)k
0inputs+0outputs (0major+32736minor)pagefaults 0swaps
mv build/Betree/Transactable.i.verchk-tmp build/Betree/Transactable.i.verchk
( /usr/bin/time .dafny/dafny//Binaries/Dafny /noNLarith /compile:0 /timeLimit:20 MapSpec/Journal.i.dfy ) 2>&1 | tee build/MapSpec/Journal.i.verchk-tmp

Dafny program verifier finished with 97 verified, 1 error
Command exited with non-zero status 4
32.21user 0.97system 0:34.07elapsed 97%CPU (0avgtext+0avgdata 155704maxresident)k
0inputs+0outputs (0major+44992minor)pagefaults 0swaps
mv build/lib/Base/sequences.i.verchk-tmp build/lib/Base/sequences.i.verchk
( /usr/bin/time .dafny/dafny//Binaries/Dafny /noNLarith /compile:0 /timeLimit:20 lib/Buckets/PackedStringArrayMarshalling.i.dfy ) 2>&1 | tee build/lib/Buckets/PackedStringArrayMarshalling.i.verchk-tmp
/root/verichecks-worker/worker-dir/clones/586b964477c74401e3481d6b8cfefe8bbf126678/Betree/Graph.i.dfy(158,8): Verification of 'Impl$$Graph.__default.LocalEditPreservesAcyclic' timed out after 20 seconds

Dafny program verifier finished with 3 verified, 0 errors
4.63user 0.17system 0:04.70elapsed 102%CPU (0avgtext+0avgdata 138424maxresident)k
0inputs+0outputs (0major+32064minor)pagefaults 0swaps
mv build/MapSpec/Journal.i.verchk-tmp build/MapSpec/Journal.i.verchk
( /usr/bin/time .dafny/dafny//Binaries/Dafny /noNLarith /compile:0 /timeLimit:20 lib/Buckets/PackedStringArray.i.dfy ) 2>&1 | tee build/lib/Buckets/PackedStringArray.i.verchk-tmp

Dafny program verifier finished with 18 verified, 0 errors, 1 time out
Command exited with non-zero status 4
32.71user 0.48system 0:33.43elapsed 99%CPU (0avgtext+0avgdata 159644maxresident)k
0inputs+0outputs (0major+91915minor)pagefaults 0swaps
mv build/Betree/Graph.i.verchk-tmp build/Betree/Graph.i.verchk
( /usr/bin/time .dafny/dafny//Binaries/Dafny /noNLarith /compile:0 /timeLimit:20 lib/Checksums/CRC32Lemmas.i.dfy ) 2>&1 | tee build/lib/Checksums/CRC32Lemmas.i.verchk-tmp

Dafny program verifier finished with 10 verified, 0 errors
13.04user 0.36system 0:13.18elapsed 101%CPU (0avgtext+0avgdata 207160maxresident)k
0inputs+0outputs (0major+52697minor)pagefaults 0swaps
mv build/lib/DataStructures/LinearUSeq.i.verchk-tmp build/lib/DataStructures/LinearUSeq.i.verchk
( /usr/bin/time .dafny/dafny//Binaries/Dafny /noNLarith /compile:0 /timeLimit:20 lib/Checksums/BitLemmas.i.dfy ) 2>&1 | tee build/lib/Checksums/BitLemmas.i.verchk-tmp

Dafny program verifier finished with 48 verified, 0 errors
30.66user 0.67system 0:31.88elapsed 98%CPU (0avgtext+0avgdata 157876maxresident)k
0inputs+0outputs (0major+81270minor)pagefaults 0swaps
mv build/lib/DataStructures/LinearMutableMapBase.i.verchk-tmp build/lib/DataStructures/LinearMutableMapBase.i.verchk
( /usr/bin/time .dafny/dafny//Binaries/Dafny /noNLarith /compile:0 /timeLimit:20 lib/DataStructures/MutableBtree.i.dfy ) 2>&1 | tee build/lib/DataStructures/MutableBtree.i.verchk-tmp
/root/verichecks-worker/worker-dir/clones/586b964477c74401e3481d6b8cfefe8bbf126678/lib/Checksums/BitLemmas.i.dfy(23,16): Error: A postcondition might not hold on this return path.
/root/verichecks-worker/worker-dir/clones/586b964477c74401e3481d6b8cfefe8bbf126678/lib/Checksums/BitLemmas.i.dfy(18,28): Related location: This is the postcondition that might not hold.
Execution trace:
    (0,0): anon0
    (0,0): anon5_Else
    (0,0): anon6_Then
/root/verichecks-worker/worker-dir/clones/586b964477c74401e3481d6b8cfefe8bbf126678/lib/DataStructures/LinearDList.i.dfy(267,24): Verification of 'Impl$$DList.DList.InsertAfter' timed out after 20 seconds
/root/verichecks-worker/worker-dir/clones/586b964477c74401e3481d6b8cfefe8bbf126678/lib/Checksums/BitLemmas.i.dfy(138,23): Error: the calculation step between the previous line and this line might not hold
Execution trace:
    (0,0): anon0
    (0,0): anon30_Else
    (0,0): anon44_Then
    /root/verichecks-worker/worker-dir/clones/586b964477c74401e3481d6b8cfefe8bbf126678/lib/Checksums/BitLemmas.i.dfy(137,11): anon45_Else

Dafny program verifier finished with 30 verified, 0 errors
15.74user 0.44system 0:16.35elapsed 98%CPU (0avgtext+0avgdata 165452maxresident)k
0inputs+0outputs (0major+40308minor)pagefaults 0swaps
mv build/BlockCacheSystem/JournalRange.i.verchk-tmp build/BlockCacheSystem/JournalRange.i.verchk
( /usr/bin/time .dafny/dafny//Binaries/Dafny /noNLarith /compile:0 /timeLimit:20 lib/DataStructures/BtreeModel.i.dfy ) 2>&1 | tee build/lib/DataStructures/BtreeModel.i.verchk-tmp
/root/verichecks-worker/worker-dir/clones/586b964477c74401e3481d6b8cfefe8bbf126678/lib/Base/BitsetLemmas.i.dfy(20,8): Verification of 'Impl$$BitsetLemmas.__default.bit__comp__ne__expanded' timed out after 20 seconds

Dafny program verifier finished with 60 verified, 0 errors
31.31user 0.86system 0:32.41elapsed 99%CPU (0avgtext+0avgdata 168096maxresident)k
0inputs+0outputs (0major+86749minor)pagefaults 0swaps
mv build/lib/Checksums/F2_X_Lemmas.i.verchk-tmp build/lib/Checksums/F2_X_Lemmas.i.verchk
( /usr/bin/time .dafny/dafny//Binaries/Dafny /noNLarith /compile:0 /timeLimit:20 lib/DataStructures/LinearLru.i.dfy ) 2>&1 | tee build/lib/DataStructures/LinearLru.i.verchk-tmp

Dafny program verifier finished with 24 verified, 2 errors
Command exited with non-zero status 4
10.88user 0.36system 0:11.33elapsed 99%CPU (0avgtext+0avgdata 136088maxresident)k
0inputs+0outputs (0major+31918minor)pagefaults 0swaps
mv build/lib/Checksums/BitLemmas.i.verchk-tmp build/lib/Checksums/BitLemmas.i.verchk
( /usr/bin/time .dafny/dafny//Binaries/Dafny /noNLarith /compile:0 /timeLimit:20 Impl/BlockAllocatorImpl.i.dfy ) 2>&1 | tee build/Impl/BlockAllocatorImpl.i.verchk-tmp

Dafny program verifier finished with 37 verified, 0 errors
26.82user 0.56system 0:27.24elapsed 100%CPU (0avgtext+0avgdata 252744maxresident)k
0inputs+0outputs (0major+64588minor)pagefaults 0swaps
mv build/lib/Buckets/MapSeqs.i.verchk-tmp build/lib/Buckets/MapSeqs.i.verchk
( /usr/bin/time .dafny/dafny//Binaries/Dafny /noNLarith /compile:0 /timeLimit:20 Versions/StatesView.i.dfy ) 2>&1 | tee build/Versions/StatesView.i.verchk-tmp

Dafny program verifier finished with 14 verified, 0 errors
17.84user 0.40system 0:18.29elapsed 99%CPU (0avgtext+0avgdata 282108maxresident)k
0inputs+0outputs (0major+72144minor)pagefaults 0swaps
mv build/lib/Buckets/PackedStringArrayMarshalling.i.verchk-tmp build/lib/Buckets/PackedStringArrayMarshalling.i.verchk
touch build/MapSpec/MapSpec.s.dummydep
touch build/Betree/Transactable.i.dummydep
touch build/lib/Buckets/BoundedPivotsLib.i.dummydep
touch build/BlockCacheSystem/JournalRange.i.dummydep
touch build/lib/Buckets/PackedStringArrayMarshalling.i.dummydep
touch build/lib/Checksums/CRC32Lemmas.i.dummydep
touch build/lib/DataStructures/MutableBtree.i.dummydep
touch build/Versions/StatesViewMap.i.dummydep
tools/aggregate-verchk.py verchk build/MapSpec/UIStateMachine.s.verchk tools/aggregate-verchk.py build/MapSpec/UI.s.verified build/MapSpec/UI.s.verchk 2>&1 | tee build/MapSpec/UIStateMachine.s.verified-tmp; test ${PIPESTATUS[0]} -eq 0
['build/MapSpec/UIStateMachine.s.verchk', 'build/MapSpec/UI.s.verchk']
1 verified successfully build/MapSpec/UIStateMachine.s.verchk
mv build/MapSpec/UIStateMachine.s.verified-tmp build/MapSpec/UIStateMachine.s.verified
( /usr/bin/time .dafny/dafny//Binaries/Dafny /noNLarith /compile:0 /timeLimit:20 MapSpec/ThreeStateVersioned.s.dfy ) 2>&1 | tee build/MapSpec/ThreeStateVersioned.s.verchk-tmp

Dafny program verifier finished with 9 verified, 0 errors
5.42user 0.24system 0:05.59elapsed 101%CPU (0avgtext+0avgdata 127852maxresident)k
0inputs+0outputs (0major+30057minor)pagefaults 0swaps
mv build/MapSpec/ThreeStateVersioned.s.verchk-tmp build/MapSpec/ThreeStateVersioned.s.verchk
( /usr/bin/time .dafny/dafny//Binaries/Dafny /noNLarith /compile:0 /timeLimit:20 ByteBlockCacheSystem/AsyncDiskModel.s.dfy ) 2>&1 | tee build/ByteBlockCacheSystem/AsyncDiskModel.s.verchk-tmp

Dafny program verifier finished with 60 verified, 0 errors, 2 time outs
Command exited with non-zero status 4
53.24user 0.64system 0:55.06elapsed 97%CPU (0avgtext+0avgdata 128444maxresident)k
0inputs+0outputs (0major+32132minor)pagefaults 0swaps
mv build/lib/Base/BitsetLemmas.i.verchk-tmp build/lib/Base/BitsetLemmas.i.verchk
tools/aggregate-verchk.py verchk build/lib/Checksums/CRC32C.s.verchk tools/aggregate-verchk.py build/lib/Lang/System/F2_X.s.verified build/lib/Lang/System/F2_X.s.verchk 2>&1 | tee build/lib/Checksums/CRC32C.s.verified-tmp; test ${PIPESTATUS[0]} -eq 0
['build/lib/Checksums/CRC32C.s.verchk', 'build/lib/Lang/System/F2_X.s.verchk']
1 verified successfully build/lib/Checksums/CRC32C.s.verchk
mv build/lib/Checksums/CRC32C.s.verified-tmp build/lib/Checksums/CRC32C.s.verified
( /usr/bin/time .dafny/dafny//Binaries/Dafny /noNLarith /compile:0 /timeLimit:20 Betree/BlockInterface.i.dfy ) 2>&1 | tee build/Betree/BlockInterface.i.verchk-tmp

Dafny program verifier finished with 12 verified, 0 errors
6.59user 0.28system 0:06.86elapsed 100%CPU (0avgtext+0avgdata 128940maxresident)k
0inputs+0outputs (0major+28702minor)pagefaults 0swaps
mv build/Versions/StatesView.i.verchk-tmp build/Versions/StatesView.i.verchk
tools/aggregate-verchk.py verchk build/lib/Base/sequences.i.verchk tools/aggregate-verchk.py build/lib/Base/Option.s.verified build/lib/Base/Option.s.verchk build/lib/Lang/NativeTypes.s.verified build/lib/Lang/NativeTypes.s.verchk build/lib/Base/mathematics.i.verified build/lib/Base/mathematics.i.verchk 2>&1 | tee build/lib/Base/sequences.i.verified-tmp; test ${PIPESTATUS[0]} -eq 0
['build/lib/Base/sequences.i.verchk', 'build/lib/Base/Option.s.verchk', 'build/lib/Lang/NativeTypes.s.verchk', 'build/lib/Base/mathematics.i.verchk']
0 verification error build/lib/Base/sequences.i.verchk
mv build/lib/Base/sequences.i.verified-tmp build/lib/Base/sequences.i.verified
( /usr/bin/time .dafny/dafny//Binaries/Dafny /noNLarith /compile:0 /timeLimit:20 lib/Buckets/BucketMap.i.dfy ) 2>&1 | tee build/lib/Buckets/BucketMap.i.verchk-tmp

Dafny program verifier finished with 22 verified, 0 errors
9.56user 0.33system 0:09.95elapsed 99%CPU (0avgtext+0avgdata 143060maxresident)k
0inputs+0outputs (0major+34019minor)pagefaults 0swaps
mv build/Impl/BlockAllocatorImpl.i.verchk-tmp build/Impl/BlockAllocatorImpl.i.verchk
tools/aggregate-verchk.py verchk build/lib/DataStructures/LinearMutableMapBase.i.verchk tools/aggregate-verchk.py build/lib/Lang/NativeTypes.s.verified build/lib/Lang/NativeTypes.s.verchk build/lib/Lang/System/Arithmetic.s.verified build/lib/Lang/System/Arithmetic.s.verchk build/lib/Base/SetBijectivity.i.verified build/lib/Base/SetBijectivity.i.verchk build/lib/Base/sequences.i.verified build/lib/Base/sequences.i.verchk build/lib/Base/Option.s.verified build/lib/Base/Option.s.verchk 2>&1 | tee build/lib/DataStructures/LinearMutableMapBase.i.verified-tmp; test ${PIPESTATUS[0]} -eq 0
['build/lib/DataStructures/LinearMutableMapBase.i.verchk', 'build/lib/Lang/NativeTypes.s.verchk', 'build/lib/Lang/System/Arithmetic.s.verchk', 'build/lib/Base/SetBijectivity.i.verchk', 'build/lib/Base/sequences.i.verchk', 'build/lib/Base/Option.s.verchk']
0 verification error build/lib/Base/SetBijectivity.i.verchk
mv build/lib/DataStructures/LinearMutableMapBase.i.verified-tmp build/lib/DataStructures/LinearMutableMapBase.i.verified
tools/aggregate-verchk.py verchk build/lib/Base/BitsetLemmas.i.verchk tools/aggregate-verchk.py build/lib/Lang/NativeTypes.s.verified build/lib/Lang/NativeTypes.s.verchk build/lib/Base/MathAxioms.s.verified build/lib/Base/MathAxioms.s.verchk 2>&1 | tee build/lib/Base/BitsetLemmas.i.verified-tmp; test ${PIPESTATUS[0]} -eq 0
['build/lib/Base/BitsetLemmas.i.verchk', 'build/lib/Lang/NativeTypes.s.verchk', 'build/lib/Base/MathAxioms.s.verchk']
0 verification timeout build/lib/Base/BitsetLemmas.i.verchk
mv build/lib/Base/BitsetLemmas.i.verified-tmp build/lib/Base/BitsetLemmas.i.verified
tools/aggregate-verchk.py verchk build/Versions/VOp.i.verchk tools/aggregate-verchk.py build/MapSpec/UI.s.verified build/MapSpec/UI.s.verchk build/BlockCacheSystem/DiskLayout.i.verified build/BlockCacheSystem/DiskLayout.i.verchk 2>&1 | tee build/Versions/VOp.i.verified-tmp; test ${PIPESTATUS[0]} -eq 0
['build/Versions/VOp.i.verchk', 'build/MapSpec/UI.s.verchk', 'build/BlockCacheSystem/DiskLayout.i.verchk']
0 verification error build/BlockCacheSystem/DiskLayout.i.verchk
mv build/Versions/VOp.i.verified-tmp build/Versions/VOp.i.verified
( /usr/bin/time .dafny/dafny//Binaries/Dafny /noNLarith /compile:0 /timeLimit:20 BlockCacheSystem/JournalInterval.i.dfy ) 2>&1 | tee build/BlockCacheSystem/JournalInterval.i.verchk-tmp

Dafny program verifier finished with 56 verified, 0 errors
39.46user 0.90system 0:40.22elapsed 100%CPU (0avgtext+0avgdata 271760maxresident)k
0inputs+0outputs (0major+74902minor)pagefaults 0swaps
mv build/lib/Buckets/BoundedPivotsLib.i.verchk-tmp build/lib/Buckets/BoundedPivotsLib.i.verchk
tools/aggregate-verchk.py verchk build/lib/DataStructures/LruModel.i.verchk tools/aggregate-verchk.py build/lib/Lang/NativeTypes.s.verified build/lib/Lang/NativeTypes.s.verchk build/lib/Base/sequences.i.verified build/lib/Base/sequences.i.verchk build/lib/Base/Option.s.verified build/lib/Base/Option.s.verchk 2>&1 | tee build/lib/DataStructures/LruModel.i.verified-tmp; test ${PIPESTATUS[0]} -eq 0
['build/lib/DataStructures/LruModel.i.verchk', 'build/lib/Lang/NativeTypes.s.verchk', 'build/lib/Base/sequences.i.verchk', 'build/lib/Base/Option.s.verchk']
0 verification error build/lib/Base/sequences.i.verchk
mv build/lib/DataStructures/LruModel.i.verified-tmp build/lib/DataStructures/LruModel.i.verified
tools/aggregate-verchk.py verchk build/lib/Checksums/F2_X_Lemmas.i.verchk tools/aggregate-verchk.py build/lib/Lang/System/F2_X.s.verified build/lib/Lang/System/F2_X.s.verchk build/lib/Base/SetBijectivity.i.verified build/lib/Base/SetBijectivity.i.verchk 2>&1 | tee build/lib/Checksums/F2_X_Lemmas.i.verified-tmp; test ${PIPESTATUS[0]} -eq 0
['build/lib/Checksums/F2_X_Lemmas.i.verchk', 'build/lib/Lang/System/F2_X.s.verchk', 'build/lib/Base/SetBijectivity.i.verchk']
0 verification error build/lib/Base/SetBijectivity.i.verchk
mv build/lib/Checksums/F2_X_Lemmas.i.verified-tmp build/lib/Checksums/F2_X_Lemmas.i.verified
tools/aggregate-verchk.py verchk build/lib/Checksums/BitLemmas.i.verchk tools/aggregate-verchk.py build/lib/Lang/System/Bits.s.verified build/lib/Lang/System/Bits.s.verchk build/lib/Lang/System/F2_X.s.verified build/lib/Lang/System/F2_X.s.verchk build/lib/Checksums/CRC32C.s.verified build/lib/Checksums/CRC32C.s.verchk build/lib/Marshalling/Math.i.verified build/lib/Marshalling/Math.i.verchk build/lib/Lang/System/PackedInts.s.verified build/lib/Lang/System/PackedInts.s.verchk 2>&1 | tee build/lib/Checksums/BitLemmas.i.verified-tmp; test ${PIPESTATUS[0]} -eq 0
['build/lib/Checksums/BitLemmas.i.verchk', 'build/lib/Lang/System/Bits.s.verchk', 'build/lib/Lang/System/F2_X.s.verchk', 'build/lib/Checksums/CRC32C.s.verchk', 'build/lib/Marshalling/Math.i.verchk', 'build/lib/Lang/System/PackedInts.s.verchk']
0 verification error build/lib/Checksums/BitLemmas.i.verchk
mv build/lib/Checksums/BitLemmas.i.verified-tmp build/lib/Checksums/BitLemmas.i.verified
( /usr/bin/time .dafny/dafny//Binaries/Dafny /noNLarith /compile:0 /timeLimit:20 lib/Checksums/CRC32Lut.i.dfy ) 2>&1 | tee build/lib/Checksums/CRC32Lut.i.verchk-tmp

Dafny program verifier finished with 10 verified, 0 errors
15.34user 0.42system 0:15.76elapsed 100%CPU (0avgtext+0avgdata 214788maxresident)k
0inputs+0outputs (0major+86317minor)pagefaults 0swaps
mv build/lib/DataStructures/LinearLru.i.verchk-tmp build/lib/DataStructures/LinearLru.i.verchk
( /usr/bin/time .dafny/dafny//Binaries/Dafny /noNLarith /compile:0 /timeLimit:20 lib/DataStructures/KMBtree.i.dfy ) 2>&1 | tee build/lib/DataStructures/KMBtree.i.verchk-tmp
/root/verichecks-worker/worker-dir/clones/586b964477c74401e3481d6b8cfefe8bbf126678/lib/DataStructures/LinearDList.i.dfy(323,24): Verification of 'Impl$$DList.DList.InsertBefore' timed out after 20 seconds

Dafny program verifier finished with 24 verified, 0 errors, 2 time outs
Command exited with non-zero status 4
58.29user 0.42system 0:59.47elapsed 98%CPU (0avgtext+0avgdata 154488maxresident)k
0inputs+0outputs (0major+60300minor)pagefaults 0swaps
mv build/lib/DataStructures/LinearDList.i.verchk-tmp build/lib/DataStructures/LinearDList.i.verchk
tools/aggregate-verchk.py verchk build/lib/Base/Arrays.i.verchk tools/aggregate-verchk.py build/lib/Lang/NativeTypes.s.verified build/lib/Lang/NativeTypes.s.verchk build/lib/Base/sequences.i.verified build/lib/Base/sequences.i.verchk 2>&1 | tee build/lib/Base/Arrays.i.verified-tmp; test ${PIPESTATUS[0]} -eq 0
['build/lib/Base/Arrays.i.verchk', 'build/lib/Lang/NativeTypes.s.verchk', 'build/lib/Base/sequences.i.verchk']
0 verification error build/lib/Base/sequences.i.verchk
mv build/lib/Base/Arrays.i.verified-tmp build/lib/Base/Arrays.i.verified
tools/aggregate-verchk.py verchk build/Versions/StatesView.i.verchk tools/aggregate-verchk.py build/MapSpec/UIStateMachine.s.verified build/MapSpec/UIStateMachine.s.verchk build/lib/Base/Option.s.verified build/lib/Base/Option.s.verchk build/Versions/VOp.i.verified build/Versions/VOp.i.verchk 2>&1 | tee build/Versions/StatesView.i.verified-tmp; test ${PIPESTATUS[0]} -eq 0

Dafny program verifier finished with 29 verified, 0 errors
/root/verichecks-worker/worker-dir/clones/586b964477c74401e3481d6b8cfefe8bbf126678/lib/Marshalling/GenericMarshalling.i.dfy(2126,40): Error: assertion violation
Execution trace:
    (0,0): anon0
/root/verichecks-worker/worker-dir/clones/586b964477c74401e3481d6b8cfefe8bbf126678/lib/Marshalling/GenericMarshalling.i.dfy(2128,49): Error: assertion violation
Execution trace:
    (0,0): anon0
['build/Versions/StatesView.i.verchk', 'build/MapSpec/UIStateMachine.s.verchk', 'build/lib/Base/Option.s.verchk', 'build/Versions/VOp.i.verchk']
1 verified successfully build/Versions/StatesView.i.verchk
30.35user 0.66system 0:30.89elapsed 100%CPU (0avgtext+0avgdata 289700maxresident)k
0inputs+0outputs (0major+98177minor)pagefaults 0swaps
mv build/lib/Checksums/CRC32Lemmas.i.verchk-tmp build/lib/Checksums/CRC32Lemmas.i.verchk
mv build/Versions/StatesView.i.verified-tmp build/Versions/StatesView.i.verified
( /usr/bin/time .dafny/dafny//Binaries/Dafny /noNLarith /compile:0 /timeLimit:20 Versions/StatesViewMap.i.dfy ) 2>&1 | tee build/Versions/StatesViewMap.i.verchk-tmp
touch build/MapSpec/ThreeStateVersioned.s.dummydep
touch build/ByteBlockCacheSystem/AsyncDiskModel.s.dummydep
touch build/Betree/BlockInterface.i.dummydep
touch build/lib/Buckets/BucketMap.i.dummydep
touch build/BlockCacheSystem/JournalInterval.i.dummydep
touch build/ByteBlockCacheSystem/JournalBytes.i.dummydep
touch build/lib/Checksums/CRC32Lut.i.dummydep
touch build/lib/DataStructures/KMBtree.i.dummydep
touch build/Versions/JournalView.i.dummydep
touch build/MapSpec/TSJ.i.dummydep
tools/aggregate-verchk.py verchk build/MapSpec/MapSpec.s.verchk tools/aggregate-verchk.py build/lib/Base/Option.s.verified build/lib/Base/Option.s.verchk build/lib/Lang/System/SeqComparison.s.verified build/lib/Lang/System/SeqComparison.s.verchk build/MapSpec/UI.s.verified build/MapSpec/UI.s.verchk build/MapSpec/UIStateMachine.s.verified build/MapSpec/UIStateMachine.s.verchk 2>&1 | tee build/MapSpec/MapSpec.s.verified-tmp; test ${PIPESTATUS[0]} -eq 0
['build/MapSpec/MapSpec.s.verchk', 'build/lib/Base/Option.s.verchk', 'build/lib/Lang/System/SeqComparison.s.verchk', 'build/MapSpec/UI.s.verchk', 'build/MapSpec/UIStateMachine.s.verchk']
1 verified successfully build/MapSpec/MapSpec.s.verchk
mv build/MapSpec/MapSpec.s.verified-tmp build/MapSpec/MapSpec.s.verified
( /usr/bin/time .dafny/dafny//Binaries/Dafny /noNLarith /compile:0 /timeLimit:20 MapSpec/ThreeStateVersionedMap.s.dfy ) 2>&1 | tee build/MapSpec/ThreeStateVersionedMap.s.verchk-tmp
/root/verichecks-worker/worker-dir/clones/586b964477c74401e3481d6b8cfefe8bbf126678/lib/Marshalling/GenericMarshalling.i.dfy(2149,0): Error: A postcondition might not hold on this return path.
/root/verichecks-worker/worker-dir/clones/586b964477c74401e3481d6b8cfefe8bbf126678/lib/Marshalling/GenericMarshalling.i.dfy(2145,84): Related location: This is the postcondition that might not hold.
Execution trace:
    (0,0): anon0
/root/verichecks-worker/worker-dir/clones/586b964477c74401e3481d6b8cfefe8bbf126678/lib/Marshalling/GenericMarshalling.i.dfy(2172,41): Error: assertion violation
Execution trace:
    (0,0): anon0

Dafny program verifier finished with 24 verified, 0 errors
11.52user 0.40system 0:11.82elapsed 100%CPU (0avgtext+0avgdata 170856maxresident)k
0inputs+0outputs (0major+49511minor)pagefaults 0swaps
mv build/ByteBlockCacheSystem/AsyncDiskModel.s.verchk-tmp build/ByteBlockCacheSystem/AsyncDiskModel.s.verchk
tools/aggregate-verchk.py verchk build/MapSpec/ThreeStateVersioned.s.verchk tools/aggregate-verchk.py build/MapSpec/MapSpec.s.verified build/MapSpec/MapSpec.s.verchk build/MapSpec/UIStateMachine.s.verified build/MapSpec/UIStateMachine.s.verchk build/lib/Base/MapRemove.s.verified build/lib/Base/MapRemove.s.verchk 2>&1 | tee build/MapSpec/ThreeStateVersioned.s.verified-tmp; test ${PIPESTATUS[0]} -eq 0
['build/MapSpec/ThreeStateVersioned.s.verchk', 'build/MapSpec/MapSpec.s.verchk', 'build/MapSpec/UIStateMachine.s.verchk', 'build/lib/Base/MapRemove.s.verchk']
1 verified successfully build/MapSpec/ThreeStateVersioned.s.verchk
mv build/MapSpec/ThreeStateVersioned.s.verified-tmp build/MapSpec/ThreeStateVersioned.s.verified
tools/aggregate-verchk.py verchk build/ByteBlockCacheSystem/AsyncDiskModel.s.verchk tools/aggregate-verchk.py build/MapSpec/MapSpec.s.verified build/MapSpec/MapSpec.s.verchk build/lib/Base/MapRemove.s.verified build/lib/Base/MapRemove.s.verchk build/lib/Checksums/CRC32C.s.verified build/lib/Checksums/CRC32C.s.verchk 2>&1 | tee build/ByteBlockCacheSystem/AsyncDiskModel.s.verified-tmp; test ${PIPESTATUS[0]} -eq 0
['build/ByteBlockCacheSystem/AsyncDiskModel.s.verchk', 'build/MapSpec/MapSpec.s.verchk', 'build/lib/Base/MapRemove.s.verchk', 'build/lib/Checksums/CRC32C.s.verchk']
1 verified successfully build/ByteBlockCacheSystem/AsyncDiskModel.s.verchk
mv build/ByteBlockCacheSystem/AsyncDiskModel.s.verified-tmp build/ByteBlockCacheSystem/AsyncDiskModel.s.verified
( /usr/bin/time .dafny/dafny//Binaries/Dafny /noNLarith /compile:0 /timeLimit:20 Impl/MainDiskIOHandler.s.dfy ) 2>&1 | tee build/Impl/MainDiskIOHandler.s.verchk-tmp

Dafny program verifier finished with 0 verified, 0 errors
1.82user 0.09system 0:01.97elapsed 96%CPU (0avgtext+0avgdata 104556maxresident)k
0inputs+0outputs (0major+18429minor)pagefaults 0swaps
mv build/MapSpec/ThreeStateVersionedMap.s.verchk-tmp build/MapSpec/ThreeStateVersionedMap.s.verchk
tools/aggregate-verchk.py verchk build/Betree/Graph.i.verchk tools/aggregate-verchk.py build/lib/Base/sequences.i.verified build/lib/Base/sequences.i.verchk build/lib/Lang/NativeTypes.s.verified build/lib/Lang/NativeTypes.s.verchk 2>&1 | tee build/Betree/Graph.i.verified-tmp; test ${PIPESTATUS[0]} -eq 0
['build/Betree/Graph.i.verchk', 'build/lib/Base/sequences.i.verchk', 'build/lib/Lang/NativeTypes.s.verchk']
0 verification error build/lib/Base/sequences.i.verchk
mv build/Betree/Graph.i.verified-tmp build/Betree/Graph.i.verified
tools/aggregate-verchk.py verchk build/lib/Base/Message.i.verchk tools/aggregate-verchk.py build/lib/Base/KeyType.s.verified build/lib/Base/KeyType.s.verchk build/lib/Lang/NativeTypes.s.verified build/lib/Lang/NativeTypes.s.verchk build/lib/Lang/LinearSequence.s.verified build/lib/Lang/LinearSequence.s.verchk build/lib/Base/sequences.i.verified build/lib/Base/sequences.i.verchk 2>&1 | tee build/lib/Base/Message.i.verified-tmp; test ${PIPESTATUS[0]} -eq 0
['build/lib/Base/Message.i.verchk', 'build/lib/Base/KeyType.s.verchk', 'build/lib/Lang/NativeTypes.s.verchk', 'build/lib/Lang/LinearSequence.s.verchk', 'build/lib/Base/sequences.i.verchk']
0 verification error build/lib/Base/sequences.i.verchk
mv build/lib/Base/Message.i.verified-tmp build/lib/Base/Message.i.verified
( /usr/bin/time .dafny/dafny//Binaries/Dafny /noNLarith /compile:0 /timeLimit:20 Betree/BetreeSpec.i.dfy ) 2>&1 | tee build/Betree/BetreeSpec.i.verchk-tmp

Dafny program verifier finished with 2 verified, 0 errors
4.03user 0.12system 0:04.08elapsed 101%CPU (0avgtext+0avgdata 122588maxresident)k
0inputs+0outputs (0major+26757minor)pagefaults 0swaps
mv build/Versions/StatesViewMap.i.verchk-tmp build/Versions/StatesViewMap.i.verchk
( /usr/bin/time .dafny/dafny//Binaries/Dafny /noNLarith /compile:0 /timeLimit:20 lib/Buckets/BucketsLib.i.dfy ) 2>&1 | tee build/lib/Buckets/BucketsLib.i.verchk-tmp

Dafny program verifier finished with 5 verified, 0 errors
4.34user 0.18system 0:04.61elapsed 98%CPU (0avgtext+0avgdata 126848maxresident)k
0inputs+0outputs (0major+27512minor)pagefaults 0swaps
mv build/Impl/MainDiskIOHandler.s.verchk-tmp build/Impl/MainDiskIOHandler.s.verchk
tools/aggregate-verchk.py verchk build/lib/Base/Multisets.i.verchk tools/aggregate-verchk.py build/lib/Base/Maps.i.verified build/lib/Base/Maps.i.verchk build/lib/Base/sequences.i.verified build/lib/Base/sequences.i.verchk 2>&1 | tee build/lib/Base/Multisets.i.verified-tmp; test ${PIPESTATUS[0]} -eq 0
['build/lib/Base/Multisets.i.verchk', 'build/lib/Base/Maps.i.verchk', 'build/lib/Base/sequences.i.verchk']
0 verification error build/lib/Base/sequences.i.verchk
mv build/lib/Base/Multisets.i.verified-tmp build/lib/Base/Multisets.i.verified
tools/aggregate-verchk.py verchk build/lib/DataStructures/BitmapModel.i.verchk tools/aggregate-verchk.py build/lib/Lang/NativeTypes.s.verified build/lib/Lang/NativeTypes.s.verchk build/lib/Base/Option.s.verified build/lib/Base/Option.s.verchk build/lib/Base/BitsetLemmas.i.verified build/lib/Base/BitsetLemmas.i.verchk build/lib/Lang/System/NativeArrays.s.verified build/lib/Lang/System/NativeArrays.s.verchk 2>&1 | tee build/lib/DataStructures/BitmapModel.i.verified-tmp; test ${PIPESTATUS[0]} -eq 0
['build/lib/DataStructures/BitmapModel.i.verchk', 'build/lib/Lang/NativeTypes.s.verchk', 'build/lib/Base/Option.s.verchk', 'build/lib/Base/BitsetLemmas.i.verchk', 'build/lib/Lang/System/NativeArrays.s.verchk']
0 verification timeout build/lib/Base/BitsetLemmas.i.verchk
mv build/lib/DataStructures/BitmapModel.i.verified-tmp build/lib/DataStructures/BitmapModel.i.verified
tools/aggregate-verchk.py verchk build/lib/DataStructures/LinearDList.i.verchk tools/aggregate-verchk.py build/lib/Lang/NativeTypes.s.verified build/lib/Lang/NativeTypes.s.verchk build/lib/Base/Option.s.verified build/lib/Base/Option.s.verchk build/lib/Lang/LinearSequence.s.verified build/lib/Lang/LinearSequence.s.verchk build/lib/Lang/LinearSequence.i.verified build/lib/Lang/LinearSequence.i.verchk 2>&1 | tee build/lib/DataStructures/LinearDList.i.verified-tmp; test ${PIPESTATUS[0]} -eq 0
['build/lib/DataStructures/LinearDList.i.verchk', 'build/lib/Lang/NativeTypes.s.verchk', 'build/lib/Base/Option.s.verchk', 'build/lib/Lang/LinearSequence.s.verchk', 'build/lib/Lang/LinearSequence.i.verchk']
0 verification timeout build/lib/DataStructures/LinearDList.i.verchk
mv build/lib/DataStructures/LinearDList.i.verified-tmp build/lib/DataStructures/LinearDList.i.verified
tools/aggregate-verchk.py verchk build/MapSpec/Journal.i.verchk tools/aggregate-verchk.py build/lib/Base/KeyType.s.verified build/lib/Base/KeyType.s.verchk build/lib/Base/Message.i.verified build/lib/Base/Message.i.verchk build/lib/Base/sequences.i.verified build/lib/Base/sequences.i.verchk build/MapSpec/UI.s.verified build/MapSpec/UI.s.verchk 2>&1 | tee build/MapSpec/Journal.i.verified-tmp; test ${PIPESTATUS[0]} -eq 0
['build/MapSpec/Journal.i.verchk', 'build/lib/Base/KeyType.s.verchk', 'build/lib/Base/Message.i.verchk', 'build/lib/Base/sequences.i.verchk', 'build/MapSpec/UI.s.verchk']
0 verification error build/lib/Base/sequences.i.verchk
mv build/MapSpec/Journal.i.verified-tmp build/MapSpec/Journal.i.verified
tools/aggregate-verchk.py verchk build/Impl/BlockAllocatorModel.i.verchk tools/aggregate-verchk.py build/lib/DataStructures/BitmapModel.i.verified build/lib/DataStructures/BitmapModel.i.verchk build/PivotBetree/Bounds.i.verified build/PivotBetree/Bounds.i.verchk 2>&1 | tee build/Impl/BlockAllocatorModel.i.verified-tmp; test ${PIPESTATUS[0]} -eq 0
['build/Impl/BlockAllocatorModel.i.verchk', 'build/lib/DataStructures/BitmapModel.i.verchk', 'build/PivotBetree/Bounds.i.verchk']
0 verification error build/PivotBetree/Bounds.i.verchk
mv build/Impl/BlockAllocatorModel.i.verified-tmp build/Impl/BlockAllocatorModel.i.verified
( /usr/bin/time .dafny/dafny//Binaries/Dafny /noNLarith /compile:0 /timeLimit:20 ByteBlockCacheSystem/JournalBytes.i.dfy ) 2>&1 | tee build/ByteBlockCacheSystem/JournalBytes.i.verchk-tmp

Dafny program verifier finished with 128 verified, 0 errors
68.52user 1.75system 1:10.58elapsed 99%CPU (0avgtext+0avgdata 412460maxresident)k
0inputs+0outputs (0major+142146minor)pagefaults 0swaps
mv build/lib/Base/total_order_impl.i.verchk-tmp build/lib/Base/total_order_impl.i.verchk
( /usr/bin/time .dafny/dafny//Binaries/Dafny /noNLarith /compile:0 /timeLimit:20 Impl/JournalistMarshallingModel.i.dfy ) 2>&1 | tee build/Impl/JournalistMarshallingModel.i.verchk-tmp

Dafny program verifier finished with 134 verified, 4 errors
Command exited with non-zero status 4
73.45user 1.83system 1:15.56elapsed 99%CPU (0avgtext+0avgdata 374188maxresident)k
0inputs+0outputs (0major+108420minor)pagefaults 0swaps
mv build/lib/Marshalling/GenericMarshalling.i.verchk-tmp build/lib/Marshalling/GenericMarshalling.i.verchk
( /usr/bin/time .dafny/dafny//Binaries/Dafny /noNLarith /compile:0 /timeLimit:20 lib/Checksums/CRC32CArrayImpl.i.dfy ) 2>&1 | tee build/lib/Checksums/CRC32CArrayImpl.i.verchk-tmp

Dafny program verifier finished with 22 verified, 0 errors
24.54user 0.56system 0:25.09elapsed 100%CPU (0avgtext+0avgdata 274560maxresident)k
0inputs+0outputs (0major+73692minor)pagefaults 0swaps
mv build/lib/Buckets/BucketMap.i.verchk-tmp build/lib/Buckets/BucketMap.i.verchk
tools/aggregate-verchk.py verchk build/lib/Checksums/CRC32LutLemma.i.verchk tools/aggregate-verchk.py build/lib/Lang/System/F2_X.s.verified build/lib/Lang/System/F2_X.s.verchk build/lib/Checksums/F2_X_Lemmas.i.verified build/lib/Checksums/F2_X_Lemmas.i.verchk build/lib/Marshalling/Math.i.verified build/lib/Marshalling/Math.i.verchk build/lib/Checksums/CRC32PowDef.i.verified build/lib/Checksums/CRC32PowDef.i.verchk 2>&1 | tee build/lib/Checksums/CRC32LutLemma.i.verified-tmp; test ${PIPESTATUS[0]} -eq 0
['build/lib/Checksums/CRC32LutLemma.i.verchk', 'build/lib/Lang/System/F2_X.s.verchk', 'build/lib/Checksums/F2_X_Lemmas.i.verchk', 'build/lib/Marshalling/Math.i.verchk', 'build/lib/Checksums/CRC32PowDef.i.verchk']
0 verification error build/lib/Checksums/CRC32LutLemma.i.verchk
mv build/lib/Checksums/CRC32LutLemma.i.verified-tmp build/lib/Checksums/CRC32LutLemma.i.verified
( /usr/bin/time .dafny/dafny//Binaries/Dafny /noNLarith /compile:0 /timeLimit:20 lib/Checksums/CRC32CImpl.i.dfy ) 2>&1 | tee build/lib/Checksums/CRC32CImpl.i.verchk-tmp

Dafny program verifier finished with 41 verified, 0 errors
24.21user 0.63system 0:24.85elapsed 99%CPU (0avgtext+0avgdata 190032maxresident)k
0inputs+0outputs (0major+51986minor)pagefaults 0swaps
mv build/BlockCacheSystem/JournalInterval.i.verchk-tmp build/BlockCacheSystem/JournalInterval.i.verchk
tools/aggregate-verchk.py verchk build/Versions/StatesViewMap.i.verchk tools/aggregate-verchk.py build/MapSpec/MapSpec.s.verified build/MapSpec/MapSpec.s.verchk build/Versions/StatesView.i.verified build/Versions/StatesView.i.verchk 2>&1 | tee build/Versions/StatesViewMap.i.verified-tmp; test ${PIPESTATUS[0]} -eq 0
['build/Versions/StatesViewMap.i.verchk', 'build/MapSpec/MapSpec.s.verchk', 'build/Versions/StatesView.i.verchk']
1 verified successfully build/Versions/StatesViewMap.i.verchk
mv build/Versions/StatesViewMap.i.verified-tmp build/Versions/StatesViewMap.i.verified
( /usr/bin/time .dafny/dafny//Binaries/Dafny /noNLarith /compile:0 /timeLimit:20 Versions/JournalView.i.dfy ) 2>&1 | tee build/Versions/JournalView.i.verchk-tmp
/root/verichecks-worker/worker-dir/clones/586b964477c74401e3481d6b8cfefe8bbf126678/ByteBlockCacheSystem/JournalBytes.i.dfy(113,60): Error: possible violation of postcondition of forall statement
Execution trace:
    (0,0): anon0
    (0,0): anon21_Else
    (0,0): anon22_Then
    (0,0): anon23_Then
    (0,0): anon5
/root/verichecks-worker/worker-dir/clones/586b964477c74401e3481d6b8cfefe8bbf126678/ByteBlockCacheSystem/JournalBytes.i.dfy(130,58): Error: destructor 'value' can only be applied to datatype values constructed by 'Some'
Execution trace:
    (0,0): anon0
    (0,0): anon21_Else
    (0,0): anon22_Else
    (0,0): anon24_Then
    (0,0): anon25_Then
    (0,0): anon10
    (0,0): anon26_Then
    (0,0): anon29_Then

Dafny program verifier finished with 13 verified, 2 errors
Command exited with non-zero status 4
15.45user 0.36system 0:15.72elapsed 100%CPU (0avgtext+0avgdata 204684maxresident)k
0inputs+0outputs (0major+54370minor)pagefaults 0swaps
mv build/ByteBlockCacheSystem/JournalBytes.i.verchk-tmp build/ByteBlockCacheSystem/JournalBytes.i.verchk
( /usr/bin/time .dafny/dafny//Binaries/Dafny /noNLarith /compile:0 /timeLimit:20 MapSpec/TSJMap.i.dfy ) 2>&1 | tee build/MapSpec/TSJMap.i.verchk-tmp
/root/verichecks-worker/worker-dir/clones/586b964477c74401e3481d6b8cfefe8bbf126678/Betree/BlockInterface.i.dfy(206,8): Verification of 'Impl$$BlockInterface.__default.TransactionPreservesInv' timed out after 20 seconds

Dafny program verifier finished with 55 verified, 0 errors
52.62user 0.97system 0:53.92elapsed 99%CPU (0avgtext+0avgdata 329296maxresident)k
0inputs+0outputs (0major+100869minor)pagefaults 0swaps
mv build/lib/DataStructures/MutableBtree.i.verchk-tmp build/lib/DataStructures/MutableBtree.i.verchk
( /usr/bin/time .dafny/dafny//Binaries/Dafny /noNLarith /compile:0 /timeLimit:20 MapSpec/TSJ.i.dfy ) 2>&1 | tee build/MapSpec/TSJ.i.verchk-tmp
/root/verichecks-worker/worker-dir/clones/586b964477c74401e3481d6b8cfefe8bbf126678/lib/DataStructures/BtreeModel.i.dfy(332,8): Verification of 'Impl$$BtreeModel.__default.SplitLeafInterpretation' timed out after 20 seconds

Dafny program verifier finished with 82 verified, 0 errors
85.47user 1.17system 1:27.47elapsed 99%CPU (0avgtext+0avgdata 288484maxresident)k
0inputs+0outputs (0major+104521minor)pagefaults 0swaps
mv build/lib/DataStructures/LinearMutableMap.i.verchk-tmp build/lib/DataStructures/LinearMutableMap.i.verchk
touch build/MapSpec/ThreeStateVersionedMap.s.dummydep
touch build/Impl/MainDiskIOHandler.s.dummydep
touch build/Betree/BetreeSpec.i.dummydep
touch build/lib/Buckets/BucketsLib.i.dummydep
touch build/Impl/JournalistMarshallingModel.i.dummydep
touch build/lib/Checksums/CRC32CArrayImpl.i.dummydep
touch build/lib/Checksums/CRC32CImpl.i.dummydep
touch build/lib/Buckets/BucketIteratorModel.i.dummydep
touch build/MapSpec/TSJMap.i.dummydep
( /usr/bin/time .dafny/dafny//Binaries/Dafny /noNLarith /compile:0 /timeLimit:20 Impl/Main.s.dfy ) 2>&1 | tee build/Impl/Main.s.verchk-tmp

Dafny program verifier finished with 12 verified, 0 errors
10.44user 0.28system 0:10.66elapsed 100%CPU (0avgtext+0avgdata 181264maxresident)k
0inputs+0outputs (0major+44555minor)pagefaults 0swaps
mv build/Versions/JournalView.i.verchk-tmp build/Versions/JournalView.i.verchk
tools/aggregate-verchk.py verchk build/MapSpec/ThreeStateVersionedMap.s.verchk tools/aggregate-verchk.py build/MapSpec/ThreeStateVersioned.s.verified build/MapSpec/ThreeStateVersioned.s.verchk build/MapSpec/MapSpec.s.verified build/MapSpec/MapSpec.s.verchk 2>&1 | tee build/MapSpec/ThreeStateVersionedMap.s.verified-tmp; test ${PIPESTATUS[0]} -eq 0
/root/verichecks-worker/worker-dir/clones/586b964477c74401e3481d6b8cfefe8bbf126678/lib/Checksums/CRC32Lut.i.dfy(259,28): Verification of 'CheckWellformed$$CRC32__C__Lut.__default.combine' timed out after 20 seconds
['build/MapSpec/ThreeStateVersionedMap.s.verchk', 'build/MapSpec/ThreeStateVersioned.s.verchk', 'build/MapSpec/MapSpec.s.verchk']
1 verified successfully build/MapSpec/ThreeStateVersionedMap.s.verchk
mv build/MapSpec/ThreeStateVersionedMap.s.verified-tmp build/MapSpec/ThreeStateVersionedMap.s.verified
tools/aggregate-verchk.py verchk build/Impl/MainDiskIOHandler.s.verchk tools/aggregate-verchk.py build/lib/Lang/NativeTypes.s.verified build/lib/Lang/NativeTypes.s.verchk build/ByteBlockCacheSystem/AsyncDiskModel.s.verified build/ByteBlockCacheSystem/AsyncDiskModel.s.verchk 2>&1 | tee build/Impl/MainDiskIOHandler.s.verified-tmp; test ${PIPESTATUS[0]} -eq 0
['build/Impl/MainDiskIOHandler.s.verchk', 'build/lib/Lang/NativeTypes.s.verchk', 'build/ByteBlockCacheSystem/AsyncDiskModel.s.verchk']
1 verified successfully build/Impl/MainDiskIOHandler.s.verchk
mv build/Impl/MainDiskIOHandler.s.verified-tmp build/Impl/MainDiskIOHandler.s.verified
tools/aggregate-verchk.py verchk build/Betree/Transactable.i.verchk tools/aggregate-verchk.py build/lib/Base/sequences.i.verified build/lib/Base/sequences.i.verchk build/Betree/Graph.i.verified build/Betree/Graph.i.verchk 2>&1 | tee build/Betree/Transactable.i.verified-tmp; test ${PIPESTATUS[0]} -eq 0
['build/Betree/Transactable.i.verchk', 'build/lib/Base/sequences.i.verchk', 'build/Betree/Graph.i.verchk']
0 verification error build/lib/Base/sequences.i.verchk
mv build/Betree/Transactable.i.verified-tmp build/Betree/Transactable.i.verified
( /usr/bin/time .dafny/dafny//Binaries/Dafny /noNLarith /compile:0 /timeLimit:20 Betree/Betree.i.dfy ) 2>&1 | tee build/Betree/Betree.i.verchk-tmp

Dafny program verifier finished with 39 verified, 0 errors, 1 time out
Command exited with non-zero status 4
39.19user 0.76system 0:40.22elapsed 99%CPU (0avgtext+0avgdata 180016maxresident)k
0inputs+0outputs (0major+102916minor)pagefaults 0swaps
mv build/Betree/BlockInterface.i.verchk-tmp build/Betree/BlockInterface.i.verchk
( /usr/bin/time .dafny/dafny//Binaries/Dafny /noNLarith /compile:0 /timeLimit:20 lib/Buckets/BucketWeights.i.dfy ) 2>&1 | tee build/lib/Buckets/BucketWeights.i.verchk-tmp
/root/verichecks-worker/worker-dir/clones/586b964477c74401e3481d6b8cfefe8bbf126678/lib/DataStructures/LinearContentMutableMap.i.dfy(588,9): Verification of 'Impl$$LinearContentMutableMap.__default.Realloc' timed out after 20 seconds

Dafny program verifier finished with 12 verified, 0 errors
8.33user 0.30system 0:08.66elapsed 99%CPU (0avgtext+0avgdata 150500maxresident)k
0inputs+0outputs (0major+34348minor)pagefaults 0swaps
mv build/Impl/Main.s.verchk-tmp build/Impl/Main.s.verchk
tools/aggregate-verchk.py verchk build/lib/DataStructures/LinearMutableMap.i.verchk tools/aggregate-verchk.py build/lib/Lang/Inout.i.verified build/lib/Lang/Inout.i.verchk build/lib/Lang/LinearSequence.s.verified build/lib/Lang/LinearSequence.s.verchk build/lib/Lang/LinearSequence.i.verified build/lib/Lang/LinearSequence.i.verchk build/lib/Lang/NativeTypes.s.verified build/lib/Lang/NativeTypes.s.verchk build/lib/Base/Option.s.verified build/lib/Base/Option.s.verchk build/lib/Base/sequences.i.verified build/lib/Base/sequences.i.verchk build/lib/Base/Sets.i.verified build/lib/Base/Sets.i.verchk build/lib/Base/Maps.i.verified build/lib/Base/Maps.i.verchk build/lib/DataStructures/LinearMutableMapBase.i.verified build/lib/DataStructures/LinearMutableMapBase.i.verchk 2>&1 | tee build/lib/DataStructures/LinearMutableMap.i.verified-tmp; test ${PIPESTATUS[0]} -eq 0
['build/lib/DataStructures/LinearMutableMap.i.verchk', 'build/lib/Lang/Inout.i.verchk', 'build/lib/Lang/LinearSequence.s.verchk', 'build/lib/Lang/LinearSequence.i.verchk', 'build/lib/Lang/NativeTypes.s.verchk', 'build/lib/Base/Option.s.verchk', 'build/lib/Base/sequences.i.verchk', 'build/lib/Base/Sets.i.verchk', 'build/lib/Base/Maps.i.verchk', 'build/lib/DataStructures/LinearMutableMapBase.i.verchk']
0 verification error build/lib/Base/sequences.i.verchk
mv build/lib/DataStructures/LinearMutableMap.i.verified-tmp build/lib/DataStructures/LinearMutableMap.i.verified
tools/aggregate-verchk.py verchk build/lib/DataStructures/BitmapImpl.i.verchk tools/aggregate-verchk.py build/lib/Base/DebugAccumulator.i.verified build/lib/Base/DebugAccumulator.i.verchk build/lib/DataStructures/BitmapModel.i.verified build/lib/DataStructures/BitmapModel.i.verchk 2>&1 | tee build/lib/DataStructures/BitmapImpl.i.verified-tmp; test ${PIPESTATUS[0]} -eq 0
['build/lib/DataStructures/BitmapImpl.i.verchk', 'build/lib/Base/DebugAccumulator.i.verchk', 'build/lib/DataStructures/BitmapModel.i.verchk']
1 verified successfully build/lib/DataStructures/BitmapImpl.i.verchk
mv build/lib/DataStructures/BitmapImpl.i.verified-tmp build/lib/DataStructures/BitmapImpl.i.verified
tools/aggregate-verchk.py verchk build/lib/DataStructures/LinearUSeq.i.verchk tools/aggregate-verchk.py build/lib/Lang/NativeTypes.s.verified build/lib/Lang/NativeTypes.s.verchk build/lib/Base/Option.s.verified build/lib/Base/Option.s.verchk build/lib/Base/sequences.i.verified build/lib/Base/sequences.i.verchk build/lib/DataStructures/LinearMutableMap.i.verified build/lib/DataStructures/LinearMutableMap.i.verchk build/lib/DataStructures/LinearDList.i.verified build/lib/DataStructures/LinearDList.i.verchk 2>&1 | tee build/lib/DataStructures/LinearUSeq.i.verified-tmp; test ${PIPESTATUS[0]} -eq 0
['build/lib/DataStructures/LinearUSeq.i.verchk', 'build/lib/Lang/NativeTypes.s.verchk', 'build/lib/Base/Option.s.verchk', 'build/lib/Base/sequences.i.verchk', 'build/lib/DataStructures/LinearMutableMap.i.verchk', 'build/lib/DataStructures/LinearDList.i.verchk']
0 verification error build/lib/Base/sequences.i.verchk
mv build/lib/DataStructures/LinearUSeq.i.verified-tmp build/lib/DataStructures/LinearUSeq.i.verified
tools/aggregate-verchk.py verchk build/BlockCacheSystem/JournalRange.i.verchk tools/aggregate-verchk.py build/MapSpec/Journal.i.verified build/MapSpec/Journal.i.verchk build/lib/Base/Option.s.verified build/lib/Base/Option.s.verchk build/lib/Lang/System/PackedInts.s.verified build/lib/Lang/System/PackedInts.s.verchk 2>&1 | tee build/BlockCacheSystem/JournalRange.i.verified-tmp; test ${PIPESTATUS[0]} -eq 0
['build/BlockCacheSystem/JournalRange.i.verchk', 'build/MapSpec/Journal.i.verchk', 'build/lib/Base/Option.s.verchk', 'build/lib/Lang/System/PackedInts.s.verchk']
1 verified successfully build/BlockCacheSystem/JournalRange.i.verchk
mv build/BlockCacheSystem/JournalRange.i.verified-tmp build/BlockCacheSystem/JournalRange.i.verified
( /usr/bin/time .dafny/dafny//Binaries/Dafny /noNLarith /compile:0 /timeLimit:20 Impl/JournalistMarshallingImpl.i.dfy ) 2>&1 | tee build/Impl/JournalistMarshallingImpl.i.verchk-tmp

Dafny program verifier finished with 16 verified, 0 errors
13.46user 0.38system 0:13.63elapsed 101%CPU (0avgtext+0avgdata 196276maxresident)k
0inputs+0outputs (0major+48712minor)pagefaults 0swaps
mv build/MapSpec/TSJMap.i.verchk-tmp build/MapSpec/TSJMap.i.verchk
tools/aggregate-verchk.py verchk build/lib/Checksums/CRC32Lemmas.i.verchk tools/aggregate-verchk.py build/lib/Checksums/CRC32C.s.verified build/lib/Checksums/CRC32C.s.verchk build/lib/Lang/System/PackedInts.s.verified build/lib/Lang/System/PackedInts.s.verchk build/lib/Checksums/CRC32LutLemma.i.verified build/lib/Checksums/CRC32LutLemma.i.verchk build/lib/Checksums/F2_X_Lemmas.i.verified build/lib/Checksums/F2_X_Lemmas.i.verchk build/lib/Checksums/BitLemmas.i.verified build/lib/Checksums/BitLemmas.i.verchk 2>&1 | tee build/lib/Checksums/CRC32Lemmas.i.verified-tmp; test ${PIPESTATUS[0]} -eq 0
['build/lib/Checksums/CRC32Lemmas.i.verchk', 'build/lib/Checksums/CRC32C.s.verchk', 'build/lib/Lang/System/PackedInts.s.verchk', 'build/lib/Checksums/CRC32LutLemma.i.verchk', 'build/lib/Checksums/F2_X_Lemmas.i.verchk', 'build/lib/Checksums/BitLemmas.i.verchk']
0 verification error build/lib/Checksums/CRC32LutLemma.i.verchk
mv build/lib/Checksums/CRC32Lemmas.i.verified-tmp build/lib/Checksums/CRC32Lemmas.i.verified
( /usr/bin/time .dafny/dafny//Binaries/Dafny /noNLarith /compile:0 /timeLimit:20 Impl/JournalistParsingImpl.i.dfy ) 2>&1 | tee build/Impl/JournalistParsingImpl.i.verchk-tmp

Dafny program verifier finished with 6 verified, 0 errors
11.61user 0.29system 0:11.96elapsed 99%CPU (0avgtext+0avgdata 252828maxresident)k
0inputs+0outputs (0major+62509minor)pagefaults 0swaps
mv build/Betree/Betree.i.verchk-tmp build/Betree/Betree.i.verchk
( /usr/bin/time .dafny/dafny//Binaries/Dafny /noNLarith /compile:0 /timeLimit:20 lib/Buckets/BucketIteratorModel.i.dfy ) 2>&1 | tee build/lib/Buckets/BucketIteratorModel.i.verchk-tmp

Dafny program verifier finished with 48 verified, 0 errors, 1 time out
Command exited with non-zero status 4
89.14user 0.82system 1:30.74elapsed 99%CPU (0avgtext+0avgdata 238420maxresident)k
0inputs+0outputs (0major+111946minor)pagefaults 0swaps
mv build/lib/DataStructures/LinearContentMutableMap.i.verchk-tmp build/lib/DataStructures/LinearContentMutableMap.i.verchk
tools/aggregate-verchk.py verchk build/lib/DataStructures/LinearLru.i.verchk tools/aggregate-verchk.py build/lib/Lang/NativeTypes.s.verified build/lib/Lang/NativeTypes.s.verchk build/lib/Base/Option.s.verified build/lib/Base/Option.s.verchk build/lib/Base/DebugAccumulator.i.verified build/lib/Base/DebugAccumulator.i.verchk build/lib/DataStructures/LruModel.i.verified build/lib/DataStructures/LruModel.i.verchk build/lib/DataStructures/LinearMutableMap.i.verified build/lib/DataStructures/LinearMutableMap.i.verchk build/lib/DataStructures/LinearDList.i.verified build/lib/DataStructures/LinearDList.i.verchk 2>&1 | tee build/lib/DataStructures/LinearLru.i.verified-tmp; test ${PIPESTATUS[0]} -eq 0
['build/lib/DataStructures/LinearLru.i.verchk', 'build/lib/Lang/NativeTypes.s.verchk', 'build/lib/Base/Option.s.verchk', 'build/lib/Base/DebugAccumulator.i.verchk', 'build/lib/DataStructures/LruModel.i.verchk', 'build/lib/DataStructures/LinearMutableMap.i.verchk', 'build/lib/DataStructures/LinearDList.i.verchk']
0 verification timeout build/lib/DataStructures/LinearDList.i.verchk
mv build/lib/DataStructures/LinearLru.i.verified-tmp build/lib/DataStructures/LinearLru.i.verified
tools/aggregate-verchk.py verchk build/Impl/BlockAllocatorImpl.i.verchk tools/aggregate-verchk.py build/lib/Base/DebugAccumulator.i.verified build/lib/Base/DebugAccumulator.i.verchk build/Impl/BlockAllocatorModel.i.verified build/Impl/BlockAllocatorModel.i.verchk build/lib/DataStructures/BitmapImpl.i.verified build/lib/DataStructures/BitmapImpl.i.verchk build/lib/Base/LinearOption.i.verified build/lib/Base/LinearOption.i.verchk 2>&1 | tee build/Impl/BlockAllocatorImpl.i.verified-tmp; test ${PIPESTATUS[0]} -eq 0
['build/Impl/BlockAllocatorImpl.i.verchk', 'build/lib/Base/DebugAccumulator.i.verchk', 'build/Impl/BlockAllocatorModel.i.verchk', 'build/lib/DataStructures/BitmapImpl.i.verchk', 'build/lib/Base/LinearOption.i.verchk']
1 verified successfully build/Impl/BlockAllocatorImpl.i.verchk
mv build/Impl/BlockAllocatorImpl.i.verified-tmp build/Impl/BlockAllocatorImpl.i.verified
tools/aggregate-verchk.py verchk build/lib/DataStructures/LinearContentMutableMap.i.verchk tools/aggregate-verchk.py build/lib/Lang/LinearSequence.s.verified build/lib/Lang/LinearSequence.s.verchk build/lib/Lang/LinearSequence.i.verified build/lib/Lang/LinearSequence.i.verchk build/lib/Base/LinearOption.i.verified build/lib/Base/LinearOption.i.verchk build/lib/Lang/Inout.i.verified build/lib/Lang/Inout.i.verchk build/lib/Lang/NativeTypes.s.verified build/lib/Lang/NativeTypes.s.verchk build/lib/Base/Option.s.verified build/lib/Base/Option.s.verchk build/lib/Base/sequences.i.verified build/lib/Base/sequences.i.verchk build/lib/Base/Sets.i.verified build/lib/Base/Sets.i.verchk build/lib/Base/Maps.i.verified build/lib/Base/Maps.i.verchk build/lib/DataStructures/LinearMutableMapBase.i.verified build/lib/DataStructures/LinearMutableMapBase.i.verchk 2>&1 | tee build/lib/DataStructures/LinearContentMutableMap.i.verified-tmp; test ${PIPESTATUS[0]} -eq 0
['build/lib/DataStructures/LinearContentMutableMap.i.verchk', 'build/lib/Lang/LinearSequence.s.verchk', 'build/lib/Lang/LinearSequence.i.verchk', 'build/lib/Base/LinearOption.i.verchk', 'build/lib/Lang/Inout.i.verchk', 'build/lib/Lang/NativeTypes.s.verchk', 'build/lib/Base/Option.s.verchk', 'build/lib/Base/sequences.i.verchk', 'build/lib/Base/Sets.i.verchk', 'build/lib/Base/Maps.i.verchk', 'build/lib/DataStructures/LinearMutableMapBase.i.verchk']
0 verification error build/lib/Base/sequences.i.verchk
mv build/lib/DataStructures/LinearContentMutableMap.i.verified-tmp build/lib/DataStructures/LinearContentMutableMap.i.verified
( /usr/bin/time .dafny/dafny//Binaries/Dafny /noNLarith /compile:0 /timeLimit:20 Impl/BucketGeneratorModel.i.dfy ) 2>&1 | tee build/Impl/BucketGeneratorModel.i.verchk-tmp

Dafny program verifier finished with 11 verified, 0 errors
24.96user 0.36system 0:25.31elapsed 100%CPU (0avgtext+0avgdata 198824maxresident)k
0inputs+0outputs (0major+67943minor)pagefaults 0swaps
mv build/lib/Checksums/CRC32CImpl.i.verchk-tmp build/lib/Checksums/CRC32CImpl.i.verchk
tools/aggregate-verchk.py verchk build/Versions/JournalView.i.verchk tools/aggregate-verchk.py build/MapSpec/UIStateMachine.s.verified build/MapSpec/UIStateMachine.s.verchk build/MapSpec/Journal.i.verified build/MapSpec/Journal.i.verchk build/lib/Base/Option.s.verified build/lib/Base/Option.s.verchk build/lib/Base/Maps.i.verified build/lib/Base/Maps.i.verchk build/Versions/VOp.i.verified build/Versions/VOp.i.verchk build/MapSpec/ThreeStateVersioned.s.verified build/MapSpec/ThreeStateVersioned.s.verchk 2>&1 | tee build/Versions/JournalView.i.verified-tmp; test ${PIPESTATUS[0]} -eq 0
['build/Versions/JournalView.i.verchk', 'build/MapSpec/UIStateMachine.s.verchk', 'build/MapSpec/Journal.i.verchk', 'build/lib/Base/Option.s.verchk', 'build/lib/Base/Maps.i.verchk', 'build/Versions/VOp.i.verchk', 'build/MapSpec/ThreeStateVersioned.s.verchk']
1 verified successfully build/Versions/JournalView.i.verchk
mv build/Versions/JournalView.i.verified-tmp build/Versions/JournalView.i.verified
( /usr/bin/time .dafny/dafny//Binaries/Dafny /noNLarith /compile:0 /timeLimit:20 Versions/CompositeView.i.dfy ) 2>&1 | tee build/Versions/CompositeView.i.verchk-tmp

Dafny program verifier finished with 12 verified, 0 errors
27.57user 0.39system 0:27.98elapsed 99%CPU (0avgtext+0avgdata 181788maxresident)k
0inputs+0outputs (0major+69512minor)pagefaults 0swaps
mv build/lib/Checksums/CRC32CArrayImpl.i.verchk-tmp build/lib/Checksums/CRC32CArrayImpl.i.verchk
( /usr/bin/time .dafny/dafny//Binaries/Dafny /noNLarith /compile:0 /timeLimit:20 MapSpec/TSJMap_Refines_ThreeStateVersionedMap.i.dfy ) 2>&1 | tee build/MapSpec/TSJMap_Refines_ThreeStateVersionedMap.i.verchk-tmp

Dafny program verifier finished with 33 verified, 0 errors
22.51user 0.52system 0:22.90elapsed 100%CPU (0avgtext+0avgdata 201660maxresident)k
0inputs+0outputs (0major+53569minor)pagefaults 0swaps
mv build/MapSpec/TSJ.i.verchk-tmp build/MapSpec/TSJ.i.verchk
touch build/Impl/Main.s.dummydep
touch build/Betree/Betree.i.dummydep
touch build/lib/Buckets/BucketWeights.i.dummydep
touch build/Betree/BetreeInv.i.dummydep
touch build/Impl/JournalistMarshallingImpl.i.dummydep
touch build/Impl/JournalistParsingImpl.i.dummydep
touch build/Impl/BucketGeneratorModel.i.dummydep
touch build/Betree/Betree_Refines_Map.i.dummydep
touch build/Versions/CompositeView.i.dummydep
touch build/MapSpec/TSJMap_Refines_ThreeStateVersionedMap.i.dummydep
tools/aggregate-verchk.py verchk build/Impl/Main.s.verchk tools/aggregate-verchk.py build/MapSpec/MapSpec.s.verified build/MapSpec/MapSpec.s.verchk build/MapSpec/ThreeStateVersionedMap.s.verified build/MapSpec/ThreeStateVersionedMap.s.verchk build/ByteBlockCacheSystem/AsyncDiskModel.s.verified build/ByteBlockCacheSystem/AsyncDiskModel.s.verchk build/lib/Lang/NativeTypes.s.verified build/lib/Lang/NativeTypes.s.verchk build/Impl/MainDiskIOHandler.s.verified build/Impl/MainDiskIOHandler.s.verchk 2>&1 | tee build/Impl/Main.s.verified-tmp; test ${PIPESTATUS[0]} -eq 0
['build/Impl/Main.s.verchk', 'build/MapSpec/MapSpec.s.verchk', 'build/MapSpec/ThreeStateVersionedMap.s.verchk', 'build/ByteBlockCacheSystem/AsyncDiskModel.s.verchk', 'build/lib/Lang/NativeTypes.s.verchk', 'build/Impl/MainDiskIOHandler.s.verchk']
1 verified successfully build/Impl/Main.s.verchk
mv build/Impl/Main.s.verified-tmp build/Impl/Main.s.verified
tools/aggregate-verchk.py verchk build/Betree/BlockInterface.i.verchk tools/aggregate-verchk.py build/lib/Base/Maps.i.verified build/lib/Base/Maps.i.verchk build/lib/Base/sequences.i.verified build/lib/Base/sequences.i.verchk build/Betree/Graph.i.verified build/Betree/Graph.i.verchk build/Betree/Transactable.i.verified build/Betree/Transactable.i.verchk 2>&1 | tee build/Betree/BlockInterface.i.verified-tmp; test ${PIPESTATUS[0]} -eq 0
['build/Betree/BlockInterface.i.verchk', 'build/lib/Base/Maps.i.verchk', 'build/lib/Base/sequences.i.verchk', 'build/Betree/Graph.i.verchk', 'build/Betree/Transactable.i.verchk']
0 verification error build/lib/Base/sequences.i.verchk
mv build/Betree/BlockInterface.i.verified-tmp build/Betree/BlockInterface.i.verified
( /usr/bin/time .dafny/dafny//Binaries/Dafny /noNLarith /compile:0 /timeLimit:20 lib/Buckets/BucketFlushModel.i.dfy ) 2>&1 | tee build/lib/Buckets/BucketFlushModel.i.verchk-tmp
/root/verichecks-worker/worker-dir/clones/586b964477c74401e3481d6b8cfefe8bbf126678/lib/Checksums/CRC32Lut.i.dfy(266,18): Verification of 'CheckWellformed$$CRC32__C__Lut.__default.compute__lut__iter' timed out after 20 seconds

Dafny program verifier finished with 60 verified, 0 errors
45.45user 1.08system 0:46.65elapsed 99%CPU (0avgtext+0avgdata 319860maxresident)k
0inputs+0outputs (0major+101179minor)pagefaults 0swaps
mv build/Betree/BetreeSpec.i.verchk-tmp build/Betree/BetreeSpec.i.verchk
tools/aggregate-verchk.py verchk build/BlockCacheSystem/JournalInterval.i.verchk tools/aggregate-verchk.py build/BlockCacheSystem/JournalRange.i.verified build/BlockCacheSystem/JournalRange.i.verchk build/BlockCacheSystem/DiskLayout.i.verified build/BlockCacheSystem/DiskLayout.i.verchk 2>&1 | tee build/BlockCacheSystem/JournalInterval.i.verified-tmp; test ${PIPESTATUS[0]} -eq 0
['build/BlockCacheSystem/JournalInterval.i.verchk', 'build/BlockCacheSystem/JournalRange.i.verchk', 'build/BlockCacheSystem/DiskLayout.i.verchk']
0 verification error build/BlockCacheSystem/DiskLayout.i.verchk
mv build/BlockCacheSystem/JournalInterval.i.verified-tmp build/BlockCacheSystem/JournalInterval.i.verified
( /usr/bin/time .dafny/dafny//Binaries/Dafny /noNLarith /proverOpt:O:smt.random_seed=1 /compile:0 /timeLimit:20 Betree/BetreeInv.i.dfy ) 2>&1 | tee build/Betree/BetreeInv.i.verchk-tmp

Dafny program verifier finished with 14 verified, 0 errors, 2 time outs
Command exited with non-zero status 4
53.97user 0.49system 0:54.93elapsed 99%CPU (0avgtext+0avgdata 199080maxresident)k
0inputs+0outputs (0major+104864minor)pagefaults 0swaps
mv build/lib/Checksums/CRC32Lut.i.verchk-tmp build/lib/Checksums/CRC32Lut.i.verchk
tools/aggregate-verchk.py verchk build/ByteBlockCacheSystem/JournalBytes.i.verchk tools/aggregate-verchk.py build/BlockCacheSystem/JournalRange.i.verified build/BlockCacheSystem/JournalRange.i.verchk build/ByteBlockCacheSystem/AsyncDiskModel.s.verified build/ByteBlockCacheSystem/AsyncDiskModel.s.verchk 2>&1 | tee build/ByteBlockCacheSystem/JournalBytes.i.verified-tmp; test ${PIPESTATUS[0]} -eq 0
['build/ByteBlockCacheSystem/JournalBytes.i.verchk', 'build/BlockCacheSystem/JournalRange.i.verchk', 'build/ByteBlockCacheSystem/AsyncDiskModel.s.verchk']
0 verification error build/ByteBlockCacheSystem/JournalBytes.i.verchk
mv build/ByteBlockCacheSystem/JournalBytes.i.verified-tmp build/ByteBlockCacheSystem/JournalBytes.i.verified
( /usr/bin/time .dafny/dafny//Binaries/Dafny /noNLarith /compile:0 /timeLimit:20 Impl/JournalistImpl.i.dfy ) 2>&1 | tee build/Impl/JournalistImpl.i.verchk-tmp
/root/verichecks-worker/worker-dir/clones/586b964477c74401e3481d6b8cfefe8bbf126678/lib/Buckets/PackedStringArray.i.dfy(1088,11): Error: A postcondition might not hold on this return path.
/root/verichecks-worker/worker-dir/clones/586b964477c74401e3481d6b8cfefe8bbf126678/lib/Buckets/PackedStringArray.i.dfy(1084,17): Related location: This is the postcondition that might not hold.
Execution trace:
    (0,0): anon0
    (0,0): anon3_Else

Dafny program verifier finished with 12 verified, 0 errors

Dafny program verifier finished with 94 verified, 1 error
15.13user 0.39system 0:15.48elapsed 100%CPU (0avgtext+0avgdata 233492maxresident)k
0inputs+0outputs (0major+64411minor)pagefaults 0swaps
mv build/Impl/JournalistParsingImpl.i.verchk-tmp build/Impl/JournalistParsingImpl.i.verchk
tools/aggregate-verchk.py verchk build/lib/Checksums/CRC32Lut.i.verchk tools/aggregate-verchk.py build/lib/Lang/NativeTypes.s.verified build/lib/Lang/NativeTypes.s.verchk build/lib/Lang/System/F2_X.s.verified build/lib/Lang/System/F2_X.s.verchk build/lib/Checksums/CRC32LutLemma.i.verified build/lib/Checksums/CRC32LutLemma.i.verchk build/lib/Checksums/CRC32Lemmas.i.verified build/lib/Checksums/CRC32Lemmas.i.verchk build/lib/Lang/LinearSequence.s.verified build/lib/Lang/LinearSequence.s.verchk 2>&1 | tee build/lib/Checksums/CRC32Lut.i.verified-tmp; test ${PIPESTATUS[0]} -eq 0
Command exited with non-zero status 4
81.23user 1.53system 1:22.89elapsed 99%CPU (0avgtext+0avgdata 340492maxresident)k
0inputs+0outputs (0major+142041minor)pagefaults 0swaps
mv build/lib/Buckets/PackedStringArray.i.verchk-tmp build/lib/Buckets/PackedStringArray.i.verchk
( /usr/bin/time .dafny/dafny//Binaries/Dafny /noNLarith /compile:0 /timeLimit:20 Impl/BucketSuccessorLoopModel.i.dfy ) 2>&1 | tee build/Impl/BucketSuccessorLoopModel.i.verchk-tmp
['build/lib/Checksums/CRC32Lut.i.verchk', 'build/lib/Lang/NativeTypes.s.verchk', 'build/lib/Lang/System/F2_X.s.verchk', 'build/lib/Checksums/CRC32LutLemma.i.verchk', 'build/lib/Checksums/CRC32Lemmas.i.verchk', 'build/lib/Lang/LinearSequence.s.verchk']
0 verification error build/lib/Checksums/CRC32LutLemma.i.verchk
mv build/lib/Checksums/CRC32Lut.i.verified-tmp build/lib/Checksums/CRC32Lut.i.verified
( /usr/bin/time .dafny/dafny//Binaries/Dafny /noNLarith /compile:0 /timeLimit:20 Betree/Betree_Refines_Map.i.dfy ) 2>&1 | tee build/Betree/Betree_Refines_Map.i.verchk-tmp

Dafny program verifier finished with 59 verified, 0 errors
42.61user 0.93system 0:43.35elapsed 100%CPU (0avgtext+0avgdata 252360maxresident)k
0inputs+0outputs (0major+74410minor)pagefaults 0swaps
mv build/Impl/JournalistMarshallingModel.i.verchk-tmp build/Impl/JournalistMarshallingModel.i.verchk
tools/aggregate-verchk.py verchk build/MapSpec/TSJ.i.verchk tools/aggregate-verchk.py build/MapSpec/MapSpec.s.verified build/MapSpec/MapSpec.s.verchk build/MapSpec/UIStateMachine.s.verified build/MapSpec/UIStateMachine.s.verchk build/lib/Base/Maps.i.verified build/lib/Base/Maps.i.verchk build/MapSpec/ThreeStateVersioned.s.verified build/MapSpec/ThreeStateVersioned.s.verchk build/MapSpec/Journal.i.verified build/MapSpec/Journal.i.verchk 2>&1 | tee build/MapSpec/TSJ.i.verified-tmp; test ${PIPESTATUS[0]} -eq 0
['build/MapSpec/TSJ.i.verchk', 'build/MapSpec/MapSpec.s.verchk', 'build/MapSpec/UIStateMachine.s.verchk', 'build/lib/Base/Maps.i.verchk', 'build/MapSpec/ThreeStateVersioned.s.verchk', 'build/MapSpec/Journal.i.verchk']
1 verified successfully build/MapSpec/TSJ.i.verchk
mv build/MapSpec/TSJ.i.verified-tmp build/MapSpec/TSJ.i.verified
( /usr/bin/time .dafny/dafny//Binaries/Dafny /noNLarith /compile:0 /timeLimit:20 Versions/CompositeView_Refines_TSJMap.i.dfy ) 2>&1 | tee build/Versions/CompositeView_Refines_TSJMap.i.verchk-tmp

Dafny program verifier finished with 14 verified, 0 errors
17.04user 0.46system 0:17.42elapsed 100%CPU (0avgtext+0avgdata 253232maxresident)k
0inputs+0outputs (0major+65888minor)pagefaults 0swaps
mv build/Impl/JournalistMarshallingImpl.i.verchk-tmp build/Impl/JournalistMarshallingImpl.i.verchk
touch build/lib/Buckets/BucketFlushModel.i.dummydep
touch build/Impl/JournalistImpl.i.dummydep
touch build/Impl/BucketSuccessorLoopModel.i.dummydep
touch build/Versions/CompositeView_Refines_TSJMap.i.dummydep
( /usr/bin/time .dafny/dafny//Binaries/Dafny /noNLarith /compile:0 /timeLimit:20 PivotBetree/PivotBetreeSpec.i.dfy ) 2>&1 | tee build/PivotBetree/PivotBetreeSpec.i.verchk-tmp

Dafny program verifier finished with 22 verified, 0 errors
19.12user 0.41system 0:19.44elapsed 100%CPU (0avgtext+0avgdata 209532maxresident)k
0inputs+0outputs (0major+56513minor)pagefaults 0swaps
mv build/MapSpec/TSJMap_Refines_ThreeStateVersionedMap.i.verchk-tmp build/MapSpec/TSJMap_Refines_ThreeStateVersionedMap.i.verchk
( /usr/bin/time .dafny/dafny//Binaries/Dafny /noNLarith /compile:0 /timeLimit:20 lib/Buckets/PackedKV.i.dfy ) 2>&1 | tee build/lib/Buckets/PackedKV.i.verchk-tmp

Dafny program verifier finished with 20 verified, 0 errors
23.84user 0.56system 0:24.41elapsed 99%CPU (0avgtext+0avgdata 286444maxresident)k
0inputs+0outputs (0major+74772minor)pagefaults 0swaps
mv build/lib/Buckets/BucketIteratorModel.i.verchk-tmp build/lib/Buckets/BucketIteratorModel.i.verchk
tools/aggregate-verchk.py verchk build/Impl/JournalistMarshallingModel.i.verchk tools/aggregate-verchk.py build/ByteBlockCacheSystem/JournalBytes.i.verified build/ByteBlockCacheSystem/JournalBytes.i.verchk build/BlockCacheSystem/DiskLayout.i.verified build/BlockCacheSystem/DiskLayout.i.verchk build/lib/Base/PackedIntsLib.i.verified build/lib/Base/PackedIntsLib.i.verchk 2>&1 | tee build/Impl/JournalistMarshallingModel.i.verified-tmp; test ${PIPESTATUS[0]} -eq 0
['build/Impl/JournalistMarshallingModel.i.verchk', 'build/ByteBlockCacheSystem/JournalBytes.i.verchk', 'build/BlockCacheSystem/DiskLayout.i.verchk', 'build/lib/Base/PackedIntsLib.i.verchk']
0 verification error build/ByteBlockCacheSystem/JournalBytes.i.verchk
mv build/Impl/JournalistMarshallingModel.i.verified-tmp build/Impl/JournalistMarshallingModel.i.verified
tools/aggregate-verchk.py verchk build/lib/Checksums/CRC32CArrayImpl.i.verchk tools/aggregate-verchk.py build/lib/Checksums/CRC32C.s.verified build/lib/Checksums/CRC32C.s.verchk build/lib/Checksums/CRC32Lemmas.i.verified build/lib/Checksums/CRC32Lemmas.i.verchk build/lib/Checksums/CRC32Lut.i.verified build/lib/Checksums/CRC32Lut.i.verchk build/lib/Checksums/CRC32LutLemma.i.verified build/lib/Checksums/CRC32LutLemma.i.verchk build/lib/Lang/System/PackedInts.s.verified build/lib/Lang/System/PackedInts.s.verchk build/lib/Lang/System/NativeArrays.s.verified build/lib/Lang/System/NativeArrays.s.verchk build/lib/Checksums/BitLemmas.i.verified build/lib/Checksums/BitLemmas.i.verchk 2>&1 | tee build/lib/Checksums/CRC32CArrayImpl.i.verified-tmp; test ${PIPESTATUS[0]} -eq 0
['build/lib/Checksums/CRC32CArrayImpl.i.verchk', 'build/lib/Checksums/CRC32C.s.verchk', 'build/lib/Checksums/CRC32Lemmas.i.verchk', 'build/lib/Checksums/CRC32Lut.i.verchk', 'build/lib/Checksums/CRC32LutLemma.i.verchk', 'build/lib/Lang/System/PackedInts.s.verchk', 'build/lib/Lang/System/NativeArrays.s.verchk', 'build/lib/Checksums/BitLemmas.i.verchk']
0 verification error build/lib/Checksums/CRC32LutLemma.i.verchk
mv build/lib/Checksums/CRC32CArrayImpl.i.verified-tmp build/lib/Checksums/CRC32CArrayImpl.i.verified
tools/aggregate-verchk.py verchk build/lib/Checksums/CRC32CImpl.i.verchk tools/aggregate-verchk.py build/lib/Checksums/CRC32C.s.verified build/lib/Checksums/CRC32C.s.verchk build/lib/Checksums/CRC32Lemmas.i.verified build/lib/Checksums/CRC32Lemmas.i.verchk build/lib/Checksums/CRC32Lut.i.verified build/lib/Checksums/CRC32Lut.i.verchk build/lib/Checksums/CRC32LutLemma.i.verified build/lib/Checksums/CRC32LutLemma.i.verchk build/lib/Lang/System/PackedInts.s.verified build/lib/Lang/System/PackedInts.s.verchk build/lib/Lang/System/NativeArrays.s.verified build/lib/Lang/System/NativeArrays.s.verchk build/lib/Checksums/BitLemmas.i.verified build/lib/Checksums/BitLemmas.i.verchk 2>&1 | tee build/lib/Checksums/CRC32CImpl.i.verified-tmp; test ${PIPESTATUS[0]} -eq 0
['build/lib/Checksums/CRC32CImpl.i.verchk', 'build/lib/Checksums/CRC32C.s.verchk', 'build/lib/Checksums/CRC32Lemmas.i.verchk', 'build/lib/Checksums/CRC32Lut.i.verchk', 'build/lib/Checksums/CRC32LutLemma.i.verchk', 'build/lib/Lang/System/PackedInts.s.verchk', 'build/lib/Lang/System/NativeArrays.s.verchk', 'build/lib/Checksums/BitLemmas.i.verchk']
0 verification error build/lib/Checksums/CRC32LutLemma.i.verchk
mv build/lib/Checksums/CRC32CImpl.i.verified-tmp build/lib/Checksums/CRC32CImpl.i.verified
tools/aggregate-verchk.py verchk build/MapSpec/TSJMap.i.verchk tools/aggregate-verchk.py build/MapSpec/TSJ.i.verified build/MapSpec/TSJ.i.verchk build/MapSpec/MapSpec.s.verified build/MapSpec/MapSpec.s.verchk 2>&1 | tee build/MapSpec/TSJMap.i.verified-tmp; test ${PIPESTATUS[0]} -eq 0
['build/MapSpec/TSJMap.i.verchk', 'build/MapSpec/TSJ.i.verchk', 'build/MapSpec/MapSpec.s.verchk']
1 verified successfully build/MapSpec/TSJMap.i.verchk
mv build/MapSpec/TSJMap.i.verified-tmp build/MapSpec/TSJMap.i.verified
( /usr/bin/time .dafny/dafny//Binaries/Dafny /noNLarith /compile:0 /timeLimit:20 Versions/CompositeView_Refines_ThreeStateVersionedMap.i.dfy ) 2>&1 | tee build/Versions/CompositeView_Refines_ThreeStateVersionedMap.i.verchk-tmp

Dafny program verifier finished with 61 verified, 0 errors
59.93user 1.07system 1:01.09elapsed 99%CPU (0avgtext+0avgdata 342852maxresident)k
0inputs+0outputs (0major+100332minor)pagefaults 0swaps
mv build/lib/Buckets/BucketsLib.i.verchk-tmp build/lib/Buckets/BucketsLib.i.verchk
tools/aggregate-verchk.py verchk build/MapSpec/TSJMap_Refines_ThreeStateVersionedMap.i.verchk tools/aggregate-verchk.py build/MapSpec/TSJMap.i.verified build/MapSpec/TSJMap.i.verchk build/MapSpec/ThreeStateVersionedMap.s.verified build/MapSpec/ThreeStateVersionedMap.s.verchk 2>&1 | tee build/MapSpec/TSJMap_Refines_ThreeStateVersionedMap.i.verified-tmp; test ${PIPESTATUS[0]} -eq 0
['build/MapSpec/TSJMap_Refines_ThreeStateVersionedMap.i.verchk', 'build/MapSpec/TSJMap.i.verchk', 'build/MapSpec/ThreeStateVersionedMap.s.verchk']
1 verified successfully build/MapSpec/TSJMap_Refines_ThreeStateVersionedMap.i.verchk
mv build/MapSpec/TSJMap_Refines_ThreeStateVersionedMap.i.verified-tmp build/MapSpec/TSJMap_Refines_ThreeStateVersionedMap.i.verified
touch build/PivotBetree/PivotBetreeSpec.i.dummydep
touch build/lib/Buckets/PackedKV.i.dummydep
touch build/PivotBetree/PivotBetreeSpecWFNodes.i.dummydep
touch build/lib/Buckets/LKMBPKVOps.i.dummydep
touch build/Versions/CompositeView_Refines_ThreeStateVersionedMap.i.dummydep
( /usr/bin/time .dafny/dafny//Binaries/Dafny /noNLarith /compile:0 /timeLimit:20 BlockCacheSystem/SectorType.i.dfy ) 2>&1 | tee build/BlockCacheSystem/SectorType.i.verchk-tmp

Dafny program verifier finished with 21 verified, 0 errors
25.52user 0.47system 0:26.21elapsed 99%CPU (0avgtext+0avgdata 235700maxresident)k
0inputs+0outputs (0major+67553minor)pagefaults 0swaps
mv build/Versions/CompositeView.i.verchk-tmp build/Versions/CompositeView.i.verchk
( /usr/bin/time .dafny/dafny//Binaries/Dafny /noNLarith /compile:0 /timeLimit:20 lib/Buckets/PackedKVMarshalling.i.dfy ) 2>&1 | tee build/lib/Buckets/PackedKVMarshalling.i.verchk-tmp

Dafny program verifier finished with 5 verified, 0 errors
8.69user 0.27system 0:08.65elapsed 103%CPU (0avgtext+0avgdata 206912maxresident)k
0inputs+0outputs (0major+52098minor)pagefaults 0swaps
mv build/Versions/CompositeView_Refines_ThreeStateVersionedMap.i.verchk-tmp build/Versions/CompositeView_Refines_ThreeStateVersionedMap.i.verchk
( /usr/bin/time .dafny/dafny//Binaries/Dafny /noNLarith /compile:0 /timeLimit:20 PivotBetree/PivotBetreeSpecRefinement.i.dfy ) 2>&1 | tee build/PivotBetree/PivotBetreeSpecRefinement.i.verchk-tmp

Dafny program verifier finished with 0 verified, 0 errors
8.06user 0.17system 0:08.07elapsed 102%CPU (0avgtext+0avgdata 199396maxresident)k
0inputs+0outputs (0major+42906minor)pagefaults 0swaps
mv build/BlockCacheSystem/SectorType.i.verchk-tmp build/BlockCacheSystem/SectorType.i.verchk
( /usr/bin/time .dafny/dafny//Binaries/Dafny /noNLarith /compile:0 /timeLimit:20 PivotBetree/PivotBetreeSpecWFNodes.i.dfy ) 2>&1 | tee build/PivotBetree/PivotBetreeSpecWFNodes.i.verchk-tmp
/root/verichecks-worker/worker-dir/clones/586b964477c74401e3481d6b8cfefe8bbf126678/Impl/BucketGeneratorModel.i.dfy(276,8): Verification of 'Impl$$BucketGeneratorModel.__default.GenPopIsRemove' timed out after 20 seconds

Dafny program verifier finished with 9 verified, 0 errors
34.41user 0.41system 0:35.52elapsed 98%CPU (0avgtext+0avgdata 298116maxresident)k
0inputs+0outputs (0major+94365minor)pagefaults 0swaps
mv build/Impl/BucketSuccessorLoopModel.i.verchk-tmp build/Impl/BucketSuccessorLoopModel.i.verchk
tools/aggregate-verchk.py verchk build/Impl/JournalistMarshallingImpl.i.verchk tools/aggregate-verchk.py build/ByteBlockCacheSystem/JournalBytes.i.verified build/ByteBlockCacheSystem/JournalBytes.i.verchk build/BlockCacheSystem/DiskLayout.i.verified build/BlockCacheSystem/DiskLayout.i.verchk build/Impl/JournalistMarshallingModel.i.verified build/Impl/JournalistMarshallingModel.i.verchk build/lib/Lang/System/NativeArrays.s.verified build/lib/Lang/System/NativeArrays.s.verchk build/lib/Checksums/CRC32CArrayImpl.i.verified build/lib/Checksums/CRC32CArrayImpl.i.verchk 2>&1 | tee build/Impl/JournalistMarshallingImpl.i.verified-tmp; test ${PIPESTATUS[0]} -eq 0
['build/Impl/JournalistMarshallingImpl.i.verchk', 'build/ByteBlockCacheSystem/JournalBytes.i.verchk', 'build/BlockCacheSystem/DiskLayout.i.verchk', 'build/Impl/JournalistMarshallingModel.i.verchk', 'build/lib/Lang/System/NativeArrays.s.verchk', 'build/lib/Checksums/CRC32CArrayImpl.i.verchk']
0 verification error build/ByteBlockCacheSystem/JournalBytes.i.verchk
mv build/Impl/JournalistMarshallingImpl.i.verified-tmp build/Impl/JournalistMarshallingImpl.i.verified
tools/aggregate-verchk.py verchk build/Impl/JournalistParsingImpl.i.verchk tools/aggregate-verchk.py build/ByteBlockCacheSystem/JournalBytes.i.verified build/ByteBlockCacheSystem/JournalBytes.i.verchk build/lib/Lang/System/NativeArrays.s.verified build/lib/Lang/System/NativeArrays.s.verchk build/lib/Checksums/CRC32CImpl.i.verified build/lib/Checksums/CRC32CImpl.i.verchk 2>&1 | tee build/Impl/JournalistParsingImpl.i.verified-tmp; test ${PIPESTATUS[0]} -eq 0
['build/Impl/JournalistParsingImpl.i.verchk', 'build/ByteBlockCacheSystem/JournalBytes.i.verchk', 'build/lib/Lang/System/NativeArrays.s.verchk', 'build/lib/Checksums/CRC32CImpl.i.verchk']
0 verification error build/ByteBlockCacheSystem/JournalBytes.i.verchk
mv build/Impl/JournalistParsingImpl.i.verified-tmp build/Impl/JournalistParsingImpl.i.verified
( /usr/bin/time .dafny/dafny//Binaries/Dafny /noNLarith /compile:0 /timeLimit:20 lib/Buckets/BucketImpl.i.dfy ) 2>&1 | tee build/lib/Buckets/BucketImpl.i.verchk-tmp
/root/verichecks-worker/worker-dir/clones/586b964477c74401e3481d6b8cfefe8bbf126678/Betree/Betree_Refines_Map.i.dfy(97,8): Verification of 'Impl$$Betree__Refines__Map.__default.PreservesLookupsImplInterpsEqual' timed out after 20 seconds

Dafny program verifier finished with 27 verified, 0 errors
38.68user 0.60system 0:39.78elapsed 98%CPU (0avgtext+0avgdata 254244maxresident)k
0inputs+0outputs (0major+71020minor)pagefaults 0swaps
mv build/Versions/CompositeView_Refines_TSJMap.i.verchk-tmp build/Versions/CompositeView_Refines_TSJMap.i.verchk
( /usr/bin/time .dafny/dafny//Binaries/Dafny /noNLarith /compile:0 /timeLimit:20 lib/Buckets/LKMBPKVOps.i.dfy ) 2>&1 | tee build/lib/Buckets/LKMBPKVOps.i.verchk-tmp

Dafny program verifier finished with 69 verified, 0 errors
67.51user 1.21system 1:09.03elapsed 99%CPU (0avgtext+0avgdata 372312maxresident)k
0inputs+0outputs (0major+114168minor)pagefaults 0swaps
mv build/lib/Buckets/BucketWeights.i.verchk-tmp build/lib/Buckets/BucketWeights.i.verchk
tools/aggregate-verchk.py verchk build/Versions/CompositeView.i.verchk tools/aggregate-verchk.py build/Versions/StatesViewMap.i.verified build/Versions/StatesViewMap.i.verchk build/Versions/JournalView.i.verified build/Versions/JournalView.i.verchk build/MapSpec/TSJMap.i.verified build/MapSpec/TSJMap.i.verchk 2>&1 | tee build/Versions/CompositeView.i.verified-tmp; test ${PIPESTATUS[0]} -eq 0
['build/Versions/CompositeView.i.verchk', 'build/Versions/StatesViewMap.i.verchk', 'build/Versions/JournalView.i.verchk', 'build/MapSpec/TSJMap.i.verchk']
1 verified successfully build/Versions/CompositeView.i.verchk
mv build/Versions/CompositeView.i.verified-tmp build/Versions/CompositeView.i.verified
touch build/BlockCacheSystem/SectorType.i.dummydep
touch build/lib/Buckets/PackedKVMarshalling.i.dummydep
touch build/PivotBetree/PivotBetreeSpecRefinement.i.dummydep
touch build/lib/Buckets/BucketImpl.i.dummydep
( /usr/bin/time .dafny/dafny//Binaries/Dafny /noNLarith /compile:0 /timeLimit:20 BlockCacheSystem/BlockDisk.i.dfy ) 2>&1 | tee build/BlockCacheSystem/BlockDisk.i.verchk-tmp

Dafny program verifier finished with 50 verified, 0 errors
54.27user 0.95system 0:55.20elapsed 100%CPU (0avgtext+0avgdata 314124maxresident)k
0inputs+0outputs (0major+98884minor)pagefaults 0swaps
mv build/Impl/JournalistImpl.i.verchk-tmp build/Impl/JournalistImpl.i.verchk
( /usr/bin/time .dafny/dafny//Binaries/Dafny /noNLarith /compile:0 /timeLimit:20 BlockCacheSystem/JournalDisk.i.dfy ) 2>&1 | tee build/BlockCacheSystem/JournalDisk.i.verchk-tmp

Dafny program verifier finished with 22 verified, 0 errors
37.97user 0.71system 0:39.01elapsed 99%CPU (0avgtext+0avgdata 398404maxresident)k
0inputs+0outputs (0major+114264minor)pagefaults 0swaps
mv build/lib/Buckets/PackedKVMarshalling.i.verchk-tmp build/lib/Buckets/PackedKVMarshalling.i.verchk
( /usr/bin/time .dafny/dafny//Binaries/Dafny /noNLarith /compile:0 /timeLimit:20 PivotBetree/PivotBetree.i.dfy ) 2>&1 | tee build/PivotBetree/PivotBetree.i.verchk-tmp

Dafny program verifier finished with 29 verified, 0 errors, 1 time out
Command exited with non-zero status 4
68.69user 0.79system 1:10.14elapsed 99%CPU (0avgtext+0avgdata 329676maxresident)k
0inputs+0outputs (0major+106959minor)pagefaults 0swaps
mv build/Impl/BucketGeneratorModel.i.verchk-tmp build/Impl/BucketGeneratorModel.i.verchk
tools/aggregate-verchk.py verchk build/Impl/JournalistImpl.i.verchk tools/aggregate-verchk.py build/lib/Lang/System/NativeArrays.s.verified build/lib/Lang/System/NativeArrays.s.verchk build/Impl/JournalistMarshallingImpl.i.verified build/Impl/JournalistMarshallingImpl.i.verchk build/Impl/JournalistParsingImpl.i.verified build/Impl/JournalistParsingImpl.i.verchk build/Impl/JournalistMarshallingModel.i.verified build/Impl/JournalistMarshallingModel.i.verchk 2>&1 | tee build/Impl/JournalistImpl.i.verified-tmp; test ${PIPESTATUS[0]} -eq 0
['build/Impl/JournalistImpl.i.verchk', 'build/lib/Lang/System/NativeArrays.s.verchk', 'build/Impl/JournalistMarshallingImpl.i.verchk', 'build/Impl/JournalistParsingImpl.i.verchk', 'build/Impl/JournalistMarshallingModel.i.verchk']
1 verified successfully build/Impl/JournalistImpl.i.verchk
mv build/Impl/JournalistImpl.i.verified-tmp build/Impl/JournalistImpl.i.verified
( /usr/bin/time .dafny/dafny//Binaries/Dafny /noNLarith /compile:0 /timeLimit:20 Impl/BucketGeneratorImpl.i.dfy ) 2>&1 | tee build/Impl/BucketGeneratorImpl.i.verchk-tmp
/root/verichecks-worker/worker-dir/clones/586b964477c74401e3481d6b8cfefe8bbf126678/Betree/Betree_Refines_Map.i.dfy(145,8): Verification of 'Impl$$Betree__Refines__Map.__default.PreservesLookupsPutImplInterpsPut' timed out after 20 seconds

Dafny program verifier finished with 123 verified, 0 errors
115.30user 2.26system 1:57.78elapsed 99%CPU (0avgtext+0avgdata 464848maxresident)k
0inputs+0outputs (0major+214851minor)pagefaults 0swaps
mv build/lib/DataStructures/KMBtree.i.verchk-tmp build/lib/DataStructures/KMBtree.i.verchk
tools/aggregate-verchk.py verchk build/Versions/CompositeView_Refines_TSJMap.i.verchk tools/aggregate-verchk.py build/Versions/CompositeView.i.verified build/Versions/CompositeView.i.verchk build/MapSpec/TSJMap.i.verified build/MapSpec/TSJMap.i.verchk 2>&1 | tee build/Versions/CompositeView_Refines_TSJMap.i.verified-tmp; test ${PIPESTATUS[0]} -eq 0
['build/Versions/CompositeView_Refines_TSJMap.i.verchk', 'build/Versions/CompositeView.i.verchk', 'build/MapSpec/TSJMap.i.verchk']
1 verified successfully build/Versions/CompositeView_Refines_TSJMap.i.verchk
mv build/Versions/CompositeView_Refines_TSJMap.i.verified-tmp build/Versions/CompositeView_Refines_TSJMap.i.verified
touch build/BlockCacheSystem/BlockDisk.i.dummydep
touch build/BlockCacheSystem/JournalDisk.i.dummydep
touch build/PivotBetree/PivotBetree.i.dummydep
touch build/Impl/BucketGeneratorImpl.i.dummydep
touch build/PivotBetree/PivotBetree_Refines_Betree.i.dummydep
touch build/PivotBetree/StatesViewPivotBetree.i.dummydep
touch build/PivotBetree/PivotBetree_Refines_Map.i.dummydep
( /usr/bin/time .dafny/dafny//Binaries/Dafny /noNLarith /compile:0 /timeLimit:20 BlockCacheSystem/BlockCache.i.dfy ) 2>&1 | tee build/BlockCacheSystem/BlockCache.i.verchk-tmp
/root/verichecks-worker/worker-dir/clones/586b964477c74401e3481d6b8cfefe8bbf126678/lib/DataStructures/BtreeModel.i.dfy(897,8): Verification of 'Impl$$BtreeModel.__default.RecursiveInsertIsCorrect' timed out after 20 seconds
/root/verichecks-worker/worker-dir/clones/586b964477c74401e3481d6b8cfefe8bbf126678/lib/Buckets/PackedKV.i.dfy(474,11): Error: A postcondition might not hold on this return path.
/root/verichecks-worker/worker-dir/clones/586b964477c74401e3481d6b8cfefe8bbf126678/lib/Buckets/PackedKV.i.dfy(469,43): Related location: This is the postcondition that might not hold.
Execution trace:
    (0,0): anon0
    (0,0): anon3_Else
/root/verichecks-worker/worker-dir/clones/586b964477c74401e3481d6b8cfefe8bbf126678/Betree/BetreeInv.i.dfy(343,8): Verification of 'Impl$$BetreeInv.__default.RedirectOnlyPredOfChildIsParent' timed out after 20 seconds

Dafny program verifier finished with 451 verified, 0 errors
181.95user 5.20system 3:09.98elapsed 98%CPU (0avgtext+0avgdata 523356maxresident)k
0inputs+0outputs (0major+220210minor)pagefaults 0swaps
mv build/lib/Base/total_order.i.verchk-tmp build/lib/Base/total_order.i.verchk
( /usr/bin/time .dafny/dafny//Binaries/Dafny /noNLarith /compile:0 /timeLimit:20 BlockCacheSystem/JournalCache.i.dfy ) 2>&1 | tee build/BlockCacheSystem/JournalCache.i.verchk-tmp

Dafny program verifier finished with 17 verified, 0 errors
32.77user 0.68system 0:33.64elapsed 99%CPU (0avgtext+0avgdata 458504maxresident)k
0inputs+0outputs (0major+138866minor)pagefaults 0swaps
mv build/BlockCacheSystem/BlockDisk.i.verchk-tmp build/BlockCacheSystem/BlockDisk.i.verchk
( /usr/bin/time .dafny/dafny//Binaries/Dafny /noNLarith /compile:0 /timeLimit:20 BlockCacheSystem/BlockJournalDisk.i.dfy ) 2>&1 | tee build/BlockCacheSystem/BlockJournalDisk.i.verchk-tmp
Unhandled exception. System.AggregateException: One or more errors occurred. (Object reference not set to an instance of an object.) (Object reference not set to an instance of an object.) (Object reference not set to an instance of an object.) (Object reference not set to an instance of an object.) (Object reference not set to an instance of an object.) (Object reference not set to an instance of an object.)
 ---> System.NullReferenceException: Object reference not set to an instance of an object.
   at Microsoft.Boogie.VCExprAST.MutatingVCExprVisitor`1.Mutate(VCExpr expr, Arg arg)
   at Microsoft.Boogie.TypeErasure.OpTypeEraserPremisses.HandleFunctionOp(Function newFun, List`1 typeArgs, IEnumerable`1 oldArgs, VariableBindings bindings)
   at Microsoft.Boogie.TypeErasure.OpTypeEraserPremisses.VisitBoogieFunctionOp(VCExprNAry node, VariableBindings bindings)
   at Microsoft.Boogie.TypeErasure.OpTypeEraserPremisses.HandleFunctionOp(Function newFun, List`1 typeArgs, IEnumerable`1 oldArgs, VariableBindings bindings)
   at Microsoft.Boogie.TypeErasure.OpTypeEraserPremisses.VisitBoogieFunctionOp(VCExprNAry node, VariableBindings bindings)
   at Microsoft.Boogie.TypeErasure.OpTypeEraserPremisses.HandleFunctionOp(Function newFun, List`1 typeArgs, IEnumerable`1 oldArgs, VariableBindings bindings)
   at Microsoft.Boogie.TypeErasure.OpTypeEraserPremisses.VisitBoogieFunctionOp(VCExprNAry node, VariableBindings bindings)
   at Microsoft.Boogie.VCExprAST.MutatingVCExprVisitor`1.MutateList(List`1 exprs, Arg arg)
   at Microsoft.Boogie.VCExprAST.MutatingVCExprVisitor`1.MutateTriggers(List`1 triggers, Arg arg)
   at Microsoft.Boogie.TypeErasure.TypeEraserPremisses.HandleQuantifier(VCExprQuantifier node, List`1 occurringVars, List`1 newBoundVars, VariableBindings bindings)
   at Microsoft.Boogie.TypeErasure.TypeEraserPremisses.Visit(VCExprQuantifier node, VariableBindings oldBindings)
   at Microsoft.Boogie.VCExprAST.MutatingVCExprVisitor`1.Visit(VCExprNAry node, Arg arg)
   at Microsoft.Boogie.TypeErasure.OpTypeEraser.VisitImpliesOp(VCExprNAry node, VariableBindings bindings)
   at Microsoft.Boogie.VCExprAST.VCExprOp.Accept[Result,Arg](VCExprNAry expr, IVCExprOpVisitor`2 visitor, Arg arg)
   at Microsoft.Boogie.TypeErasure.OpTypeEraser.VisitImpliesOp(VCExprNAry node, VariableBindings bindings)
   at Microsoft.Boogie.VCExprAST.VCExprOp.Accept[Result,Arg](VCExprNAry expr, IVCExprOpVisitor`2 visitor, Arg arg)
   at Microsoft.Boogie.TypeErasure.OpTypeEraser.VisitImpliesOp(VCExprNAry node, VariableBindings bindings)
   at Microsoft.Boogie.VCExprAST.VCExprOp.Accept[Result,Arg](VCExprNAry expr, IVCExprOpVisitor`2 visitor, Arg arg)
   at Microsoft.Boogie.TypeErasure.OpTypeEraser.VisitImpliesOp(VCExprNAry node, VariableBindings bindings)
   at Microsoft.Boogie.VCExprAST.VCExprOp.Accept[Result,Arg](VCExprNAry expr, IVCExprOpVisitor`2 visitor, Arg arg)
   at Microsoft.Boogie.TypeErasure.OpTypeEraser.VisitImpliesOp(VCExprNAry node, VariableBindings bindings)
   at Microsoft.Boogie.VCExprAST.VCExprOp.Accept[Result,Arg](VCExprNAry expr, IVCExprOpVisitor`2 visitor, Arg arg)
   at Microsoft.Boogie.TypeErasure.OpTypeEraser.VisitImpliesOp(VCExprNAry node, VariableBindings bindings)
   at Microsoft.Boogie.VCExprAST.VCExprOp.Accept[Result,Arg](VCExprNAry expr, IVCExprOpVisitor`2 visitor, Arg arg)
   at Microsoft.Boogie.TypeErasure.TypeEraser.Visit(VCExprLet node, VariableBindings bindings)
   at Microsoft.Boogie.TypeErasure.OpTypeEraser.VisitImpliesOp(VCExprNAry node, VariableBindings bindings)
   at Microsoft.Boogie.VCExprAST.VCExprOp.Accept[Result,Arg](VCExprNAry expr, IVCExprOpVisitor`2 visitor, Arg arg)
   at Microsoft.Boogie.SMTLib.SMTLibProcessTheoremProver.VCExpr2String(VCExpr expr, Int32 polarity)
   at Microsoft.Boogie.SMTLib.SMTLibProcessTheoremProver.BeginCheck(String descriptiveName, VCExpr vc, ErrorHandler handler)
   at Microsoft.Boogie.Checker.BeginCheck(String descriptiveName, VCExpr vc, ErrorHandler handler, Int32 timeout, Int32 rlimit, Nullable`1 randomSeed)
   at VC.VCGen.Split.BeginCheck(Checker checker, VerifierCallback callback, ModelViewInfo mvInfo, Int32 no, Int32 timeout, Int32 rlimit)
   at VC.VCGen.VerifyImplementation(Implementation impl, VerifierCallback callback)
   at VC.ConditionGeneration.VerifyImplementation(Implementation impl, List`1& errors, String requestId)
   at Microsoft.Boogie.ExecutionEngine.VerifyImplementation(Program program, PipelineStatistics stats, ErrorReporterDelegate er, String requestId, Dictionary`2 extractLoopMappingInfo, Implementation[] stablePrioritizedImpls, Int32 index, OutputCollector outputCollector, List`1 checkers, String programId)
   at Microsoft.Boogie.ExecutionEngine.<>c__DisplayClass28_2.<InferAndVerify>b__5(Object dummy)
   at System.Threading.ExecutionContext.RunInternal(ExecutionContext executionContext, ContextCallback callback, Object state)
--- End of stack trace from previous location ---
   at System.Threading.Tasks.Task.ExecuteWithThreadLocal(Task& currentTaskSlot, Thread threadPoolThread)
   --- End of inner exception stack trace ---
   at System.AggregateException.Handle(Func`2 predicate)
   at Microsoft.Boogie.ExecutionEngine.InferAndVerify(Program program, PipelineStatistics stats, String programId, ErrorReporterDelegate er, String requestId)
   at Microsoft.Dafny.DafnyDriver.BoogiePipelineWithRerun(Program program, String bplFileName, PipelineStatistics& stats, String programId) in /root/verichecks-worker/worker-dir/clones/586b964477c74401e3481d6b8cfefe8bbf126678/.dafny/dafny/Source/DafnyDriver/DafnyDriver.cs:line 498
   at Microsoft.Dafny.DafnyDriver.BoogieOnce(String baseFile, String moduleName, Program boogieProgram, String programId, PipelineStatistics& stats, PipelineOutcome& oc) in /root/verichecks-worker/worker-dir/clones/586b964477c74401e3481d6b8cfefe8bbf126678/.dafny/dafny/Source/DafnyDriver/DafnyDriver.cs:line 339
   at Microsoft.Dafny.DafnyDriver.Boogie(String baseName, IEnumerable`1 boogiePrograms, String programId, Dictionary`2& statss, PipelineOutcome& oc) in /root/verichecks-worker/worker-dir/clones/586b964477c74401e3481d6b8cfefe8bbf126678/.dafny/dafny/Source/DafnyDriver/DafnyDriver.cs:line 360
   at Microsoft.Dafny.DafnyDriver.ProcessFiles(IList`1 dafnyFiles, ReadOnlyCollection`1 otherFileNames, ErrorReporter reporter, Boolean lookForSnapshots, String programId) in /root/verichecks-worker/worker-dir/clones/586b964477c74401e3481d6b8cfefe8bbf126678/.dafny/dafny/Source/DafnyDriver/DafnyDriver.cs:line 277
   at Microsoft.Dafny.DafnyDriver.ThreadMain(String[] args) in /root/verichecks-worker/worker-dir/clones/586b964477c74401e3481d6b8cfefe8bbf126678/.dafny/dafny/Source/DafnyDriver/DafnyDriver.cs:line 60
   at Microsoft.Dafny.DafnyDriver.<>c__DisplayClass1_0.<Main>b__0() in /root/verichecks-worker/worker-dir/clones/586b964477c74401e3481d6b8cfefe8bbf126678/.dafny/dafny/Source/DafnyDriver/DafnyDriver.cs:line 36
   at System.Threading.ThreadHelper.ThreadStart_Context(Object state)
   at System.Threading.ExecutionContext.RunInternal(ExecutionContext executionContext, ContextCallback callback, Object state)
--- End of stack trace from previous location ---
   at System.Threading.ExecutionContext.RunInternal(ExecutionContext executionContext, ContextCallback callback, Object state)
   at System.Threading.ThreadHelper.ThreadStart()
 ---> (Inner Exception #1) System.NullReferenceException: Object reference not set to an instance of an object.
   at Microsoft.Boogie.VCExprAST.MutatingVCExprVisitor`1.Mutate(VCExpr expr, Arg arg)
   at Microsoft.Boogie.TypeErasure.OpTypeEraserPremisses.HandleFunctionOp(Function newFun, List`1 typeArgs, IEnumerable`1 oldArgs, VariableBindings bindings)
   at Microsoft.Boogie.TypeErasure.OpTypeEraserPremisses.VisitBoogieFunctionOp(VCExprNAry node, VariableBindings bindings)
   at Microsoft.Boogie.TypeErasure.OpTypeEraserPremisses.HandleFunctionOp(Function newFun, List`1 typeArgs, IEnumerable`1 oldArgs, VariableBindings bindings)
   at Microsoft.Boogie.TypeErasure.OpTypeEraserPremisses.VisitBoogieFunctionOp(VCExprNAry node, VariableBindings bindings)
   at Microsoft.Boogie.TypeErasure.OpTypeEraserPremisses.HandleFunctionOp(Function newFun, List`1 typeArgs, IEnumerable`1 oldArgs, VariableBindings bindings)
   at Microsoft.Boogie.TypeErasure.OpTypeEraserPremisses.VisitBoogieFunctionOp(VCExprNAry node, VariableBindings bindings)
   at Microsoft.Boogie.VCExprAST.MutatingVCExprVisitor`1.MutateList(List`1 exprs, Arg arg)
   at Microsoft.Boogie.VCExprAST.MutatingVCExprVisitor`1.MutateTriggers(List`1 triggers, Arg arg)
   at Microsoft.Boogie.TypeErasure.TypeEraserPremisses.HandleQuantifier(VCExprQuantifier node, List`1 occurringVars, List`1 newBoundVars, VariableBindings bindings)
   at Microsoft.Boogie.TypeErasure.TypeEraserPremisses.Visit(VCExprQuantifier node, VariableBindings oldBindings)
   at Microsoft.Boogie.VCExprAST.MutatingVCExprVisitor`1.Visit(VCExprNAry node, Arg arg)
   at Microsoft.Boogie.TypeErasure.OpTypeEraser.VisitImpliesOp(VCExprNAry node, VariableBindings bindings)
   at Microsoft.Boogie.VCExprAST.VCExprOp.Accept[Result,Arg](VCExprNAry expr, IVCExprOpVisitor`2 visitor, Arg arg)
   at Microsoft.Boogie.TypeErasure.OpTypeEraser.VisitImpliesOp(VCExprNAry node, VariableBindings bindings)
   at Microsoft.Boogie.VCExprAST.VCExprOp.Accept[Result,Arg](VCExprNAry expr, IVCExprOpVisitor`2 visitor, Arg arg)
   at Microsoft.Boogie.TypeErasure.OpTypeEraser.VisitImpliesOp(VCExprNAry node, VariableBindings bindings)
   at Microsoft.Boogie.VCExprAST.VCExprOp.Accept[Result,Arg](VCExprNAry expr, IVCExprOpVisitor`2 visitor, Arg arg)
   at Microsoft.Boogie.TypeErasure.OpTypeEraser.VisitImpliesOp(VCExprNAry node, VariableBindings bindings)
   at Microsoft.Boogie.VCExprAST.VCExprOp.Accept[Result,Arg](VCExprNAry expr, IVCExprOpVisitor`2 visitor, Arg arg)
   at Microsoft.Boogie.TypeErasure.TypeEraser.Visit(VCExprLet node, VariableBindings bindings)
   at Microsoft.Boogie.TypeErasure.OpTypeEraser.VisitImpliesOp(VCExprNAry node, VariableBindings bindings)
   at Microsoft.Boogie.VCExprAST.VCExprOp.Accept[Result,Arg](VCExprNAry expr, IVCExprOpVisitor`2 visitor, Arg arg)
   at Microsoft.Boogie.SMTLib.SMTLibProcessTheoremProver.VCExpr2String(VCExpr expr, Int32 polarity)
   at Microsoft.Boogie.SMTLib.SMTLibProcessTheoremProver.BeginCheck(String descriptiveName, VCExpr vc, ErrorHandler handler)
   at Microsoft.Boogie.Checker.BeginCheck(String descriptiveName, VCExpr vc, ErrorHandler handler, Int32 timeout, Int32 rlimit, Nullable`1 randomSeed)
   at VC.VCGen.Split.BeginCheck(Checker checker, VerifierCallback callback, ModelViewInfo mvInfo, Int32 no, Int32 timeout, Int32 rlimit)
   at VC.VCGen.VerifyImplementation(Implementation impl, VerifierCallback callback)
   at VC.ConditionGeneration.VerifyImplementation(Implementation impl, List`1& errors, String requestId)
   at Microsoft.Boogie.ExecutionEngine.VerifyImplementation(Program program, PipelineStatistics stats, ErrorReporterDelegate er, String requestId, Dictionary`2 extractLoopMappingInfo, Implementation[] stablePrioritizedImpls, Int32 index, OutputCollector outputCollector, List`1 checkers, String programId)
   at Microsoft.Boogie.ExecutionEngine.<>c__DisplayClass28_2.<InferAndVerify>b__5(Object dummy)
   at System.Threading.ExecutionContext.RunInternal(ExecutionContext executionContext, ContextCallback callback, Object state)
--- End of stack trace from previous location ---
   at System.Threading.Tasks.Task.ExecuteWithThreadLocal(Task& currentTaskSlot, Thread threadPoolThread)<---

 ---> (Inner Exception #2) System.NullReferenceException: Object reference not set to an instance of an object.
   at Microsoft.Boogie.VCExprAST.MutatingVCExprVisitor`1.Mutate(VCExpr expr, Arg arg)
   at Microsoft.Boogie.TypeErasure.OpTypeEraserPremisses.HandleFunctionOp(Function newFun, List`1 typeArgs, IEnumerable`1 oldArgs, VariableBindings bindings)
   at Microsoft.Boogie.TypeErasure.OpTypeEraserPremisses.VisitBoogieFunctionOp(VCExprNAry node, VariableBindings bindings)
   at Microsoft.Boogie.TypeErasure.OpTypeEraserPremisses.HandleFunctionOp(Function newFun, List`1 typeArgs, IEnumerable`1 oldArgs, VariableBindings bindings)
   at Microsoft.Boogie.TypeErasure.OpTypeEraserPremisses.VisitBoogieFunctionOp(VCExprNAry node, VariableBindings bindings)
   at Microsoft.Boogie.TypeErasure.OpTypeEraserPremisses.HandleFunctionOp(Function newFun, List`1 typeArgs, IEnumerable`1 oldArgs, VariableBindings bindings)
   at Microsoft.Boogie.TypeErasure.OpTypeEraserPremisses.VisitBoogieFunctionOp(VCExprNAry node, VariableBindings bindings)
   at Microsoft.Boogie.VCExprAST.MutatingVCExprVisitor`1.MutateList(List`1 exprs, Arg arg)
   at Microsoft.Boogie.VCExprAST.MutatingVCExprVisitor`1.MutateTriggers(List`1 triggers, Arg arg)
   at Microsoft.Boogie.TypeErasure.TypeEraserPremisses.HandleQuantifier(VCExprQuantifier node, List`1 occurringVars, List`1 newBoundVars, VariableBindings bindings)
   at Microsoft.Boogie.TypeErasure.TypeEraserPremisses.Visit(VCExprQuantifier node, VariableBindings oldBindings)
   at Microsoft.Boogie.VCExprAST.MutatingVCExprVisitor`1.Visit(VCExprNAry node, Arg arg)
   at Microsoft.Boogie.TypeErasure.OpTypeEraser.VisitImpliesOp(VCExprNAry node, VariableBindings bindings)
   at Microsoft.Boogie.VCExprAST.VCExprOp.Accept[Result,Arg](VCExprNAry expr, IVCExprOpVisitor`2 visitor, Arg arg)
   at Microsoft.Boogie.TypeErasure.OpTypeEraser.VisitImpliesOp(VCExprNAry node, VariableBindings bindings)
   at Microsoft.Boogie.VCExprAST.VCExprOp.Accept[Result,Arg](VCExprNAry expr, IVCExprOpVisitor`2 visitor, Arg arg)
   at Microsoft.Boogie.TypeErasure.OpTypeEraser.VisitImpliesOp(VCExprNAry node, VariableBindings bindings)
   at Microsoft.Boogie.VCExprAST.VCExprOp.Accept[Result,Arg](VCExprNAry expr, IVCExprOpVisitor`2 visitor, Arg arg)
   at Microsoft.Boogie.TypeErasure.OpTypeEraser.VisitImpliesOp(VCExprNAry node, VariableBindings bindings)
   at Microsoft.Boogie.VCExprAST.VCExprOp.Accept[Result,Arg](VCExprNAry expr, IVCExprOpVisitor`2 visitor, Arg arg)
   at Microsoft.Boogie.TypeErasure.TypeEraser.Visit(VCExprLet node, VariableBindings bindings)
   at Microsoft.Boogie.TypeErasure.OpTypeEraser.VisitImpliesOp(VCExprNAry node, VariableBindings bindings)
   at Microsoft.Boogie.VCExprAST.VCExprOp.Accept[Result,Arg](VCExprNAry expr, IVCExprOpVisitor`2 visitor, Arg arg)
   at Microsoft.Boogie.SMTLib.SMTLibProcessTheoremProver.VCExpr2String(VCExpr expr, Int32 polarity)
   at Microsoft.Boogie.SMTLib.SMTLibProcessTheoremProver.BeginCheck(String descriptiveName, VCExpr vc, ErrorHandler handler)
   at Microsoft.Boogie.Checker.BeginCheck(String descriptiveName, VCExpr vc, ErrorHandler handler, Int32 timeout, Int32 rlimit, Nullable`1 randomSeed)
   at VC.VCGen.Split.BeginCheck(Checker checker, VerifierCallback callback, ModelViewInfo mvInfo, Int32 no, Int32 timeout, Int32 rlimit)
   at VC.VCGen.VerifyImplementation(Implementation impl, VerifierCallback callback)
   at VC.ConditionGeneration.VerifyImplementation(Implementation impl, List`1& errors, String requestId)
   at Microsoft.Boogie.ExecutionEngine.VerifyImplementation(Program program, PipelineStatistics stats, ErrorReporterDelegate er, String requestId, Dictionary`2 extractLoopMappingInfo, Implementation[] stablePrioritizedImpls, Int32 index, OutputCollector outputCollector, List`1 checkers, String programId)
   at Microsoft.Boogie.ExecutionEngine.<>c__DisplayClass28_2.<InferAndVerify>b__5(Object dummy)
   at System.Threading.ExecutionContext.RunInternal(ExecutionContext executionContext, ContextCallback callback, Object state)
--- End of stack trace from previous location ---
   at System.Threading.Tasks.Task.ExecuteWithThreadLocal(Task& currentTaskSlot, Thread threadPoolThread)<---

Command terminated by signal 6
85.09user 1.07system 1:26.35elapsed 99%CPU (0avgtext+0avgdata 423104maxresident)k
0inputs+0outputs (0major+161887minor)pagefaults 0swaps
mv build/lib/Buckets/BucketFlushModel.i.verchk-tmp build/lib/Buckets/BucketFlushModel.i.verchk
( /usr/bin/time .dafny/dafny//Binaries/Dafny /noNLarith /compile:0 /timeLimit:20 Impl/NodeImpl.i.dfy ) 2>&1 | tee build/Impl/NodeImpl.i.verchk-tmp
/root/verichecks-worker/worker-dir/clones/586b964477c74401e3481d6b8cfefe8bbf126678/Betree/BetreeInv.i.dfy(373,8): Verification of 'Impl$$BetreeInv.__default.RedirectPreservesAcyclic' timed out after 20 seconds

Dafny program verifier finished with 13 verified, 0 errors
33.13user 0.61system 0:33.95elapsed 99%CPU (0avgtext+0avgdata 479860maxresident)k
0inputs+0outputs (0major+135042minor)pagefaults 0swaps
mv build/Impl/BucketGeneratorImpl.i.verchk-tmp build/Impl/BucketGeneratorImpl.i.verchk
( /usr/bin/time .dafny/dafny//Binaries/Dafny /noNLarith /compile:0 /timeLimit:20 Impl/BucketSuccessorLoopImpl.i.dfy ) 2>&1 | tee build/Impl/BucketSuccessorLoopImpl.i.verchk-tmp

Dafny program verifier finished with 98 verified, 0 errors, 2 time outs
Command exited with non-zero status 4
163.12user 2.51system 2:46.49elapsed 99%CPU (0avgtext+0avgdata 409688maxresident)k
0inputs+0outputs (0major+504753minor)pagefaults 0swaps
mv build/lib/DataStructures/BtreeModel.i.verchk-tmp build/lib/DataStructures/BtreeModel.i.verchk
( /usr/bin/time .dafny/dafny//Binaries/Dafny /noNLarith /compile:0 /timeLimit:20 PivotBetree/PivotBetree_Refines_Betree.i.dfy ) 2>&1 | tee build/PivotBetree/PivotBetree_Refines_Betree.i.verchk-tmp

Dafny program verifier finished with 1 verified, 0 errors
11.41user 0.25system 0:11.60elapsed 100%CPU (0avgtext+0avgdata 269012maxresident)k
0inputs+0outputs (0major+72534minor)pagefaults 0swaps
mv build/BlockCacheSystem/BlockJournalDisk.i.verchk-tmp build/BlockCacheSystem/BlockJournalDisk.i.verchk
( /usr/bin/time .dafny/dafny//Binaries/Dafny /noNLarith /compile:0 /timeLimit:20 PivotBetree/StatesViewPivotBetree.i.dfy ) 2>&1 | tee build/PivotBetree/StatesViewPivotBetree.i.verchk-tmp

Dafny program verifier finished with 32 verified, 0 errors, 2 time outs
Command exited with non-zero status 4
89.43user 3.09system 1:33.16elapsed 99%CPU (0avgtext+0avgdata 1018632maxresident)k
0inputs+0outputs (0major+1096022minor)pagefaults 0swaps
mv build/Betree/Betree_Refines_Map.i.verchk-tmp build/Betree/Betree_Refines_Map.i.verchk
( /usr/bin/time .dafny/dafny//Binaries/Dafny /noNLarith /compile:0 /timeLimit:20 PivotBetree/StatesViewPivotBetree_Refines_StatesViewMap.i.dfy ) 2>&1 | tee build/PivotBetree/StatesViewPivotBetree_Refines_StatesViewMap.i.verchk-tmp

Dafny program verifier finished with 21 verified, 0 errors
38.56user 0.89system 0:39.23elapsed 100%CPU (0avgtext+0avgdata 500252maxresident)k
0inputs+0outputs (0major+159953minor)pagefaults 0swaps
mv build/BlockCacheSystem/JournalDisk.i.verchk-tmp build/BlockCacheSystem/JournalDisk.i.verchk
( /usr/bin/time .dafny/dafny//Binaries/Dafny /noNLarith /compile:0 /timeLimit:20 PivotBetree/PivotBetree_Refines_Map.i.dfy ) 2>&1 | tee build/PivotBetree/PivotBetree_Refines_Map.i.verchk-tmp

Dafny program verifier finished with 52 verified, 0 errors
81.99user 1.58system 1:23.92elapsed 99%CPU (0avgtext+0avgdata 630416maxresident)k
0inputs+0outputs (0major+283919minor)pagefaults 0swaps
mv build/PivotBetree/PivotBetreeSpecWFNodes.i.verchk-tmp build/PivotBetree/PivotBetreeSpecWFNodes.i.verchk
tools/aggregate-verchk.py verchk build/Versions/CompositeView_Refines_ThreeStateVersionedMap.i.verchk tools/aggregate-verchk.py build/Versions/CompositeView_Refines_TSJMap.i.verified build/Versions/CompositeView_Refines_TSJMap.i.verchk build/MapSpec/TSJMap_Refines_ThreeStateVersionedMap.i.verified build/MapSpec/TSJMap_Refines_ThreeStateVersionedMap.i.verchk 2>&1 | tee build/Versions/CompositeView_Refines_ThreeStateVersionedMap.i.verified-tmp; test ${PIPESTATUS[0]} -eq 0
['build/Versions/CompositeView_Refines_ThreeStateVersionedMap.i.verchk', 'build/Versions/CompositeView_Refines_TSJMap.i.verchk', 'build/MapSpec/TSJMap_Refines_ThreeStateVersionedMap.i.verchk']
1 verified successfully build/Versions/CompositeView_Refines_ThreeStateVersionedMap.i.verchk
mv build/Versions/CompositeView_Refines_ThreeStateVersionedMap.i.verified-tmp build/Versions/CompositeView_Refines_ThreeStateVersionedMap.i.verified
touch build/BlockCacheSystem/BlockCache.i.dummydep
touch build/BlockCacheSystem/JournalCache.i.dummydep
touch build/BlockCacheSystem/BlockJournalDisk.i.dummydep
touch build/BlockCacheSystem/BetreeCache.i.dummydep
touch build/Impl/NodeImpl.i.dummydep
touch build/Impl/BucketSuccessorLoopImpl.i.dummydep
touch build/BlockCacheSystem/BlockSystem.i.dummydep
touch build/BlockCacheSystem/JournalSystem.i.dummydep
touch build/PivotBetree/StatesViewPivotBetree_Refines_StatesViewMap.i.dummydep
touch build/BlockCacheSystem/JournalSystem_Refines_JournalView.i.dummydep
touch build/Impl/AllocationReport.i.dummydep
tools/aggregate-verchk.py verchk build/lib/Base/total_order.i.verchk tools/aggregate-verchk.py build/lib/Base/sequences.i.verified build/lib/Base/sequences.i.verchk build/lib/Base/Maps.i.verified build/lib/Base/Maps.i.verchk build/lib/Lang/NativeTypes.s.verified build/lib/Lang/NativeTypes.s.verchk build/lib/Lang/System/NativeArrays.s.verified build/lib/Lang/System/NativeArrays.s.verchk build/lib/Base/Option.s.verified build/lib/Base/Option.s.verchk 2>&1 | tee build/lib/Base/total_order.i.verified-tmp; test ${PIPESTATUS[0]} -eq 0
['build/lib/Base/total_order.i.verchk', 'build/lib/Base/sequences.i.verchk', 'build/lib/Base/Maps.i.verchk', 'build/lib/Lang/NativeTypes.s.verchk', 'build/lib/Lang/System/NativeArrays.s.verchk', 'build/lib/Base/Option.s.verchk']
0 verification error build/lib/Base/sequences.i.verchk
mv build/lib/Base/total_order.i.verified-tmp build/lib/Base/total_order.i.verified
( /usr/bin/time .dafny/dafny//Binaries/Dafny /noNLarith /compile:0 /timeLimit:20 ByteBlockCacheSystem/Marshalling.i.dfy ) 2>&1 | tee build/ByteBlockCacheSystem/Marshalling.i.verchk-tmp

Dafny program verifier finished with 2 verified, 0 errors
14.52user 0.35system 0:14.85elapsed 100%CPU (0avgtext+0avgdata 344828maxresident)k
0inputs+0outputs (0major+93100minor)pagefaults 0swaps
mv build/PivotBetree/StatesViewPivotBetree.i.verchk-tmp build/PivotBetree/StatesViewPivotBetree.i.verchk
( /usr/bin/time .dafny/dafny//Binaries/Dafny /noNLarith /compile:0 /timeLimit:20 BlockCacheSystem/BetreeCache.i.dfy ) 2>&1 | tee build/BlockCacheSystem/BetreeCache.i.verchk-tmp

Dafny program verifier finished with 2 verified, 0 errors
16.16user 0.38system 0:16.34elapsed 101%CPU (0avgtext+0avgdata 348496maxresident)k
0inputs+0outputs (0major+95243minor)pagefaults 0swaps
mv build/Impl/BucketSuccessorLoopImpl.i.verchk-tmp build/Impl/BucketSuccessorLoopImpl.i.verchk
( /usr/bin/time .dafny/dafny//Binaries/Dafny /noNLarith /compile:0 /timeLimit:20 BlockCacheSystem/BlockJournalCache.i.dfy ) 2>&1 | tee build/BlockCacheSystem/BlockJournalCache.i.verchk-tmp

Dafny program verifier finished with 28 verified, 0 errors
68.85user 1.13system 1:10.74elapsed 98%CPU (0avgtext+0avgdata 524928maxresident)k
0inputs+0outputs (0major+195861minor)pagefaults 0swaps
mv build/lib/Buckets/LKMBPKVOps.i.verchk-tmp build/lib/Buckets/LKMBPKVOps.i.verchk
( /usr/bin/time .dafny/dafny//Binaries/Dafny /noNLarith /compile:0 /timeLimit:20 BlockCacheSystem/BlockSystem.i.dfy ) 2>&1 | tee build/BlockCacheSystem/BlockSystem.i.verchk-tmp

Dafny program verifier finished with 5 verified, 0 errors
18.44user 0.42system 0:18.87elapsed 99%CPU (0avgtext+0avgdata 381840maxresident)k
0inputs+0outputs (0major+102558minor)pagefaults 0swaps
mv build/PivotBetree/PivotBetree_Refines_Betree.i.verchk-tmp build/PivotBetree/PivotBetree_Refines_Betree.i.verchk
( /usr/bin/time .dafny/dafny//Binaries/Dafny /noNLarith /compile:0 /timeLimit:20 BlockCacheSystem/BlockSystem_Refines_StatesView.i.dfy ) 2>&1 | tee build/BlockCacheSystem/BlockSystem_Refines_StatesView.i.verchk-tmp

Dafny program verifier finished with 5 verified, 0 errors
18.61user 0.42system 0:18.83elapsed 101%CPU (0avgtext+0avgdata 379848maxresident)k
0inputs+0outputs (0major+102087minor)pagefaults 0swaps
mv build/PivotBetree/PivotBetree_Refines_Map.i.verchk-tmp build/PivotBetree/PivotBetree_Refines_Map.i.verchk
( /usr/bin/time .dafny/dafny//Binaries/Dafny /noNLarith /compile:0 /timeLimit:20 BlockCacheSystem/JournalSystem.i.dfy ) 2>&1 | tee build/BlockCacheSystem/JournalSystem.i.verchk-tmp
/root/verichecks-worker/worker-dir/clones/586b964477c74401e3481d6b8cfefe8bbf126678/PivotBetree/PivotBetreeSpecRefinement.i.dfy(446,8): Verification of 'Impl$$PivotBetreeSpecRefinement.__default.InRangeImpliesValidLookup' timed out after 20 seconds

Dafny program verifier finished with 88 verified, 0 errors
111.92user 1.97system 1:53.48elapsed 100%CPU (0avgtext+0avgdata 519920maxresident)k
0inputs+0outputs (0major+205966minor)pagefaults 0swaps
mv build/PivotBetree/PivotBetreeSpec.i.verchk-tmp build/PivotBetree/PivotBetreeSpec.i.verchk
( /usr/bin/time .dafny/dafny//Binaries/Dafny /noNLarith /compile:0 /timeLimit:20 BlockCacheSystem/JournalSystem_Refines_JournalView.i.dfy ) 2>&1 | tee build/BlockCacheSystem/JournalSystem_Refines_JournalView.i.verchk-tmp

Dafny program verifier finished with 32 verified, 0 errors
71.88user 1.04system 1:13.03elapsed 99%CPU (0avgtext+0avgdata 496616maxresident)k
0inputs+0outputs (0major+155798minor)pagefaults 0swaps
mv build/PivotBetree/PivotBetree.i.verchk-tmp build/PivotBetree/PivotBetree.i.verchk
( /usr/bin/time .dafny/dafny//Binaries/Dafny /noNLarith /compile:0 /timeLimit:20 Impl/AllocationReport.i.dfy ) 2>&1 | tee build/Impl/AllocationReport.i.verchk-tmp
/root/verichecks-worker/worker-dir/clones/586b964477c74401e3481d6b8cfefe8bbf126678/Betree/BetreeInv.i.dfy(541,8): Verification of 'Impl$$BetreeInv.__default.PropagateInterperetation' timed out after 20 seconds
/root/verichecks-worker/worker-dir/clones/586b964477c74401e3481d6b8cfefe8bbf126678/PivotBetree/StatesViewPivotBetree_Refines_StatesViewMap.i.dfy(57,8): Verification of 'Impl$$StatesViewPivotBetree__Refines__StatesViewMap.__default.RefinesNextStep' timed out after 20 seconds

Dafny program verifier finished with 7 verified, 0 errors
24.52user 0.54system 0:25.21elapsed 99%CPU (0avgtext+0avgdata 466636maxresident)k
0inputs+0outputs (0major+135750minor)pagefaults 0swaps
mv build/BlockCacheSystem/JournalSystem_Refines_JournalView.i.verchk-tmp build/BlockCacheSystem/JournalSystem_Refines_JournalView.i.verchk
touch build/ByteBlockCacheSystem/Marshalling.i.dummydep
touch build/BlockCacheSystem/BlockJournalCache.i.dummydep
touch build/ByteBlockCacheSystem/InterpretationDiskOps.i.dummydep
touch build/Impl/DiskOpModel.i.dummydep
touch build/ByteBlockCacheSystem/InterpretationDiskContents.i.dummydep
touch build/BlockCacheSystem/BlockSystem_Refines_StatesView.i.dummydep
tools/aggregate-verchk.py verchk build/Betree/BetreeSpec.i.verchk tools/aggregate-verchk.py build/Betree/BlockInterface.i.verified build/Betree/BlockInterface.i.verchk build/lib/Base/sequences.i.verified build/lib/Base/sequences.i.verchk build/lib/Base/Maps.i.verified build/lib/Base/Maps.i.verchk build/MapSpec/MapSpec.s.verified build/MapSpec/MapSpec.s.verchk build/Betree/Graph.i.verified build/Betree/Graph.i.verchk build/lib/Base/Message.i.verified build/lib/Base/Message.i.verchk build/lib/Base/total_order.i.verified build/lib/Base/total_order.i.verchk 2>&1 | tee build/Betree/BetreeSpec.i.verified-tmp; test ${PIPESTATUS[0]} -eq 0
['build/Betree/BetreeSpec.i.verchk', 'build/Betree/BlockInterface.i.verchk', 'build/lib/Base/sequences.i.verchk', 'build/lib/Base/Maps.i.verchk', 'build/MapSpec/MapSpec.s.verchk', 'build/Betree/Graph.i.verchk', 'build/lib/Base/Message.i.verchk', 'build/lib/Base/total_order.i.verchk']
0 verification error build/lib/Base/sequences.i.verchk
mv build/Betree/BetreeSpec.i.verified-tmp build/Betree/BetreeSpec.i.verified
tools/aggregate-verchk.py verchk build/lib/Base/total_order_impl.i.verchk tools/aggregate-verchk.py build/lib/Lang/NativeTypes.s.verified build/lib/Lang/NativeTypes.s.verchk build/lib/Base/total_order.i.verified build/lib/Base/total_order.i.verchk build/lib/Lang/LinearSequence.s.verified build/lib/Lang/LinearSequence.s.verchk 2>&1 | tee build/lib/Base/total_order_impl.i.verified-tmp; test ${PIPESTATUS[0]} -eq 0
['build/lib/Base/total_order_impl.i.verchk', 'build/lib/Lang/NativeTypes.s.verchk', 'build/lib/Base/total_order.i.verchk', 'build/lib/Lang/LinearSequence.s.verchk']
1 verified successfully build/lib/Base/total_order_impl.i.verchk
mv build/lib/Base/total_order_impl.i.verified-tmp build/lib/Base/total_order_impl.i.verified
tools/aggregate-verchk.py verchk build/lib/Buckets/MapSeqs.i.verchk tools/aggregate-verchk.py build/lib/Base/KeyType.s.verified build/lib/Base/KeyType.s.verchk build/lib/Base/Message.i.verified build/lib/Base/Message.i.verchk build/lib/Base/total_order.i.verified build/lib/Base/total_order.i.verchk build/lib/Base/Multisets.i.verified build/lib/Base/Multisets.i.verchk 2>&1 | tee build/lib/Buckets/MapSeqs.i.verified-tmp; test ${PIPESTATUS[0]} -eq 0
['build/lib/Buckets/MapSeqs.i.verchk', 'build/lib/Base/KeyType.s.verchk', 'build/lib/Base/Message.i.verchk', 'build/lib/Base/total_order.i.verchk', 'build/lib/Base/Multisets.i.verchk']
0 untrusted file contains assumptions build/lib/Buckets/MapSeqs.i.verchk
mv build/lib/Buckets/MapSeqs.i.verified-tmp build/lib/Buckets/MapSeqs.i.verified
( /usr/bin/time .dafny/dafny//Binaries/Dafny /noNLarith /compile:0 /timeLimit:20 Impl/IndirectionTable.i.dfy ) 2>&1 | tee build/Impl/IndirectionTable.i.verchk-tmp

Dafny program verifier finished with 8 verified, 0 errors, 1 time out
Command exited with non-zero status 4
46.49user 0.94system 0:47.73elapsed 99%CPU (0avgtext+0avgdata 481708maxresident)k
0inputs+0outputs (0major+295651minor)pagefaults 0swaps
mv build/PivotBetree/StatesViewPivotBetree_Refines_StatesViewMap.i.verchk-tmp build/PivotBetree/StatesViewPivotBetree_Refines_StatesViewMap.i.verchk
tools/aggregate-verchk.py verchk build/lib/Marshalling/GenericMarshalling.i.verchk tools/aggregate-verchk.py build/lib/Lang/NativeTypes.s.verified build/lib/Lang/NativeTypes.s.verchk build/lib/Base/total_order.i.verified build/lib/Base/total_order.i.verchk build/lib/Math/bases.i.verified build/lib/Math/bases.i.verchk build/lib/Marshalling/Maps.i.verified build/lib/Marshalling/Maps.i.verchk build/lib/Marshalling/Seqs.i.verified build/lib/Marshalling/Seqs.i.verchk build/lib/Marshalling/Util.i.verified build/lib/Marshalling/Util.i.verchk build/lib/Lang/System/NativeArrays.s.verified build/lib/Lang/System/NativeArrays.s.verchk build/lib/Lang/System/PackedInts.s.verified build/lib/Lang/System/PackedInts.s.verchk 2>&1 | tee build/lib/Marshalling/GenericMarshalling.i.verified-tmp; test ${PIPESTATUS[0]} -eq 0
['build/lib/Marshalling/GenericMarshalling.i.verchk', 'build/lib/Lang/NativeTypes.s.verchk', 'build/lib/Base/total_order.i.verchk', 'build/lib/Math/bases.i.verchk', 'build/lib/Marshalling/Maps.i.verchk', 'build/lib/Marshalling/Seqs.i.verchk', 'build/lib/Marshalling/Util.i.verchk', 'build/lib/Lang/System/NativeArrays.s.verchk', 'build/lib/Lang/System/PackedInts.s.verchk']
0 verification error build/lib/Marshalling/GenericMarshalling.i.verchk
mv build/lib/Marshalling/GenericMarshalling.i.verified-tmp build/lib/Marshalling/GenericMarshalling.i.verified
tools/aggregate-verchk.py verchk build/lib/Buckets/PackedStringArray.i.verchk tools/aggregate-verchk.py build/lib/Lang/NativeTypes.s.verified build/lib/Lang/NativeTypes.s.verchk build/lib/Lang/LinearSequence.s.verified build/lib/Lang/LinearSequence.s.verchk build/lib/Lang/System/PackedInts.s.verified build/lib/Lang/System/PackedInts.s.verchk build/lib/Base/Option.s.verified build/lib/Base/Option.s.verchk build/lib/Base/total_order_impl.i.verified build/lib/Base/total_order_impl.i.verchk 2>&1 | tee build/lib/Buckets/PackedStringArray.i.verified-tmp; test ${PIPESTATUS[0]} -eq 0
['build/lib/Buckets/PackedStringArray.i.verchk', 'build/lib/Lang/NativeTypes.s.verchk', 'build/lib/Lang/LinearSequence.s.verchk', 'build/lib/Lang/System/PackedInts.s.verchk', 'build/lib/Base/Option.s.verchk', 'build/lib/Base/total_order_impl.i.verchk']
0 verification error build/lib/Buckets/PackedStringArray.i.verchk
/root/verichecks-worker/worker-dir/clones/586b964477c74401e3481d6b8cfefe8bbf126678/ByteBlockCacheSystem/Marshalling.i.dfy(110,2): Error: A postcondition might not hold on this return path.
/root/verichecks-worker/worker-dir/clones/586b964477c74401e3481d6b8cfefe8bbf126678/ByteBlockCacheSystem/Marshalling.i.dfy(109,37): Related location: This is the postcondition that might not hold.
Execution trace:
    (0,0): anon0
mv build/lib/Buckets/PackedStringArray.i.verified-tmp build/lib/Buckets/PackedStringArray.i.verified
( /usr/bin/time .dafny/dafny//Binaries/Dafny /noNLarith /compile:0 /timeLimit:20 ByteBlockCacheSystem/ByteCache.i.dfy ) 2>&1 | tee build/ByteBlockCacheSystem/ByteCache.i.verchk-tmp

Dafny program verifier finished with 0 verified, 0 errors
13.32user 0.26system 0:13.36elapsed 101%CPU (0avgtext+0avgdata 316592maxresident)k
0inputs+0outputs (0major+79776minor)pagefaults 0swaps
mv build/Impl/AllocationReport.i.verchk-tmp build/Impl/AllocationReport.i.verchk
( /usr/bin/time .dafny/dafny//Binaries/Dafny /noNLarith /compile:0 /timeLimit:20 ByteBlockCacheSystem/InterpretationDiskOps.i.dfy ) 2>&1 | tee build/ByteBlockCacheSystem/InterpretationDiskOps.i.verchk-tmp

Dafny program verifier finished with 11 verified, 0 errors
34.10user 0.69system 0:34.81elapsed 99%CPU (0avgtext+0avgdata 474448maxresident)k
0inputs+0outputs (0major+135849minor)pagefaults 0swaps
mv build/BlockCacheSystem/BetreeCache.i.verchk-tmp build/BlockCacheSystem/BetreeCache.i.verchk
( /usr/bin/time .dafny/dafny//Binaries/Dafny /noNLarith /compile:0 /timeLimit:20 Impl/DiskOpModel.i.dfy ) 2>&1 | tee build/Impl/DiskOpModel.i.verchk-tmp
/root/verichecks-worker/worker-dir/clones/586b964477c74401e3481d6b8cfefe8bbf126678/lib/Buckets/PackedKV.i.dfy(842,9): Verification of 'Impl$$DynamicPkv.__default.MergeToOneChild' timed out after 20 seconds
/root/verichecks-worker/worker-dir/clones/586b964477c74401e3481d6b8cfefe8bbf126678/BlockCacheSystem/BlockJournalCache.i.dfy(57,8): Verification of 'Impl$$BlockJournalCache.__default.NextPreservesInv' timed out after 20 seconds

Dafny program verifier finished with 5 verified, 0 errors, 1 time out
Command exited with non-zero status 4
43.81user 0.65system 0:44.51elapsed 99%CPU (0avgtext+0avgdata 500232maxresident)k
0inputs+0outputs (0major+172126minor)pagefaults 0swaps
mv build/BlockCacheSystem/BlockJournalCache.i.verchk-tmp build/BlockCacheSystem/BlockJournalCache.i.verchk
tools/aggregate-verchk.py verchk build/lib/DataStructures/BtreeModel.i.verchk tools/aggregate-verchk.py build/lib/Lang/LinearSequence.s.verified build/lib/Lang/LinearSequence.s.verchk build/lib/Lang/LinearSequence.i.verified build/lib/Lang/LinearSequence.i.verchk build/lib/Base/sequences.i.verified build/lib/Base/sequences.i.verchk build/lib/Base/Maps.i.verified build/lib/Base/Maps.i.verchk build/lib/Base/total_order_impl.i.verified build/lib/Base/total_order_impl.i.verchk build/lib/Base/mathematics.i.verified build/lib/Base/mathematics.i.verchk 2>&1 | tee build/lib/DataStructures/BtreeModel.i.verified-tmp; test ${PIPESTATUS[0]} -eq 0
['build/lib/DataStructures/BtreeModel.i.verchk', 'build/lib/Lang/LinearSequence.s.verchk', 'build/lib/Lang/LinearSequence.i.verchk', 'build/lib/Base/sequences.i.verchk', 'build/lib/Base/Maps.i.verchk', 'build/lib/Base/total_order_impl.i.verchk', 'build/lib/Base/mathematics.i.verchk']
0 verification error build/lib/Base/sequences.i.verchk
mv build/lib/DataStructures/BtreeModel.i.verified-tmp build/lib/DataStructures/BtreeModel.i.verified
( /usr/bin/time .dafny/dafny//Binaries/Dafny /noNLarith /compile:0 /timeLimit:20 ByteBlockCacheSystem/InterpretationDisk.i.dfy ) 2>&1 | tee build/ByteBlockCacheSystem/InterpretationDisk.i.verchk-tmp

Dafny program verifier finished with 0 verified, 0 errors
10.90user 0.24system 0:11.10elapsed 100%CPU (0avgtext+0avgdata 282768maxresident)k
0inputs+0outputs (0major+66129minor)pagefaults 0swaps
mv build/Impl/DiskOpModel.i.verchk-tmp build/Impl/DiskOpModel.i.verchk
( /usr/bin/time .dafny/dafny//Binaries/Dafny /noNLarith /compile:0 /timeLimit:20 ByteBlockCacheSystem/InterpretationDiskContents.i.dfy ) 2>&1 | tee build/ByteBlockCacheSystem/InterpretationDiskContents.i.verchk-tmp
/root/verichecks-worker/worker-dir/clones/586b964477c74401e3481d6b8cfefe8bbf126678/Betree/BetreeInv.i.dfy(559,8): Verification of 'Impl$$BetreeInv.__default.FlushPreservesLookups' timed out after 20 seconds

Dafny program verifier finished with 27 verified, 0 errors
73.55user 1.20system 1:14.84elapsed 99%CPU (0avgtext+0avgdata 647632maxresident)k
0inputs+0outputs (0major+213667minor)pagefaults 0swaps
mv build/Impl/NodeImpl.i.verchk-tmp build/Impl/NodeImpl.i.verchk
( /usr/bin/time .dafny/dafny//Binaries/Dafny /noNLarith /compile:0 /timeLimit:20 BlockCacheSystem/BetreeSystem.i.dfy ) 2>&1 | tee build/BlockCacheSystem/BetreeSystem.i.verchk-tmp

Dafny program verifier finished with 2 verified, 0 errors
20.97user 0.56system 0:21.38elapsed 100%CPU (0avgtext+0avgdata 498168maxresident)k
0inputs+0outputs (0major+147338minor)pagefaults 0swaps
mv build/ByteBlockCacheSystem/ByteCache.i.verchk-tmp build/ByteBlockCacheSystem/ByteCache.i.verchk
touch build/Impl/IndirectionTable.i.dummydep
touch build/ByteBlockCacheSystem/ByteCache.i.dummydep
touch build/ByteBlockCacheSystem/InterpretationDisk.i.dummydep
touch build/BlockCacheSystem/BetreeSystem.i.dummydep
( /usr/bin/time .dafny/dafny//Binaries/Dafny /noNLarith /compile:0 /timeLimit:20 Impl/StateSectorModel.i.dfy ) 2>&1 | tee build/Impl/StateSectorModel.i.verchk-tmp

Dafny program verifier finished with 55 verified, 0 errors
85.95user 1.49system 1:27.05elapsed 100%CPU (0avgtext+0avgdata 572408maxresident)k
0inputs+0outputs (0major+181568minor)pagefaults 0swaps
mv build/BlockCacheSystem/JournalCache.i.verchk-tmp build/BlockCacheSystem/JournalCache.i.verchk
tools/aggregate-verchk.py verchk build/Betree/Betree.i.verchk tools/aggregate-verchk.py build/Betree/BlockInterface.i.verified build/Betree/BlockInterface.i.verchk build/lib/Base/sequences.i.verified build/lib/Base/sequences.i.verchk build/lib/Base/Maps.i.verified build/lib/Base/Maps.i.verchk build/MapSpec/MapSpec.s.verified build/MapSpec/MapSpec.s.verchk build/Betree/Graph.i.verified build/Betree/Graph.i.verchk build/Betree/BetreeSpec.i.verified build/Betree/BetreeSpec.i.verchk 2>&1 | tee build/Betree/Betree.i.verified-tmp; test ${PIPESTATUS[0]} -eq 0
['build/Betree/Betree.i.verchk', 'build/Betree/BlockInterface.i.verchk', 'build/lib/Base/sequences.i.verchk', 'build/lib/Base/Maps.i.verchk', 'build/MapSpec/MapSpec.s.verchk', 'build/Betree/Graph.i.verchk', 'build/Betree/BetreeSpec.i.verchk']
0 verification error build/lib/Base/sequences.i.verchk
mv build/Betree/Betree.i.verified-tmp build/Betree/Betree.i.verified
tools/aggregate-verchk.py verchk build/lib/Buckets/BoundedPivotsLib.i.verchk tools/aggregate-verchk.py build/lib/Base/total_order_impl.i.verified build/lib/Base/total_order_impl.i.verchk build/lib/Base/KeyType.s.verified build/lib/Base/KeyType.s.verchk 2>&1 | tee build/lib/Buckets/BoundedPivotsLib.i.verified-tmp; test ${PIPESTATUS[0]} -eq 0
['build/lib/Buckets/BoundedPivotsLib.i.verchk', 'build/lib/Base/total_order_impl.i.verchk', 'build/lib/Base/KeyType.s.verchk']
1 verified successfully build/lib/Buckets/BoundedPivotsLib.i.verchk
mv build/lib/Buckets/BoundedPivotsLib.i.verified-tmp build/lib/Buckets/BoundedPivotsLib.i.verified
tools/aggregate-verchk.py verchk build/lib/Buckets/PackedStringArrayMarshalling.i.verchk tools/aggregate-verchk.py build/lib/Marshalling/GenericMarshalling.i.verified build/lib/Marshalling/GenericMarshalling.i.verchk build/lib/Buckets/PackedStringArray.i.verified build/lib/Buckets/PackedStringArray.i.verchk 2>&1 | tee build/lib/Buckets/PackedStringArrayMarshalling.i.verified-tmp; test ${PIPESTATUS[0]} -eq 0
['build/lib/Buckets/PackedStringArrayMarshalling.i.verchk', 'build/lib/Marshalling/GenericMarshalling.i.verchk', 'build/lib/Buckets/PackedStringArray.i.verchk']
0 verification error build/lib/Marshalling/GenericMarshalling.i.verchk
mv build/lib/Buckets/PackedStringArrayMarshalling.i.verified-tmp build/lib/Buckets/PackedStringArrayMarshalling.i.verified
( /usr/bin/time .dafny/dafny//Binaries/Dafny /noNLarith /compile:0 /timeLimit:20 Impl/DiskOpImpl.i.dfy ) 2>&1 | tee build/Impl/DiskOpImpl.i.verchk-tmp

Dafny program verifier finished with 24 verified, 0 errors
52.14user 0.86system 0:53.15elapsed 99%CPU (0avgtext+0avgdata 496456maxresident)k
0inputs+0outputs (0major+156889minor)pagefaults 0swaps
mv build/BlockCacheSystem/BlockSystem_Refines_StatesView.i.verchk-tmp build/BlockCacheSystem/BlockSystem_Refines_StatesView.i.verchk
tools/aggregate-verchk.py verchk build/lib/DataStructures/MutableBtree.i.verchk tools/aggregate-verchk.py build/lib/Lang/NativeTypes.s.verified build/lib/Lang/NativeTypes.s.verchk build/lib/Lang/System/NativeArrays.s.verified build/lib/Lang/System/NativeArrays.s.verchk build/lib/Lang/LinearMaybe.s.verified build/lib/Lang/LinearMaybe.s.verchk build/lib/Lang/LinearBox.i.verified build/lib/Lang/LinearBox.i.verchk build/lib/Base/LinearOption.i.verified build/lib/Base/LinearOption.i.verchk build/lib/Base/total_order.i.verified build/lib/Base/total_order.i.verchk build/lib/Base/sequences.i.verified build/lib/Base/sequences.i.verchk build/lib/Base/Arrays.i.verified build/lib/Base/Arrays.i.verchk build/lib/Base/Maps.i.verified build/lib/Base/Maps.i.verchk build/lib/Base/Option.s.verified build/lib/Base/Option.s.verchk build/lib/Base/mathematics.i.verified build/lib/Base/mathematics.i.verchk build/lib/DataStructures/BtreeModel.i.verified build/lib/DataStructures/BtreeModel.i.verchk 2>&1 | tee build/lib/DataStructures/MutableBtree.i.verified-tmp; test ${PIPESTATUS[0]} -eq 0
['build/lib/DataStructures/MutableBtree.i.verchk', 'build/lib/Lang/NativeTypes.s.verchk', 'build/lib/Lang/System/NativeArrays.s.verchk', 'build/lib/Lang/LinearMaybe.s.verchk', 'build/lib/Lang/LinearBox.i.verchk', 'build/lib/Base/LinearOption.i.verchk', 'build/lib/Base/total_order.i.verchk', 'build/lib/Base/sequences.i.verchk', 'build/lib/Base/Arrays.i.verchk', 'build/lib/Base/Maps.i.verchk', 'build/lib/Base/Option.s.verchk', 'build/lib/Base/mathematics.i.verchk', 'build/lib/DataStructures/BtreeModel.i.verchk']
0 verification error build/lib/Base/sequences.i.verchk
mv build/lib/DataStructures/MutableBtree.i.verified-tmp build/lib/DataStructures/MutableBtree.i.verified
( /usr/bin/time .dafny/dafny//Binaries/Dafny /noNLarith /compile:0 /timeLimit:20 BlockCacheSystem/BetreeSystem_Refines_StatesViewPivotBetree.i.dfy ) 2>&1 | tee build/BlockCacheSystem/BetreeSystem_Refines_StatesViewPivotBetree.i.verchk-tmp

Dafny program verifier finished with 71 verified, 0 errors
129.90user 1.99system 2:12.42elapsed 99%CPU (0avgtext+0avgdata 575784maxresident)k
0inputs+0outputs (0major+296004minor)pagefaults 0swaps
mv build/lib/Buckets/BucketImpl.i.verchk-tmp build/lib/Buckets/BucketImpl.i.verchk
touch build/Impl/StateSectorModel.i.dummydep
touch build/Impl/DiskOpImpl.i.dummydep
touch build/Impl/StateSectorImpl.i.dummydep
touch build/BlockCacheSystem/BetreeSystem_Refines_StatesViewPivotBetree.i.dummydep
( /usr/bin/time .dafny/dafny//Binaries/Dafny /noNLarith /compile:0 /timeLimit:20 Impl/StateBCModel.i.dfy ) 2>&1 | tee build/Impl/StateBCModel.i.verchk-tmp
/root/verichecks-worker/worker-dir/clones/586b964477c74401e3481d6b8cfefe8bbf126678/Betree/BetreeInv.i.dfy(658,8): Verification of 'Impl$$BetreeInv.__default.RedirectPreservesLookups' timed out after 20 seconds

Dafny program verifier finished with 88 verified, 1 error, 1 time out
Command exited with non-zero status 4
165.70user 2.10system 2:48.98elapsed 99%CPU (0avgtext+0avgdata 545868maxresident)k
0inputs+0outputs (0major+251432minor)pagefaults 0swaps
mv build/lib/Buckets/PackedKV.i.verchk-tmp build/lib/Buckets/PackedKV.i.verchk
tools/aggregate-verchk.py verchk build/lib/Buckets/BucketMap.i.verchk tools/aggregate-verchk.py build/lib/Base/KeyType.s.verified build/lib/Base/KeyType.s.verchk build/lib/Base/Message.i.verified build/lib/Base/Message.i.verchk build/lib/Buckets/BoundedPivotsLib.i.verified build/lib/Buckets/BoundedPivotsLib.i.verchk build/MapSpec/MapSpec.s.verified build/MapSpec/MapSpec.s.verchk 2>&1 | tee build/lib/Buckets/BucketMap.i.verified-tmp; test ${PIPESTATUS[0]} -eq 0
['build/lib/Buckets/BucketMap.i.verchk', 'build/lib/Base/KeyType.s.verchk', 'build/lib/Base/Message.i.verchk', 'build/lib/Buckets/BoundedPivotsLib.i.verchk', 'build/MapSpec/MapSpec.s.verchk']
1 verified successfully build/lib/Buckets/BucketMap.i.verchk
mv build/lib/Buckets/BucketMap.i.verified-tmp build/lib/Buckets/BucketMap.i.verified
( /usr/bin/time .dafny/dafny//Binaries/Dafny /noNLarith /compile:0 /timeLimit:20 Impl/MarshallingModel.i.dfy ) 2>&1 | tee build/Impl/MarshallingModel.i.verchk-tmp

Dafny program verifier finished with 1 verified, 0 errors
18.65user 0.52system 0:18.99elapsed 100%CPU (0avgtext+0avgdata 461392maxresident)k
0inputs+0outputs (0major+132727minor)pagefaults 0swaps
mv build/Impl/DiskOpImpl.i.verchk-tmp build/Impl/DiskOpImpl.i.verchk
( /usr/bin/time .dafny/dafny//Binaries/Dafny /noNLarith /compile:0 /timeLimit:20 Impl/StateSectorImpl.i.dfy ) 2>&1 | tee build/Impl/StateSectorImpl.i.verchk-tmp

Dafny program verifier finished with 73 verified, 0 errors
118.63user 1.98system 2:01.22elapsed 99%CPU (0avgtext+0avgdata 590392maxresident)k
0inputs+0outputs (0major+290167minor)pagefaults 0swaps
mv build/BlockCacheSystem/BlockCache.i.verchk-tmp build/BlockCacheSystem/BlockCache.i.verchk
tools/aggregate-verchk.py verchk build/lib/DataStructures/KMBtree.i.verchk tools/aggregate-verchk.py build/lib/DataStructures/MutableBtree.i.verified build/lib/DataStructures/MutableBtree.i.verchk build/lib/Base/Message.i.verified build/lib/Base/Message.i.verchk 2>&1 | tee build/lib/DataStructures/KMBtree.i.verified-tmp; test ${PIPESTATUS[0]} -eq 0
['build/lib/DataStructures/KMBtree.i.verchk', 'build/lib/DataStructures/MutableBtree.i.verchk', 'build/lib/Base/Message.i.verchk']
1 verified successfully build/lib/DataStructures/KMBtree.i.verchk
mv build/lib/DataStructures/KMBtree.i.verified-tmp build/lib/DataStructures/KMBtree.i.verified
( /usr/bin/time .dafny/dafny//Binaries/Dafny /noNLarith /compile:0 /timeLimit:20 BlockCacheSystem/BetreeSystem_Refines_StatesViewMap.i.dfy ) 2>&1 | tee build/BlockCacheSystem/BetreeSystem_Refines_StatesViewMap.i.verchk-tmp

Dafny program verifier finished with 28 verified, 1 error
Command exited with non-zero status 4
81.15user 1.34system 1:22.49elapsed 100%CPU (0avgtext+0avgdata 670108maxresident)k
0inputs+0outputs (0major+233715minor)pagefaults 0swaps
mv build/ByteBlockCacheSystem/Marshalling.i.verchk-tmp build/ByteBlockCacheSystem/Marshalling.i.verchk
touch build/Impl/StateBCModel.i.dummydep
touch build/Impl/MarshallingModel.i.dummydep
touch build/BlockCacheSystem/BetreeSystem_Refines_StatesViewMap.i.dummydep
tools/aggregate-verchk.py verchk build/lib/Buckets/BucketsLib.i.verchk tools/aggregate-verchk.py build/lib/Buckets/BoundedPivotsLib.i.verified build/lib/Buckets/BoundedPivotsLib.i.verchk build/lib/Base/Message.i.verified build/lib/Base/Message.i.verchk build/lib/Base/Maps.i.verified build/lib/Base/Maps.i.verchk build/lib/Base/Multisets.i.verified build/lib/Base/Multisets.i.verchk build/lib/Base/total_order.i.verified build/lib/Base/total_order.i.verchk build/MapSpec/UI.s.verified build/MapSpec/UI.s.verchk build/MapSpec/MapSpec.s.verified build/MapSpec/MapSpec.s.verchk build/lib/Buckets/MapSeqs.i.verified build/lib/Buckets/MapSeqs.i.verchk build/lib/Buckets/BucketMap.i.verified build/lib/Buckets/BucketMap.i.verchk 2>&1 | tee build/lib/Buckets/BucketsLib.i.verified-tmp; test ${PIPESTATUS[0]} -eq 0
['build/lib/Buckets/BucketsLib.i.verchk', 'build/lib/Buckets/BoundedPivotsLib.i.verchk', 'build/lib/Base/Message.i.verchk', 'build/lib/Base/Maps.i.verchk', 'build/lib/Base/Multisets.i.verchk', 'build/lib/Base/total_order.i.verchk', 'build/MapSpec/UI.s.verchk', 'build/MapSpec/MapSpec.s.verchk', 'build/lib/Buckets/MapSeqs.i.verchk', 'build/lib/Buckets/BucketMap.i.verchk']
0 untrusted file contains assumptions build/lib/Base/Multisets.i.verchk
mv build/lib/Buckets/BucketsLib.i.verified-tmp build/lib/Buckets/BucketsLib.i.verified
( /usr/bin/time .dafny/dafny//Binaries/Dafny /noNLarith /compile:0 /timeLimit:20 Impl/IOModel.i.dfy ) 2>&1 | tee build/Impl/IOModel.i.verchk-tmp

Dafny program verifier finished with 3 verified, 0 errors
26.51user 0.57system 0:27.02elapsed 100%CPU (0avgtext+0avgdata 543444maxresident)k
0inputs+0outputs (0major+159347minor)pagefaults 0swaps
mv build/Impl/StateSectorModel.i.verchk-tmp build/Impl/StateSectorModel.i.verchk
tools/aggregate-verchk.py verchk build/lib/Buckets/BucketIteratorModel.i.verchk tools/aggregate-verchk.py build/lib/Buckets/BucketsLib.i.verified build/lib/Buckets/BucketsLib.i.verchk build/lib/Base/Sets.i.verified build/lib/Base/Sets.i.verchk 2>&1 | tee build/lib/Buckets/BucketIteratorModel.i.verified-tmp; test ${PIPESTATUS[0]} -eq 0
['build/lib/Buckets/BucketIteratorModel.i.verchk', 'build/lib/Buckets/BucketsLib.i.verchk', 'build/lib/Base/Sets.i.verchk']
1 verified successfully build/lib/Buckets/BucketIteratorModel.i.verchk
mv build/lib/Buckets/BucketIteratorModel.i.verified-tmp build/lib/Buckets/BucketIteratorModel.i.verified
( /usr/bin/time .dafny/dafny//Binaries/Dafny /noNLarith /compile:0 /timeLimit:20 BlockCacheSystem/BetreeJournalSystem.i.dfy ) 2>&1 | tee build/BlockCacheSystem/BetreeJournalSystem.i.verchk-tmp
/root/verichecks-worker/worker-dir/clones/586b964477c74401e3481d6b8cfefe8bbf126678/PivotBetree/PivotBetreeSpecRefinement.i.dfy(1011,8): Verification of 'Impl$$PivotBetreeSpecRefinement.__default.RefinesValidSplit' timed out after 20 seconds

Dafny program verifier finished with 5 verified, 0 errors
24.93user 0.56system 0:25.59elapsed 99%CPU (0avgtext+0avgdata 497204maxresident)k
0inputs+0outputs (0major+146170minor)pagefaults 0swaps
mv build/BlockCacheSystem/BetreeSystem_Refines_StatesViewMap.i.verchk-tmp build/BlockCacheSystem/BetreeSystem_Refines_StatesViewMap.i.verchk
touch build/Impl/IOModel.i.dummydep
touch build/BlockCacheSystem/BetreeJournalSystem.i.dummydep
tools/aggregate-verchk.py verchk build/lib/Buckets/BucketWeights.i.verchk tools/aggregate-verchk.py build/lib/Base/Sets.i.verified build/lib/Base/Sets.i.verchk build/lib/Base/Multisets.i.verified build/lib/Base/Multisets.i.verchk build/lib/Buckets/BucketsLib.i.verified build/lib/Buckets/BucketsLib.i.verchk 2>&1 | tee build/lib/Buckets/BucketWeights.i.verified-tmp; test ${PIPESTATUS[0]} -eq 0
['build/lib/Buckets/BucketWeights.i.verchk', 'build/lib/Base/Sets.i.verchk', 'build/lib/Base/Multisets.i.verchk', 'build/lib/Buckets/BucketsLib.i.verchk']
0 untrusted file contains assumptions build/lib/Base/Multisets.i.verchk
mv build/lib/Buckets/BucketWeights.i.verified-tmp build/lib/Buckets/BucketWeights.i.verified
( /usr/bin/time .dafny/dafny//Binaries/Dafny /noNLarith /compile:0 /timeLimit:20 Impl/BookkeepingModel.i.dfy ) 2>&1 | tee build/Impl/BookkeepingModel.i.verchk-tmp

Dafny program verifier finished with 62 verified, 0 errors, 5 time outs
Command exited with non-zero status 4
208.21user 2.70system 3:32.77elapsed 99%CPU (0avgtext+0avgdata 935332maxresident)k
0inputs+0outputs (0major+731298minor)pagefaults 0swaps
mv build/Betree/BetreeInv.i.verchk-tmp build/Betree/BetreeInv.i.verchk
tools/aggregate-verchk.py verchk build/Impl/BucketGeneratorModel.i.verchk tools/aggregate-verchk.py build/lib/Buckets/BucketIteratorModel.i.verified build/lib/Buckets/BucketIteratorModel.i.verchk 2>&1 | tee build/Impl/BucketGeneratorModel.i.verified-tmp; test ${PIPESTATUS[0]} -eq 0
['build/Impl/BucketGeneratorModel.i.verchk', 'build/lib/Buckets/BucketIteratorModel.i.verchk']
0 verification timeout build/Impl/BucketGeneratorModel.i.verchk
mv build/Impl/BucketGeneratorModel.i.verified-tmp build/Impl/BucketGeneratorModel.i.verified
( /usr/bin/time .dafny/dafny//Binaries/Dafny /noNLarith /compile:0 /timeLimit:20 ByteBlockCacheSystem/ByteSystem.i.dfy ) 2>&1 | tee build/ByteBlockCacheSystem/ByteSystem.i.verchk-tmp

Dafny program verifier finished with 9 verified, 0 errors
43.22user 0.88system 0:44.25elapsed 99%CPU (0avgtext+0avgdata 769824maxresident)k
0inputs+0outputs (0major+219188minor)pagefaults 0swaps
mv build/Impl/StateBCModel.i.verchk-tmp build/Impl/StateBCModel.i.verchk
( /usr/bin/time .dafny/dafny//Binaries/Dafny /noNLarith /compile:0 /timeLimit:20 BlockCacheSystem/BetreeJournalSystem_Refines_CompositeView.i.dfy ) 2>&1 | tee build/BlockCacheSystem/BetreeJournalSystem_Refines_CompositeView.i.verchk-tmp
/root/verichecks-worker/worker-dir/clones/586b964477c74401e3481d6b8cfefe8bbf126678/BlockCacheSystem/BetreeSystem_Refines_StatesViewPivotBetree.i.dfy(72,8): Verification of 'Impl$$BetreeSystem__Refines__StatesViewPivotBetree.__default.BlockCacheMoveStepRefines' timed out after 20 seconds

Dafny program verifier finished with 4 verified, 0 errors
35.22user 0.76system 0:35.85elapsed 100%CPU (0avgtext+0avgdata 709496maxresident)k
0inputs+0outputs (0major+203525minor)pagefaults 0swaps
mv build/Impl/StateSectorImpl.i.verchk-tmp build/Impl/StateSectorImpl.i.verchk
touch build/Impl/BookkeepingModel.i.dummydep
touch build/ByteBlockCacheSystem/ByteSystem.i.dummydep
touch build/BlockCacheSystem/BetreeJournalSystem_Refines_CompositeView.i.dummydep
touch build/ByteBlockCacheSystem/ByteSystem_Refines_BetreeJournalSystem.i.dummydep
touch build/BlockCacheSystem/BetreeJournalSystem_Refines_ThreeStateVersionedMap.i.dummydep
tools/aggregate-verchk.py verchk build/lib/Buckets/BucketFlushModel.i.verchk tools/aggregate-verchk.py build/lib/Buckets/BucketsLib.i.verified build/lib/Buckets/BucketsLib.i.verchk build/lib/Buckets/BucketWeights.i.verified build/lib/Buckets/BucketWeights.i.verchk build/lib/Base/Message.i.verified build/lib/Base/Message.i.verchk build/lib/Base/Maps.i.verified build/lib/Base/Maps.i.verchk build/lib/Base/total_order.i.verified build/lib/Base/total_order.i.verchk build/MapSpec/UI.s.verified build/MapSpec/UI.s.verchk build/MapSpec/MapSpec.s.verified build/MapSpec/MapSpec.s.verchk build/PivotBetree/Bounds.i.verified build/PivotBetree/Bounds.i.verchk 2>&1 | tee build/lib/Buckets/BucketFlushModel.i.verified-tmp; test ${PIPESTATUS[0]} -eq 0
['build/lib/Buckets/BucketFlushModel.i.verchk', 'build/lib/Buckets/BucketsLib.i.verchk', 'build/lib/Buckets/BucketWeights.i.verchk', 'build/lib/Base/Message.i.verchk', 'build/lib/Base/Maps.i.verchk', 'build/lib/Base/total_order.i.verchk', 'build/MapSpec/UI.s.verchk', 'build/MapSpec/MapSpec.s.verchk', 'build/PivotBetree/Bounds.i.verchk']
Traceback (most recent call last):
  File "tools/aggregate-verchk.py", line 17, in <module>
    main(reportType, inputs)
  File "tools/aggregate-verchk.py", line 8, in main
    summaries = [summarize(reportType, verchk) for verchk in verchks]
  File "tools/aggregate-verchk.py", line 8, in <listcomp>
    summaries = [summarize(reportType, verchk) for verchk in verchks]
  File "/root/verichecks-worker/worker-dir/clones/586b964477c74401e3481d6b8cfefe8bbf126678/tools/lib_aggregate.py", line 116, in summarize
    condition = extractCondition(reportType, verchk, content)
  File "/root/verichecks-worker/worker-dir/clones/586b964477c74401e3481d6b8cfefe8bbf126678/tools/lib_aggregate.py", line 95, in extractCondition
    raise Exception("build system error: couldn't summarize %s\n" % report)
Exception: build system error: couldn't summarize build/lib/Buckets/BucketFlushModel.i.verchk

make: *** [Makefile:224: build/lib/Buckets/BucketFlushModel.i.verified] Error 1
make: *** Waiting for unfinished jobs....

Dafny program verifier finished with 23 verified, 0 errors
66.43user 1.18system 1:07.50elapsed 100%CPU (0avgtext+0avgdata 661272maxresident)k
0inputs+0outputs (0major+249937minor)pagefaults 0swaps
mv build/ByteBlockCacheSystem/InterpretationDiskContents.i.verchk-tmp build/ByteBlockCacheSystem/InterpretationDiskContents.i.verchk

Dafny program verifier finished with 17 verified, 0 errors
64.86user 0.85system 1:06.32elapsed 99%CPU (0avgtext+0avgdata 618144maxresident)k
0inputs+0outputs (0major+196708minor)pagefaults 0swaps
mv build/BlockCacheSystem/BetreeSystem.i.verchk-tmp build/BlockCacheSystem/BetreeSystem.i.verchk

Dafny program verifier finished with 12 verified, 0 errors, 1 time out
Command exited with non-zero status 4
63.09user 0.82system 1:03.97elapsed 99%CPU (0avgtext+0avgdata 619044maxresident)k
0inputs+0outputs (0major+221272minor)pagefaults 0swaps
mv build/BlockCacheSystem/BetreeSystem_Refines_StatesViewPivotBetree.i.verchk-tmp build/BlockCacheSystem/BetreeSystem_Refines_StatesViewPivotBetree.i.verchk

Dafny program verifier finished with 13 verified, 0 errors
50.38user 0.94system 0:51.15elapsed 100%CPU (0avgtext+0avgdata 750732maxresident)k
0inputs+0outputs (0major+240736minor)pagefaults 0swaps
mv build/Impl/MarshallingModel.i.verchk-tmp build/Impl/MarshallingModel.i.verchk
/root/verichecks-worker/worker-dir/clones/586b964477c74401e3481d6b8cfefe8bbf126678/Impl/IOModel.i.dfy(84,21): Error: A postcondition might not hold on this return path.
/root/verichecks-worker/worker-dir/clones/586b964477c74401e3481d6b8cfefe8bbf126678/Impl/IOModel.i.dfy(89,26): Related location: This is the postcondition that might not hold.
Execution trace:
    (0,0): anon0
    (0,0): anon12_Else
    (0,0): anon15_Then
    (0,0): anon11
/root/verichecks-worker/worker-dir/clones/586b964477c74401e3481d6b8cfefe8bbf126678/Impl/IOModel.i.dfy(84,21): Error: A postcondition might not hold on this return path.
/root/verichecks-worker/worker-dir/clones/586b964477c74401e3481d6b8cfefe8bbf126678/Impl/IOModel.i.dfy(89,69): Related location: This is the postcondition that might not hold.
Execution trace:
    (0,0): anon0
    (0,0): anon12_Else
    (0,0): anon15_Then
    (0,0): anon11
/root/verichecks-worker/worker-dir/clones/586b964477c74401e3481d6b8cfefe8bbf126678/Impl/IOModel.i.dfy(93,59): Error: result of operation might violate newtype constraint for 'uint64'
Execution trace:
    (0,0): anon0
    (0,0): anon12_Else
    (0,0): anon15_Then

Dafny program verifier finished with 37 verified, 0 errors
91.82user 1.50system 1:32.76elapsed 100%CPU (0avgtext+0avgdata 679876maxresident)k
0inputs+0outputs (0major+275715minor)pagefaults 0swaps
mv build/ByteBlockCacheSystem/InterpretationDiskOps.i.verchk-tmp build/ByteBlockCacheSystem/InterpretationDiskOps.i.verchk

Dafny program verifier finished with 9 verified, 0 errors
45.19user 0.77system 0:45.60elapsed 100%CPU (0avgtext+0avgdata 746212maxresident)k
0inputs+0outputs (0major+222145minor)pagefaults 0swaps
mv build/BlockCacheSystem/BetreeJournalSystem.i.verchk-tmp build/BlockCacheSystem/BetreeJournalSystem.i.verchk
/root/verichecks-worker/worker-dir/clones/586b964477c74401e3481d6b8cfefe8bbf126678/Impl/IOModel.i.dfy(109,17): Error: A postcondition might not hold on this return path.
/root/verichecks-worker/worker-dir/clones/586b964477c74401e3481d6b8cfefe8bbf126678/Impl/IOModel.i.dfy(102,22): Related location: This is the postcondition that might not hold.
/root/verichecks-worker/worker-dir/clones/586b964477c74401e3481d6b8cfefe8bbf126678/Impl/IOModel.i.dfy(79,7): Related location
Execution trace:
    (0,0): anon0
    (0,0): anon5_Then
    /root/verichecks-worker/worker-dir/clones/586b964477c74401e3481d6b8cfefe8bbf126678/Impl/IOModel.i.dfy(114,44): anon6_Else
    (0,0): anon3

Dafny program verifier finished with 5 verified, 0 errors
27.61user 0.57system 0:27.27elapsed 103%CPU (0avgtext+0avgdata 631876maxresident)k
0inputs+0outputs (0major+187845minor)pagefaults 0swaps
mv build/BlockCacheSystem/BetreeJournalSystem_Refines_CompositeView.i.verchk-tmp build/BlockCacheSystem/BetreeJournalSystem_Refines_CompositeView.i.verchk
/root/verichecks-worker/worker-dir/clones/586b964477c74401e3481d6b8cfefe8bbf126678/PivotBetree/PivotBetreeSpecRefinement.i.dfy(1231,23): Verification of 'Impl$$PivotBetreeSpecRefinement.__default.FlushRefinesOps' timed out after 20 seconds
/root/verichecks-worker/worker-dir/clones/586b964477c74401e3481d6b8cfefe8bbf126678/Impl/BookkeepingModel.i.dfy(142,33): Error: assertion violation
Execution trace:
    (0,0): anon0
    (0,0): anon3_Then
/root/verichecks-worker/worker-dir/clones/586b964477c74401e3481d6b8cfefe8bbf126678/Impl/IOModel.i.dfy(278,22): Error: A postcondition might not hold on this return path.
/root/verichecks-worker/worker-dir/clones/586b964477c74401e3481d6b8cfefe8bbf126678/Impl/IOModel.i.dfy(283,22): Related location: This is the postcondition that might not hold.
Execution trace:
    (0,0): anon0
    (0,0): anon37_Else
    (0,0): anon41_Then
    (0,0): anon42_Then
    (0,0): anon43_Then
    /root/verichecks-worker/worker-dir/clones/586b964477c74401e3481d6b8cfefe8bbf126678/Impl/IOModel.i.dfy(287,23): anon44_Else
    (0,0): anon47_Then
    (0,0): anon48_Then
    (0,0): anon49_Then
    (0,0): anon50_Then
    (0,0): anon51_Then
    (0,0): anon52_Then
    (0,0): anon53_Then
    (0,0): anon54_Then
    (0,0): anon55_Then
    (0,0): anon56_Then
    (0,0): anon36
/root/verichecks-worker/worker-dir/clones/586b964477c74401e3481d6b8cfefe8bbf126678/Impl/IOModel.i.dfy(278,22): Error: A postcondition might not hold on this return path.
/root/verichecks-worker/worker-dir/clones/586b964477c74401e3481d6b8cfefe8bbf126678/Impl/IOModel.i.dfy(283,65): Related location: This is the postcondition that might not hold.
Execution trace:
    (0,0): anon0
    (0,0): anon37_Else
    (0,0): anon41_Then
    (0,0): anon42_Then
    (0,0): anon43_Then
    /root/verichecks-worker/worker-dir/clones/586b964477c74401e3481d6b8cfefe8bbf126678/Impl/IOModel.i.dfy(287,23): anon44_Else
    (0,0): anon47_Then
    (0,0): anon48_Then
    (0,0): anon49_Then
    (0,0): anon50_Then
    (0,0): anon51_Then
    (0,0): anon52_Then
    (0,0): anon53_Then
    (0,0): anon54_Then
    (0,0): anon55_Then
    (0,0): anon56_Then
    (0,0): anon36

Dafny program verifier finished with 95 verified, 0 errors, 3 time outs
Command exited with non-zero status 4
232.87user 2.97system 3:55.75elapsed 100%CPU (0avgtext+0avgdata 776472maxresident)k
0inputs+0outputs (0major+509716minor)pagefaults 0swaps
mv build/PivotBetree/PivotBetreeSpecRefinement.i.verchk-tmp build/PivotBetree/PivotBetreeSpecRefinement.i.verchk
/root/verichecks-worker/worker-dir/clones/586b964477c74401e3481d6b8cfefe8bbf126678/Impl/IndirectionTable.i.dfy(754,4): Error: A postcondition might not hold on this return path.
/root/verichecks-worker/worker-dir/clones/586b964477c74401e3481d6b8cfefe8bbf126678/Impl/IndirectionTable.i.dfy(753,60): Related location: This is the postcondition that might not hold.
Execution trace:
    (0,0): anon0
    (0,0): anon41_Then
    (0,0): anon42_Then
    (0,0): anon43_Then
    (0,0): anon44_Then
    (0,0): anon45_Then
    (0,0): anon46_Then
    (0,0): anon10
    (0,0): anon47_Then
    (0,0): anon48_Then
    (0,0): anon49_Then
    (0,0): anon15
    (0,0): anon50_Then
    (0,0): anon51_Then
    (0,0): anon52_Then
    (0,0): anon20
    (0,0): anon53_Then
    (0,0): anon54_Then
    (0,0): anon55_Then
    (0,0): anon25
    (0,0): anon56_Else
    (0,0): anon57_Else
    (0,0): anon58_Then
    (0,0): anon59_Then
    (0,0): anon60_Then
    (0,0): anon36
    (0,0): anon61_Then
    (0,0): anon62_Then
    (0,0): anon40
/root/verichecks-worker/worker-dir/clones/586b964477c74401e3481d6b8cfefe8bbf126678/Impl/BookkeepingModel.i.dfy(321,21): Error: assertion violation
Execution trace:
    (0,0): anon0
    (0,0): anon72_Else
    (0,0): anon74_Else
    (0,0): anon77_Then
    (0,0): anon78_Then
/root/verichecks-worker/worker-dir/clones/586b964477c74401e3481d6b8cfefe8bbf126678/Impl/BookkeepingModel.i.dfy(382,17): Error: assertion violation
/root/verichecks-worker/worker-dir/clones/586b964477c74401e3481d6b8cfefe8bbf126678/Impl/../BlockCacheSystem/../lib/Base/Maps.i.dfy(19,26): Related location
Execution trace:
    (0,0): anon0
    (0,0): anon72_Else
    (0,0): anon74_Else
    (0,0): anon77_Then
    /root/verichecks-worker/worker-dir/clones/586b964477c74401e3481d6b8cfefe8bbf126678/Impl/BookkeepingModel.i.dfy(321,7): anon78_Else
    (0,0): anon79_Else
    (0,0): anon90_Then
    (0,0): anon91_Then
    (0,0): anon44
    (0,0): anon92_Else
    (0,0): anon93_Then
    (0,0): anon48
    (0,0): anon94_Else
    (0,0): anon95_Then
    (0,0): anon96_Then
    (0,0): anon53
    (0,0): anon54
/root/verichecks-worker/worker-dir/clones/586b964477c74401e3481d6b8cfefe8bbf126678/ByteBlockCacheSystem/AsyncDiskModel.s.dfy[ByteSystem](330,8): Verification of 'Impl$$ByteSystem.__default.InitImpliesInv' timed out after 20 seconds
/root/verichecks-worker/worker-dir/clones/586b964477c74401e3481d6b8cfefe8bbf126678/BlockCacheSystem/BlockSystem.i.dfy(764,8): Verification of 'Impl$$BlockSystem.__default.WriteBackNodeReqStepPreservesInv' timed out after 20 seconds
/root/verichecks-worker/worker-dir/clones/586b964477c74401e3481d6b8cfefe8bbf126678/ByteBlockCacheSystem/ByteSystem.i.dfy(61,8): Verification of 'Impl$$ByteSystem.__default.ReqReadStepPreservesInv' timed out after 20 seconds
/root/verichecks-worker/worker-dir/clones/586b964477c74401e3481d6b8cfefe8bbf126678/Impl/IOModel.i.dfy(688,31): Error: assertion violation
Execution trace:
    (0,0): anon0
/root/verichecks-worker/worker-dir/clones/586b964477c74401e3481d6b8cfefe8bbf126678/Impl/IOModel.i.dfy(735,36): Error: assertion violation
Execution trace:
    (0,0): anon0
/root/verichecks-worker/worker-dir/clones/586b964477c74401e3481d6b8cfefe8bbf126678/Impl/IOModel.i.dfy(790,15): Error: assertion violation
/root/verichecks-worker/worker-dir/clones/586b964477c74401e3481d6b8cfefe8bbf126678/Impl/StateBCModel.i.dfy(85,6): Related location
/root/verichecks-worker/worker-dir/clones/586b964477c74401e3481d6b8cfefe8bbf126678/Impl/StateBCModel.i.dfy(85,71): Related location
Execution trace:
    (0,0): anon0
    (0,0): anon17_Else
    (0,0): anon21_Then
    (0,0): anon22_Then
/root/verichecks-worker/worker-dir/clones/586b964477c74401e3481d6b8cfefe8bbf126678/ByteBlockCacheSystem/ByteSystem.i.dfy(155,8): Verification of 'Impl$$ByteSystem.__default.ReqWriteStepPreservesInv' timed out after 20 seconds

Dafny program verifier finished with 140 verified, 0 errors
207.73user 3.35system 3:26.54elapsed 102%CPU (0avgtext+0avgdata 1244828maxresident)k
0inputs+0outputs (0major+582278minor)pagefaults 0swaps
mv build/BlockCacheSystem/JournalSystem.i.verchk-tmp build/BlockCacheSystem/JournalSystem.i.verchk

Dafny program verifier finished with 47 verified, 9 errors
Command exited with non-zero status 4
140.32user 2.14system 2:17.54elapsed 103%CPU (0avgtext+0avgdata 979368maxresident)k
0inputs+0outputs (0major+511148minor)pagefaults 0swaps
mv build/Impl/IOModel.i.verchk-tmp build/Impl/IOModel.i.verchk

Dafny program verifier finished with 50 verified, 3 errors
Command exited with non-zero status 4
132.88user 1.94system 2:09.67elapsed 103%CPU (0avgtext+0avgdata 972736maxresident)k
0inputs+0outputs (0major+485842minor)pagefaults 0swaps
mv build/Impl/BookkeepingModel.i.verchk-tmp build/Impl/BookkeepingModel.i.verchk
/root/verichecks-worker/worker-dir/clones/586b964477c74401e3481d6b8cfefe8bbf126678/ByteBlockCacheSystem/ByteSystem.i.dfy(340,8): Verification of 'Impl$$ByteSystem.__default.ReqWrite2StepPreservesInv' timed out after 20 seconds
/root/verichecks-worker/worker-dir/clones/586b964477c74401e3481d6b8cfefe8bbf126678/ByteBlockCacheSystem/InterpretationDisk.i.dfy(749,8): Verification of 'Impl$$InterpretationDisk.__default.RefinesReqReadOp' timed out after 20 seconds
/root/verichecks-worker/worker-dir/clones/586b964477c74401e3481d6b8cfefe8bbf126678/ByteBlockCacheSystem/ByteSystem.i.dfy(449,8): Verification of 'Impl$$ByteSystem.__default.RespReadStepPreservesInv' timed out after 20 seconds
/root/verichecks-worker/worker-dir/clones/586b964477c74401e3481d6b8cfefe8bbf126678/ByteBlockCacheSystem/InterpretationDisk.i.dfy(835,8): Verification of 'Impl$$InterpretationDisk.__default.RefinesReqWriteOp' timed out after 20 seconds
/root/verichecks-worker/worker-dir/clones/586b964477c74401e3481d6b8cfefe8bbf126678/BlockCacheSystem/BlockSystem.i.dfy(1067,8): Verification of 'Impl$$BlockSystem.__default.UnallocStepUpdatesGraph' timed out after 20 seconds
/root/verichecks-worker/worker-dir/clones/586b964477c74401e3481d6b8cfefe8bbf126678/Impl/IndirectionTable.i.dfy(1705,4): Error: A postcondition might not hold on this return path.
/root/verichecks-worker/worker-dir/clones/586b964477c74401e3481d6b8cfefe8bbf126678/Impl/IndirectionTable.i.dfy(1701,23): Related location: This is the postcondition that might not hold.
Execution trace:
    (0,0): anon0
    /root/verichecks-worker/worker-dir/clones/586b964477c74401e3481d6b8cfefe8bbf126678/Impl/IndirectionTable.i.dfy(1721,7): anon32_LoopHead
    (0,0): anon32_LoopBody
    /root/verichecks-worker/worker-dir/clones/586b964477c74401e3481d6b8cfefe8bbf126678/Impl/IndirectionTable.i.dfy(1721,7): anon33_Else
    (0,0): anon45_Then
/root/verichecks-worker/worker-dir/clones/586b964477c74401e3481d6b8cfefe8bbf126678/Impl/IndirectionTable.i.dfy(1736,28): Error: This loop invariant might not be maintained by the loop.
/root/verichecks-worker/worker-dir/clones/586b964477c74401e3481d6b8cfefe8bbf126678/Impl/IndirectionTable.i.dfy(1736,28): Related message: loop invariant violation
Execution trace:
    (0,0): anon0
    /root/verichecks-worker/worker-dir/clones/586b964477c74401e3481d6b8cfefe8bbf126678/Impl/IndirectionTable.i.dfy(1721,7): anon32_LoopHead
    (0,0): anon32_LoopBody
    /root/verichecks-worker/worker-dir/clones/586b964477c74401e3481d6b8cfefe8bbf126678/Impl/IndirectionTable.i.dfy(1721,7): anon33_Else
    /root/verichecks-worker/worker-dir/clones/586b964477c74401e3481d6b8cfefe8bbf126678/Impl/IndirectionTable.i.dfy(1721,7): anon45_Else
    /root/verichecks-worker/worker-dir/clones/586b964477c74401e3481d6b8cfefe8bbf126678/Impl/IndirectionTable.i.dfy(1789,9): anon49_Else
    /root/verichecks-worker/worker-dir/clones/586b964477c74401e3481d6b8cfefe8bbf126678/Impl/IndirectionTable.i.dfy(1804,9): anon50_Else
/root/verichecks-worker/worker-dir/clones/586b964477c74401e3481d6b8cfefe8bbf126678/Impl/IndirectionTable.i.dfy(1802,21): Error: result of operation might violate newtype constraint for 'uint64'
Execution trace:
    (0,0): anon0
    /root/verichecks-worker/worker-dir/clones/586b964477c74401e3481d6b8cfefe8bbf126678/Impl/IndirectionTable.i.dfy(1721,7): anon32_LoopHead
    (0,0): anon32_LoopBody
    /root/verichecks-worker/worker-dir/clones/586b964477c74401e3481d6b8cfefe8bbf126678/Impl/IndirectionTable.i.dfy(1721,7): anon33_Else
    /root/verichecks-worker/worker-dir/clones/586b964477c74401e3481d6b8cfefe8bbf126678/Impl/IndirectionTable.i.dfy(1721,7): anon45_Else
    /root/verichecks-worker/worker-dir/clones/586b964477c74401e3481d6b8cfefe8bbf126678/Impl/IndirectionTable.i.dfy(1789,9): anon49_Else
/root/verichecks-worker/worker-dir/clones/586b964477c74401e3481d6b8cfefe8bbf126678/Impl/IndirectionTable.i.dfy(1802,26): Error: result of operation might violate newtype constraint for 'uint64'
Execution trace:
    (0,0): anon0
    /root/verichecks-worker/worker-dir/clones/586b964477c74401e3481d6b8cfefe8bbf126678/Impl/IndirectionTable.i.dfy(1721,7): anon32_LoopHead
    (0,0): anon32_LoopBody
    /root/verichecks-worker/worker-dir/clones/586b964477c74401e3481d6b8cfefe8bbf126678/Impl/IndirectionTable.i.dfy(1721,7): anon33_Else
    /root/verichecks-worker/worker-dir/clones/586b964477c74401e3481d6b8cfefe8bbf126678/Impl/IndirectionTable.i.dfy(1721,7): anon45_Else
    /root/verichecks-worker/worker-dir/clones/586b964477c74401e3481d6b8cfefe8bbf126678/Impl/IndirectionTable.i.dfy(1789,9): anon49_Else
/root/verichecks-worker/worker-dir/clones/586b964477c74401e3481d6b8cfefe8bbf126678/Impl/IndirectionTable.i.dfy(1826,19): Error: result of operation might violate newtype constraint for 'uint64'
Execution trace:
    (0,0): anon0
    /root/verichecks-worker/worker-dir/clones/586b964477c74401e3481d6b8cfefe8bbf126678/Impl/IndirectionTable.i.dfy(1721,7): anon32_LoopHead
    (0,0): anon32_LoopBody
    /root/verichecks-worker/worker-dir/clones/586b964477c74401e3481d6b8cfefe8bbf126678/Impl/IndirectionTable.i.dfy(1721,7): anon33_Else
    (0,0): anon45_Then
/root/verichecks-worker/worker-dir/clones/586b964477c74401e3481d6b8cfefe8bbf126678/Impl/IndirectionTable.i.dfy(1913,20): Error: A precondition for this call might not hold.
/root/verichecks-worker/worker-dir/clones/586b964477c74401e3481d6b8cfefe8bbf126678/Impl/IndirectionTable.i.dfy(1872,25): Related location: This is the precondition that might not hold.
Execution trace:
    (0,0): anon0
/root/verichecks-worker/worker-dir/clones/586b964477c74401e3481d6b8cfefe8bbf126678/Impl/IndirectionTable.i.dfy(1932,36): Error: result of operation might violate newtype constraint for 'uint64'
Execution trace:
    (0,0): anon0
    /root/verichecks-worker/worker-dir/clones/586b964477c74401e3481d6b8cfefe8bbf126678/Impl/IndirectionTable.i.dfy(1919,7): anon11_LoopHead
    (0,0): anon11_LoopBody
    /root/verichecks-worker/worker-dir/clones/586b964477c74401e3481d6b8cfefe8bbf126678/Impl/IndirectionTable.i.dfy(1919,7): anon12_Else
    /root/verichecks-worker/worker-dir/clones/586b964477c74401e3481d6b8cfefe8bbf126678/Impl/IndirectionTable.i.dfy(1919,7): anon13_Else
/root/verichecks-worker/worker-dir/clones/586b964477c74401e3481d6b8cfefe8bbf126678/ByteBlockCacheSystem/InterpretationDisk.i.dfy(1023,8): Verification of 'Impl$$InterpretationDisk.__default.RefinesReqWrite2Op' timed out after 20 seconds
/root/verichecks-worker/worker-dir/clones/586b964477c74401e3481d6b8cfefe8bbf126678/ByteBlockCacheSystem/ByteSystem.i.dfy(481,8): Verification of 'Impl$$ByteSystem.__default.RespWriteStepPreservesInv' timed out after 20 seconds
/root/verichecks-worker/worker-dir/clones/586b964477c74401e3481d6b8cfefe8bbf126678/ByteBlockCacheSystem/InterpretationDisk.i.dfy(1154,8): Verification of 'Impl$$InterpretationDisk.__default.RefinesRespReadOp' timed out after 20 seconds

Dafny program verifier finished with 123 verified, 8 errors
Command exited with non-zero status 4
299.40user 3.94system 4:56.31elapsed 102%CPU (0avgtext+0avgdata 952708maxresident)k
0inputs+0outputs (0major+884299minor)pagefaults 0swaps
mv build/Impl/IndirectionTable.i.verchk-tmp build/Impl/IndirectionTable.i.verchk
/root/verichecks-worker/worker-dir/clones/586b964477c74401e3481d6b8cfefe8bbf126678/ByteBlockCacheSystem/InterpretationDisk.i.dfy(1280,8): Verification of 'Impl$$InterpretationDisk.__default.RefinesRespWriteOp' timed out after 20 seconds
/root/verichecks-worker/worker-dir/clones/586b964477c74401e3481d6b8cfefe8bbf126678/ByteBlockCacheSystem/InterpretationDisk.i.dfy(1321,8): Verification of 'Impl$$InterpretationDisk.__default.RefinesProcessRead' timed out after 20 seconds

Dafny program verifier finished with 23 verified, 0 errors, 6 time outs
Command exited with non-zero status 4
270.33user 2.59system 4:30.15elapsed 101%CPU (0avgtext+0avgdata 1092740maxresident)k
0inputs+0outputs (0major+857898minor)pagefaults 0swaps
mv build/ByteBlockCacheSystem/ByteSystem.i.verchk-tmp build/ByteBlockCacheSystem/ByteSystem.i.verchk

Dafny program verifier finished with 126 verified, 0 errors, 2 time outs
Command exited with non-zero status 4
380.23user 4.38system 6:22.31elapsed 100%CPU (0avgtext+0avgdata 1386584maxresident)k
0inputs+0outputs (0major+1261314minor)pagefaults 0swaps
mv build/BlockCacheSystem/BlockSystem.i.verchk-tmp build/BlockCacheSystem/BlockSystem.i.verchk
/root/verichecks-worker/worker-dir/clones/586b964477c74401e3481d6b8cfefe8bbf126678/ByteBlockCacheSystem/InterpretationDisk.i.dfy(1331,8): Verification of 'Impl$$InterpretationDisk.__default.RefinesProcessWrite' timed out after 20 seconds

Dafny program verifier finished with 102 verified, 0 errors, 7 time outs
Command exited with non-zero status 4
354.80user 5.10system 5:53.16elapsed 101%CPU (0avgtext+0avgdata 959852maxresident)k
0inputs+0outputs (0major+1634560minor)pagefaults 0swaps
mv build/ByteBlockCacheSystem/InterpretationDisk.i.verchk-tmp build/ByteBlockCacheSystem/InterpretationDisk.i.verchk
