mkdir -p build/.
echo Impl/Bundle.i.dfy build-tests/test-suite.i.dfy > build/roots
tools/veridepend.py Impl/Bundle.i.dfy build-tests/test-suite.i.dfy
mkdir -p build/lib/Lang/.
mkdir -p build/lib/Base/.
mkdir -p build/lib/Lang/System/.
mkdir -p build/MapSpec/.
mkdir -p build/lib/Checksums/.
mkdir -p build/ByteBlockCacheSystem/.
mkdir -p build/Impl/.
mkdir -p build/lib/DataStructures/.
touch build/lib/Lang/Inout.i.dummydep
touch build/lib/Lang/LinearMaybe.s.dummydep
touch build/lib/Base/SetBijectivity.i.dummydep
touch build/lib/Lang/LinearBox.s.dummydep
mkdir -p build/lib/Buckets/.
mkdir -p build/PivotBetree/.
mkdir -p build/Betree/.
mkdir -p build/lib/Math/.
mkdir -p build/lib/Marshalling/.
touch build/lib/Base/MathAxioms.s.dummydep
mkdir -p build/BlockCacheSystem/.
mkdir -p build/Versions/.
touch build/lib/Checksums/Nonlinear.i.dummydep
touch build/lib/Base/NativeBenchmarking.s.dummydep
( /usr/bin/time .dafny/dafny//Scripts/dafny /vcsCores:4  /compile:0 /timeLimit:60 lib/Lang/NativeTypes.s.dfy ) 2>&1 | tee build/lib/Lang/NativeTypes.s.verchk-tmp
( /usr/bin/time .dafny/dafny//Scripts/dafny /vcsCores:4  /compile:0 /timeLimit:60 lib/Base/Option.s.dfy ) 2>&1 | tee build/lib/Base/Option.s.verchk-tmp
( /usr/bin/time .dafny/dafny//Scripts/dafny /vcsCores:4  /compile:0 /timeLimit:60 lib/Base/MapRemove.s.dfy ) 2>&1 | tee build/lib/Base/MapRemove.s.verchk-tmp
( /usr/bin/time .dafny/dafny//Scripts/dafny /vcsCores:4  /compile:0 /timeLimit:60 lib/Base/Sets.i.dfy ) 2>&1 | tee build/lib/Base/Sets.i.verchk-tmp
( /usr/bin/time .dafny/dafny//Scripts/dafny /vcsCores:4  /compile:0 /timeLimit:60 lib/Base/mathematics.i.dfy ) 2>&1 | tee build/lib/Base/mathematics.i.verchk-tmp
( /usr/bin/time .dafny/dafny//Scripts/dafny /vcsCores:4  /compile:0 /timeLimit:60 lib/Lang/Inout.i.dfy ) 2>&1 | tee build/lib/Lang/Inout.i.verchk-tmp
( /usr/bin/time .dafny/dafny//Scripts/dafny /vcsCores:4  /compile:0 /timeLimit:60 lib/Lang/LinearMaybe.s.dfy ) 2>&1 | tee build/lib/Lang/LinearMaybe.s.verchk-tmp
/root/verichecks-worker/worker-dir/clones/c7b6650a1874f25ccf45ef780b38684ed647f30e/lib/Base/Sets.i.dfy(37,4): Warning: /!\ No terms found to trigger on.

Dafny program verifier finished with 1 verified, 0 errors
1.43user 0.06system 0:01.44elapsed 103%CPU (0avgtext+0avgdata 88876maxresident)k
0inputs+0outputs (0major+16579minor)pagefaults 0swaps
mv build/lib/Lang/Inout.i.verchk-tmp build/lib/Lang/Inout.i.verchk
( /usr/bin/time .dafny/dafny//Scripts/dafny /vcsCores:4  /compile:0 /timeLimit:60 lib/Base/SetBijectivity.i.dfy ) 2>&1 | tee build/lib/Base/SetBijectivity.i.verchk-tmp

Dafny program verifier finished with 2 verified, 0 errors
1.69user 0.08system 0:01.48elapsed 120%CPU (0avgtext+0avgdata 94396maxresident)k
408inputs+0outputs (5major+20499minor)pagefaults 0swaps
mv build/lib/Base/Option.s.verchk-tmp build/lib/Base/Option.s.verchk
( /usr/bin/time .dafny/dafny//Scripts/dafny /vcsCores:4  /compile:0 /timeLimit:60 lib/Lang/LinearBox.s.dfy ) 2>&1 | tee build/lib/Lang/LinearBox.s.verchk-tmp

Dafny program verifier finished with 1 verified, 0 errors
1.59user 0.07system 0:01.63elapsed 102%CPU (0avgtext+0avgdata 89840maxresident)k
8inputs+0outputs (1major+17514minor)pagefaults 0swaps
mv build/lib/Base/MapRemove.s.verchk-tmp build/lib/Base/MapRemove.s.verchk
( /usr/bin/time .dafny/dafny//Scripts/dafny /vcsCores:4  /compile:0 /timeLimit:60 lib/Math/bases.i.dfy ) 2>&1 | tee build/lib/Math/bases.i.verchk-tmp

Dafny program verifier finished with 4 verified, 0 errors
2.41user 0.13system 0:01.78elapsed 143%CPU (0avgtext+0avgdata 103124maxresident)k
0inputs+0outputs (0major+26412minor)pagefaults 0swaps
mv build/lib/Base/mathematics.i.verchk-tmp build/lib/Base/mathematics.i.verchk
( /usr/bin/time .dafny/dafny//Scripts/dafny /vcsCores:4  /compile:0 /timeLimit:60 lib/Marshalling/Maps.i.dfy ) 2>&1 | tee build/lib/Marshalling/Maps.i.verchk-tmp

Dafny program verifier finished with 6 verified, 0 errors
2.62user 0.16system 0:01.80elapsed 154%CPU (0avgtext+0avgdata 107516maxresident)k
0inputs+0outputs (1major+28924minor)pagefaults 0swaps
mv build/lib/Lang/LinearMaybe.s.verchk-tmp build/lib/Lang/LinearMaybe.s.verchk
( /usr/bin/time .dafny/dafny//Scripts/dafny /vcsCores:4  /compile:0 /timeLimit:60 lib/Marshalling/Math.i.dfy ) 2>&1 | tee build/lib/Marshalling/Math.i.verchk-tmp

Dafny program verifier finished with 6 verified, 0 errors
2.62user 0.15system 0:01.87elapsed 148%CPU (0avgtext+0avgdata 104516maxresident)k
0inputs+0outputs (0major+27638minor)pagefaults 0swaps
mv build/lib/Base/Sets.i.verchk-tmp build/lib/Base/Sets.i.verchk
( /usr/bin/time .dafny/dafny//Scripts/dafny /vcsCores:4  /compile:0 /timeLimit:60 lib/Base/MathAxioms.s.dfy ) 2>&1 | tee build/lib/Base/MathAxioms.s.verchk-tmp

Dafny program verifier finished with 16 verified, 0 errors
3.71user 0.11system 0:01.94elapsed 196%CPU (0avgtext+0avgdata 121652maxresident)k
520inputs+0outputs (2major+31960minor)pagefaults 0swaps
mv build/lib/Lang/NativeTypes.s.verchk-tmp build/lib/Lang/NativeTypes.s.verchk
( /usr/bin/time .dafny/dafny//Scripts/dafny /vcsCores:4  /compile:0 /timeLimit:60 lib/Checksums/Nonlinear.i.dfy ) 2>&1 | tee build/lib/Checksums/Nonlinear.i.verchk-tmp

Dafny program verifier finished with 0 verified, 0 errors
0.73user 0.06system 0:00.82elapsed 96%CPU (0avgtext+0avgdata 76544maxresident)k
0inputs+0outputs (0major+12067minor)pagefaults 0swaps
mv build/lib/Math/bases.i.verchk-tmp build/lib/Math/bases.i.verchk
( /usr/bin/time .dafny/dafny//Scripts/dafny /vcsCores:4  /compile:0 /timeLimit:60 lib/Base/NativeBenchmarking.s.dfy ) 2>&1 | tee build/lib/Base/NativeBenchmarking.s.verchk-tmp

Dafny program verifier finished with 1 verified, 0 errors
1.40user 0.06system 0:01.42elapsed 103%CPU (0avgtext+0avgdata 89292maxresident)k
0inputs+0outputs (0major+16999minor)pagefaults 0swaps
mv build/lib/Base/MathAxioms.s.verchk-tmp build/lib/Base/MathAxioms.s.verchk
( /usr/bin/time .dafny/dafny//Scripts/dafny /vcsCores:4  /compile:0 /timeLimit:60 BlockCacheSystem/AsyncSectorDiskModelTypes.i.dfy ) 2>&1 | tee build/BlockCacheSystem/AsyncSectorDiskModelTypes.i.verchk-tmp

Dafny program verifier finished with 0 verified, 0 errors
0.79user 0.06system 0:00.85elapsed 101%CPU (0avgtext+0avgdata 76500maxresident)k
0inputs+0outputs (0major+12044minor)pagefaults 0swaps
mv build/lib/Base/NativeBenchmarking.s.verchk-tmp build/lib/Base/NativeBenchmarking.s.verchk
touch build/lib/Lang/NativeTypes.s.dummydep
touch build/lib/Base/Option.s.dummydep
touch build/lib/Lang/System/SeqComparison.s.dummydep
touch build/lib/Base/KeyType.s.dummydep
touch build/lib/Base/MapRemove.s.dummydep
touch build/lib/Lang/System/Bits.s.dummydep
touch build/lib/Base/Sets.i.dummydep
touch build/lib/Base/mathematics.i.dummydep
touch build/lib/Lang/LinearSequence.s.dummydep
touch build/lib/Base/Maps.i.dummydep
touch build/lib/Lang/System/Arithmetic.s.dummydep
touch build/lib/Base/LinearOption.i.dummydep
touch build/lib/Lang/System/NativeArrays.s.dummydep
touch build/PivotBetree/Bounds.i.dummydep
touch build/lib/Math/bases.i.dummydep
touch build/lib/Marshalling/Maps.i.dummydep
touch build/lib/Marshalling/Seqs.i.dummydep
touch build/lib/Marshalling/Math.i.dummydep
touch build/lib/Lang/System/PackedInts.s.dummydep
touch build/lib/Base/BitsetLemmas.i.dummydep
touch build/BlockCacheSystem/DiskLayout.i.dummydep
touch build/lib/Base/PackedIntsLib.i.dummydep
touch build/lib/Checksums/MathLemmas.i.dummydep
touch build/BlockCacheSystem/AsyncSectorDiskModelTypes.i.dummydep
( /usr/bin/time .dafny/dafny//Scripts/dafny /vcsCores:4  /compile:0 /timeLimit:60 lib/Base/DebugAccumulator.i.dfy ) 2>&1 | tee build/lib/Base/DebugAccumulator.i.verchk-tmp

Dafny program verifier finished with 17 verified, 0 errors
3.65user 0.18system 0:02.04elapsed 187%CPU (0avgtext+0avgdata 117732maxresident)k
0inputs+0outputs (0major+30774minor)pagefaults 0swaps
mv build/lib/Checksums/Nonlinear.i.verchk-tmp build/lib/Checksums/Nonlinear.i.verchk
tools/aggregate-verchk.py verchk build/lib/Lang/NativeTypes.s.verchk tools/aggregate-verchk.py > build/lib/Lang/NativeTypes.s.verified
Traceback (most recent call last):
  File "tools/aggregate-verchk.py", line 23, in <module>
    assert(len(sys.argv)==3)
AssertionError
make: *** [Makefile:213: build/lib/Lang/NativeTypes.s.verified] Error 1
make: *** Waiting for unfinished jobs....

Dafny program verifier finished with 10 verified, 0 errors
3.52user 0.17system 0:02.24elapsed 164%CPU (0avgtext+0avgdata 116184maxresident)k
0inputs+0outputs (0major+32162minor)pagefaults 0swaps
mv build/lib/Marshalling/Maps.i.verchk-tmp build/lib/Marshalling/Maps.i.verchk

Dafny program verifier finished with 11 verified, 0 errors
4.16user 0.21system 0:02.75elapsed 159%CPU (0avgtext+0avgdata 128304maxresident)k
0inputs+0outputs (0major+37247minor)pagefaults 0swaps
mv build/lib/Lang/LinearBox.s.verchk-tmp build/lib/Lang/LinearBox.s.verchk

Dafny program verifier finished with 0 verified, 0 errors
0.87user 0.05system 0:00.98elapsed 94%CPU (0avgtext+0avgdata 75968maxresident)k
0inputs+0outputs (0major+11928minor)pagefaults 0swaps
mv build/BlockCacheSystem/AsyncSectorDiskModelTypes.i.verchk-tmp build/BlockCacheSystem/AsyncSectorDiskModelTypes.i.verchk

Dafny program verifier finished with 24 verified, 0 errors
5.00user 0.18system 0:02.54elapsed 203%CPU (0avgtext+0avgdata 125508maxresident)k
0inputs+0outputs (0major+37242minor)pagefaults 0swaps
mv build/lib/Marshalling/Math.i.verchk-tmp build/lib/Marshalling/Math.i.verchk

Dafny program verifier finished with 2 verified, 0 errors
3.46user 0.10system 0:03.26elapsed 109%CPU (0avgtext+0avgdata 95968maxresident)k
0inputs+0outputs (0major+32242minor)pagefaults 0swaps
mv build/lib/Base/SetBijectivity.i.verchk-tmp build/lib/Base/SetBijectivity.i.verchk

Dafny program verifier finished with 5 verified, 0 errors
2.27user 0.14system 0:01.89elapsed 127%CPU (0avgtext+0avgdata 108736maxresident)k
0inputs+0outputs (0major+28439minor)pagefaults 0swaps
mv build/lib/Base/DebugAccumulator.i.verchk-tmp build/lib/Base/DebugAccumulator.i.verchk
